This file contains any messages produced by compilers while
running configure, to aid debugging if configure makes a mistake.

It was created by configure, which was
generated by GNU Autoconf 2.69.  Invocation command line was

  $ /src/binutils-2.38/intl/configure --srcdir=.././intl --cache-file=./config.cache --with-gnu-as --with-gnu-ld --disable-shared --program-transform-name=s,y,y, --disable-option-checking --build=x86_64-pc-linux-gnu --host=x86_64-pc-linux-gnu --target=x86_64-pc-linux-gnu

## --------- ##
## Platform. ##
## --------- ##

hostname = 465f78cd93c0
uname -m = x86_64
uname -r = 5.4.0-100-generic
uname -s = Linux
uname -v = #113-Ubuntu SMP Thu Feb 3 18:43:29 UTC 2022

/usr/bin/uname -p = unknown
/bin/uname -X     = unknown

/bin/arch              = unknown
/usr/bin/arch -k       = unknown
/usr/convex/getsysinfo = unknown
/usr/bin/hostinfo      = unknown
/bin/machine           = unknown
/usr/bin/oslevel       = unknown
/bin/universe          = unknown

PATH: /usr/local/sbin
PATH: /usr/local/bin
PATH: /usr/sbin
PATH: /usr/bin
PATH: /sbin
PATH: /bin
PATH: /out
PATH: /root/.go/bin
PATH: /root/go/bin
PATH: /rust/bin
PATH: /usr/lib/jvm/java-15-openjdk-amd64/bin


## ----------- ##
## Core tests. ##
## ----------- ##

configure:2149: creating cache ./config.cache
configure:2236: checking for x86_64-pc-linux-gnu-gcc
configure:2263: result: /afl/afl-clang-fast
configure:2532: checking for C compiler version
configure:2541: /afl/afl-clang-fast --version >&5
clang version 12.0.0 (https://github.com/llvm/llvm-project.git 6de4865545da73687dd6d28d153cd345ed5e7918)
Target: x86_64-unknown-linux-gnu
Thread model: posix
InstalledDir: /usr/local/bin
configure:2552: $? = 0
configure:2541: /afl/afl-clang-fast -v >&5
clang version 12.0.0 (https://github.com/llvm/llvm-project.git 6de4865545da73687dd6d28d153cd345ed5e7918)
Target: x86_64-unknown-linux-gnu
Thread model: posix
InstalledDir: /usr/local/bin
Found candidate GCC installation: /usr/lib/gcc/x86_64-linux-gnu/5
Found candidate GCC installation: /usr/lib/gcc/x86_64-linux-gnu/5.4.0
Found candidate GCC installation: /usr/lib/gcc/x86_64-linux-gnu/6
Found candidate GCC installation: /usr/lib/gcc/x86_64-linux-gnu/6.0.0
Found candidate GCC installation: /usr/lib/gcc/x86_64-linux-gnu/9
Selected GCC installation: /usr/lib/gcc/x86_64-linux-gnu/9
... rest of stderr output deleted ...
configure:2552: $? = 1
configure:2541: /afl/afl-clang-fast -V >&5
clang-12: error: unsupported option '-V -ldl'
configure:2552: $? = 1
configure:2541: /afl/afl-clang-fast -qversion >&5
clang-12: error: unknown argument '-qversion'; did you mean '--version'?
configure:2552: $? = 1
configure:2572: checking whether the C compiler works
configure:2594: /afl/afl-clang-fast       conftest.c  >&5
Inst main
configure:2598: $? = 0
configure:2646: result: yes
configure:2649: checking for C compiler default output file name
configure:2651: result: a.out
configure:2657: checking for suffix of executables
configure:2664: /afl/afl-clang-fast -o conftest       conftest.c  >&5
Inst main
configure:2668: $? = 0
configure:2690: result: 
configure:2712: checking whether we are cross compiling
configure:2720: /afl/afl-clang-fast -o conftest       conftest.c  >&5
Inst main
configure:2724: $? = 0
configure:2731: ./conftest
configure:2735: $? = 0
configure:2750: result: no
configure:2755: checking for suffix of object files
configure:2777: /afl/afl-clang-fast -c     conftest.c >&5
Inst main
configure:2781: $? = 0
configure:2802: result: o
configure:2806: checking whether we are using the GNU C compiler
configure:2825: /afl/afl-clang-fast -c     conftest.c >&5
Inst main
configure:2825: $? = 0
configure:2834: result: yes
configure:2843: checking whether /afl/afl-clang-fast accepts -g
configure:2863: /afl/afl-clang-fast -c -g  conftest.c >&5
Inst main
configure:2863: $? = 0
configure: failed program was:
| /* confdefs.h */
| #define PACKAGE_NAME ""
| #define PACKAGE_TARNAME ""
| #define PACKAGE_VERSION ""
| #define PACKAGE_STRING ""
| #define PACKAGE_BUGREPORT ""
| #define PACKAGE_URL ""
| /* end confdefs.h.  */
| 
| int
| main ()
| {
| 
|   ;
|   return 0;
| }
configure:2878: /afl/afl-clang-fast -c   conftest.c >&5
Inst main
configure:2878: $? = 0
configure: failed program was:
| /* confdefs.h */
| #define PACKAGE_NAME ""
| #define PACKAGE_TARNAME ""
| #define PACKAGE_VERSION ""
| #define PACKAGE_STRING ""
| #define PACKAGE_BUGREPORT ""
| #define PACKAGE_URL ""
| /* end confdefs.h.  */
| 
| int
| main ()
| {
| 
|   ;
|   return 0;
| }
configure:2894: /afl/afl-clang-fast -c -g  conftest.c >&5
Inst main
configure:2894: $? = 0
configure:2904: result: yes
configure:2921: checking for /afl/afl-clang-fast option to accept ISO C89
configure:2984: /afl/afl-clang-fast  -c     conftest.c >&5
	argv_var_ptr
i8**	argv
Inst main
configure:2984: $? = 0
configure:2997: result: none needed
configure:3023: checking how to run the C preprocessor
configure:3054: /afl/afl-clang-fast -E  conftest.c
configure:3054: $? = 0
configure:3068: /afl/afl-clang-fast -E  conftest.c
conftest.c:9:10: fatal error: 'ac_nonexistent.h' file not found
#include <ac_nonexistent.h>
         ^~~~~~~~~~~~~~~~~~
1 error generated.
configure:3068: $? = 1
configure: failed program was:
| /* confdefs.h */
| #define PACKAGE_NAME ""
| #define PACKAGE_TARNAME ""
| #define PACKAGE_VERSION ""
| #define PACKAGE_STRING ""
| #define PACKAGE_BUGREPORT ""
| #define PACKAGE_URL ""
| /* end confdefs.h.  */
| #include <ac_nonexistent.h>
configure:3093: result: /afl/afl-clang-fast -E
configure:3113: /afl/afl-clang-fast -E  conftest.c
configure:3113: $? = 0
configure:3127: /afl/afl-clang-fast -E  conftest.c
conftest.c:9:10: fatal error: 'ac_nonexistent.h' file not found
#include <ac_nonexistent.h>
         ^~~~~~~~~~~~~~~~~~
1 error generated.
configure:3127: $? = 1
configure: failed program was:
| /* confdefs.h */
| #define PACKAGE_NAME ""
| #define PACKAGE_TARNAME ""
| #define PACKAGE_VERSION ""
| #define PACKAGE_STRING ""
| #define PACKAGE_BUGREPORT ""
| #define PACKAGE_URL ""
| /* end confdefs.h.  */
| #include <ac_nonexistent.h>
configure:3156: checking for grep that handles long lines and -e
configure:3214: result: /bin/grep
configure:3219: checking for egrep
configure:3281: result: /bin/grep -E
configure:3286: checking for ANSI C header files
configure:3306: /afl/afl-clang-fast -c     conftest.c >&5
Inst main
configure:3306: $? = 0
configure:3379: /afl/afl-clang-fast -o conftest       conftest.c  >&5
Inst main
configure:3379: $? = 0
configure:3379: ./conftest
configure:3379: $? = 0
configure:3390: result: yes
configure:3403: checking for sys/types.h
configure:3403: /afl/afl-clang-fast -c     conftest.c >&5
configure:3403: $? = 0
configure:3403: result: yes
configure:3403: checking for sys/stat.h
configure:3403: /afl/afl-clang-fast -c     conftest.c >&5
configure:3403: $? = 0
configure:3403: result: yes
configure:3403: checking for stdlib.h
configure:3403: /afl/afl-clang-fast -c     conftest.c >&5
configure:3403: $? = 0
configure:3403: result: yes
configure:3403: checking for string.h
configure:3403: /afl/afl-clang-fast -c     conftest.c >&5
configure:3403: $? = 0
configure:3403: result: yes
configure:3403: checking for memory.h
configure:3403: /afl/afl-clang-fast -c     conftest.c >&5
configure:3403: $? = 0
configure:3403: result: yes
configure:3403: checking for strings.h
configure:3403: /afl/afl-clang-fast -c     conftest.c >&5
configure:3403: $? = 0
configure:3403: result: yes
configure:3403: checking for inttypes.h
configure:3403: /afl/afl-clang-fast -c     conftest.c >&5
configure:3403: $? = 0
configure:3403: result: yes
configure:3403: checking for stdint.h
configure:3403: /afl/afl-clang-fast -c     conftest.c >&5
configure:3403: $? = 0
configure:3403: result: yes
configure:3403: checking for unistd.h
configure:3403: /afl/afl-clang-fast -c     conftest.c >&5
configure:3403: $? = 0
configure:3403: result: yes
configure:3416: checking minix/config.h usability
configure:3416: /afl/afl-clang-fast -c     conftest.c >&5
conftest.c:52:10: fatal error: 'minix/config.h' file not found
#include <minix/config.h>
         ^~~~~~~~~~~~~~~~
1 error generated.
configure:3416: $? = 1
configure: failed program was:
| /* confdefs.h */
| #define PACKAGE_NAME ""
| #define PACKAGE_TARNAME ""
| #define PACKAGE_VERSION ""
| #define PACKAGE_STRING ""
| #define PACKAGE_BUGREPORT ""
| #define PACKAGE_URL ""
| #define STDC_HEADERS 1
| #define HAVE_SYS_TYPES_H 1
| #define HAVE_SYS_STAT_H 1
| #define HAVE_STDLIB_H 1
| #define HAVE_STRING_H 1
| #define HAVE_MEMORY_H 1
| #define HAVE_STRINGS_H 1
| #define HAVE_INTTYPES_H 1
| #define HAVE_STDINT_H 1
| #define HAVE_UNISTD_H 1
| /* end confdefs.h.  */
| #include <stdio.h>
| #ifdef HAVE_SYS_TYPES_H
| # include <sys/types.h>
| #endif
| #ifdef HAVE_SYS_STAT_H
| # include <sys/stat.h>
| #endif
| #ifdef STDC_HEADERS
| # include <stdlib.h>
| # include <stddef.h>
| #else
| # ifdef HAVE_STDLIB_H
| #  include <stdlib.h>
| # endif
| #endif
| #ifdef HAVE_STRING_H
| # if !defined STDC_HEADERS && defined HAVE_MEMORY_H
| #  include <memory.h>
| # endif
| # include <string.h>
| #endif
| #ifdef HAVE_STRINGS_H
| # include <strings.h>
| #endif
| #ifdef HAVE_INTTYPES_H
| # include <inttypes.h>
| #endif
| #ifdef HAVE_STDINT_H
| # include <stdint.h>
| #endif
| #ifdef HAVE_UNISTD_H
| # include <unistd.h>
| #endif
| #include <minix/config.h>
configure:3416: result: no
configure:3416: checking minix/config.h presence
configure:3416: /afl/afl-clang-fast -E  conftest.c
conftest.c:19:10: fatal error: 'minix/config.h' file not found
#include <minix/config.h>
         ^~~~~~~~~~~~~~~~
1 error generated.
configure:3416: $? = 1
configure: failed program was:
| /* confdefs.h */
| #define PACKAGE_NAME ""
| #define PACKAGE_TARNAME ""
| #define PACKAGE_VERSION ""
| #define PACKAGE_STRING ""
| #define PACKAGE_BUGREPORT ""
| #define PACKAGE_URL ""
| #define STDC_HEADERS 1
| #define HAVE_SYS_TYPES_H 1
| #define HAVE_SYS_STAT_H 1
| #define HAVE_STDLIB_H 1
| #define HAVE_STRING_H 1
| #define HAVE_MEMORY_H 1
| #define HAVE_STRINGS_H 1
| #define HAVE_INTTYPES_H 1
| #define HAVE_STDINT_H 1
| #define HAVE_UNISTD_H 1
| /* end confdefs.h.  */
| #include <minix/config.h>
configure:3416: result: no
configure:3416: checking for minix/config.h
configure:3416: result: no
configure:3437: checking whether it is safe to define __EXTENSIONS__
configure:3455: /afl/afl-clang-fast -c     conftest.c >&5
Inst main
configure:3455: $? = 0
configure:3462: result: yes
configure:3481: checking whether make sets $(MAKE)
configure:3503: result: yes
configure:3555: checking for a BSD-compatible install
configure:3623: result: /usr/bin/install -c
configure:3648: checking whether NLS is requested
configure:3657: result: yes
configure:3695: checking for msgfmt
configure:3729: result: no
configure:3735: checking for gmsgfmt
configure:3766: result: :
configure:3806: checking for xgettext
configure:3840: result: no
configure:3877: checking for msgmerge
configure:3910: result: no
configure:3946: checking build system type
configure:3960: result: x86_64-pc-linux-gnu
configure:3980: checking host system type
configure:3993: result: x86_64-pc-linux-gnu
configure:4016: checking for x86_64-pc-linux-gnu-ranlib
configure:4043: result: ranlib 
configure:4105: checking for library containing strerror
configure:4136: /afl/afl-clang-fast -o conftest       conftest.c  >&5
conftest.c:31:6: warning: incompatible redeclaration of library function 'strerror' [-Wincompatible-library-redeclaration]
char strerror ();
     ^
conftest.c:31:6: note: 'strerror' is a builtin with type 'char *(int)'
Inst main
1 warning generated.
configure:4136: $? = 0
configure:4153: result: none required
configure:4161: checking for an ANSI C-conforming const
configure:4227: /afl/afl-clang-fast -c     conftest.c >&5
Inst main
configure:4227: $? = 0
configure:4234: result: yes
configure:4242: checking for inline
configure:4258: /afl/afl-clang-fast -c     conftest.c >&5
configure:4258: $? = 0
configure:4266: result: inline
configure:4284: checking for off_t
configure:4284: /afl/afl-clang-fast -c     conftest.c >&5
Inst main
configure:4284: $? = 0
configure:4284: /afl/afl-clang-fast -c     conftest.c >&5
conftest.c:60:20: error: expected expression
if (sizeof ((off_t)))
                   ^
1 error generated.
configure:4284: $? = 1
configure: failed program was:
| /* confdefs.h */
| #define PACKAGE_NAME ""
| #define PACKAGE_TARNAME ""
| #define PACKAGE_VERSION ""
| #define PACKAGE_STRING ""
| #define PACKAGE_BUGREPORT ""
| #define PACKAGE_URL ""
| #define STDC_HEADERS 1
| #define HAVE_SYS_TYPES_H 1
| #define HAVE_SYS_STAT_H 1
| #define HAVE_STDLIB_H 1
| #define HAVE_STRING_H 1
| #define HAVE_MEMORY_H 1
| #define HAVE_STRINGS_H 1
| #define HAVE_INTTYPES_H 1
| #define HAVE_STDINT_H 1
| #define HAVE_UNISTD_H 1
| #define __EXTENSIONS__ 1
| #define _ALL_SOURCE 1
| #define _GNU_SOURCE 1
| #define _POSIX_PTHREAD_SEMANTICS 1
| #define _TANDEM_SOURCE 1
| /* end confdefs.h.  */
| #include <stdio.h>
| #ifdef HAVE_SYS_TYPES_H
| # include <sys/types.h>
| #endif
| #ifdef HAVE_SYS_STAT_H
| # include <sys/stat.h>
| #endif
| #ifdef STDC_HEADERS
| # include <stdlib.h>
| # include <stddef.h>
| #else
| # ifdef HAVE_STDLIB_H
| #  include <stdlib.h>
| # endif
| #endif
| #ifdef HAVE_STRING_H
| # if !defined STDC_HEADERS && defined HAVE_MEMORY_H
| #  include <memory.h>
| # endif
| # include <string.h>
| #endif
| #ifdef HAVE_STRINGS_H
| # include <strings.h>
| #endif
| #ifdef HAVE_INTTYPES_H
| # include <inttypes.h>
| #endif
| #ifdef HAVE_STDINT_H
| # include <stdint.h>
| #endif
| #ifdef HAVE_UNISTD_H
| # include <unistd.h>
| #endif
| int
| main ()
| {
| if (sizeof ((off_t)))
| 	    return 0;
|   ;
|   return 0;
| }
configure:4284: result: yes
configure:4295: checking for size_t
configure:4295: /afl/afl-clang-fast -c     conftest.c >&5
Inst main
configure:4295: $? = 0
configure:4295: /afl/afl-clang-fast -c     conftest.c >&5
conftest.c:60:21: error: expected expression
if (sizeof ((size_t)))
                    ^
1 error generated.
configure:4295: $? = 1
configure: failed program was:
| /* confdefs.h */
| #define PACKAGE_NAME ""
| #define PACKAGE_TARNAME ""
| #define PACKAGE_VERSION ""
| #define PACKAGE_STRING ""
| #define PACKAGE_BUGREPORT ""
| #define PACKAGE_URL ""
| #define STDC_HEADERS 1
| #define HAVE_SYS_TYPES_H 1
| #define HAVE_SYS_STAT_H 1
| #define HAVE_STDLIB_H 1
| #define HAVE_STRING_H 1
| #define HAVE_MEMORY_H 1
| #define HAVE_STRINGS_H 1
| #define HAVE_INTTYPES_H 1
| #define HAVE_STDINT_H 1
| #define HAVE_UNISTD_H 1
| #define __EXTENSIONS__ 1
| #define _ALL_SOURCE 1
| #define _GNU_SOURCE 1
| #define _POSIX_PTHREAD_SEMANTICS 1
| #define _TANDEM_SOURCE 1
| /* end confdefs.h.  */
| #include <stdio.h>
| #ifdef HAVE_SYS_TYPES_H
| # include <sys/types.h>
| #endif
| #ifdef HAVE_SYS_STAT_H
| # include <sys/stat.h>
| #endif
| #ifdef STDC_HEADERS
| # include <stdlib.h>
| # include <stddef.h>
| #else
| # ifdef HAVE_STDLIB_H
| #  include <stdlib.h>
| # endif
| #endif
| #ifdef HAVE_STRING_H
| # if !defined STDC_HEADERS && defined HAVE_MEMORY_H
| #  include <memory.h>
| # endif
| # include <string.h>
| #endif
| #ifdef HAVE_STRINGS_H
| # include <strings.h>
| #endif
| #ifdef HAVE_INTTYPES_H
| # include <inttypes.h>
| #endif
| #ifdef HAVE_STDINT_H
| # include <stdint.h>
| #endif
| #ifdef HAVE_UNISTD_H
| # include <unistd.h>
| #endif
| int
| main ()
| {
| if (sizeof ((size_t)))
| 	    return 0;
|   ;
|   return 0;
| }
configure:4295: result: yes
configure:4308: checking for working alloca.h
configure:4325: /afl/afl-clang-fast -o conftest       conftest.c  >&5
Inst main
configure:4325: $? = 0
configure:4333: result: yes
configure:4341: checking for alloca
configure:4378: /afl/afl-clang-fast -o conftest       conftest.c  >&5
Inst main
configure:4378: $? = 0
configure:4386: result: yes
configure:4498: checking for stdlib.h
configure:4498: result: yes
configure:4498: checking for unistd.h
configure:4498: result: yes
configure:4498: checking for sys/param.h
configure:4498: /afl/afl-clang-fast -c     conftest.c >&5
configure:4498: $? = 0
configure:4498: result: yes
configure:4518: checking for getpagesize
configure:4518: /afl/afl-clang-fast -o conftest       conftest.c  >&5
Inst main
configure:4518: $? = 0
configure:4518: result: yes
configure:4527: checking for working mmap
configure:4674: /afl/afl-clang-fast -o conftest       conftest.c  >&5
Inst main
configure:4674: $? = 0
configure:4674: ./conftest
configure:4674: $? = 0
configure:4684: result: yes
configure:4694: checking whether we are using the GNU C Library 2.1 or newer
configure:4721: result: yes
configure:4729: checking whether integer division by zero raises SIGFPE
configure:4786: /afl/afl-clang-fast -o conftest       conftest.c  >&5
conftest.c:49:5: error: redefinition of 'nan' as different kind of symbol
int nan;
    ^
conftest.c:49:5: note: unguarded header; consider using #ifdef guards or #pragma once
conftest.c:49:5: note: previous definition is here
conftest.c:64:7: error: non-object type 'double (const char *)' is not assignable
  nan = y / y;
  ~~~ ^
2 errors generated.
configure:4786: $? = 1
configure: program exited with status 1
configure: failed program was:
| /* confdefs.h */
| #define PACKAGE_NAME ""
| #define PACKAGE_TARNAME ""
| #define PACKAGE_VERSION ""
| #define PACKAGE_STRING ""
| #define PACKAGE_BUGREPORT ""
| #define PACKAGE_URL ""
| #define STDC_HEADERS 1
| #define HAVE_SYS_TYPES_H 1
| #define HAVE_SYS_STAT_H 1
| #define HAVE_STDLIB_H 1
| #define HAVE_STRING_H 1
| #define HAVE_MEMORY_H 1
| #define HAVE_STRINGS_H 1
| #define HAVE_INTTYPES_H 1
| #define HAVE_STDINT_H 1
| #define HAVE_UNISTD_H 1
| #define __EXTENSIONS__ 1
| #define _ALL_SOURCE 1
| #define _GNU_SOURCE 1
| #define _POSIX_PTHREAD_SEMANTICS 1
| #define _TANDEM_SOURCE 1
| #define HAVE_ALLOCA_H 1
| #define HAVE_ALLOCA 1
| #define HAVE_STDLIB_H 1
| #define HAVE_UNISTD_H 1
| #define HAVE_SYS_PARAM_H 1
| #define HAVE_GETPAGESIZE 1
| #define HAVE_MMAP 1
| /* end confdefs.h.  */
| 
| #include <stdlib.h>
| #include <signal.h>
| 
| static void
| #ifdef __cplusplus
| sigfpe_handler (int sig)
| #else
| sigfpe_handler (sig) int sig;
| #endif
| {
|   /* Exit with code 0 if SIGFPE, with code 1 if any other signal.  */
|   exit (sig != SIGFPE);
| }
| 
| int x = 1;
| int y = 0;
| int z;
| int nan;
| 
| int main ()
| {
|   signal (SIGFPE, sigfpe_handler);
| /* IRIX and AIX (when "xlc -qcheck" is used) yield signal SIGTRAP.  */
| #if (defined (__sgi) || defined (_AIX)) && defined (SIGTRAP)
|   signal (SIGTRAP, sigfpe_handler);
| #endif
| /* Linux/SPARC yields signal SIGILL.  */
| #if defined (__sparc__) && defined (__linux__)
|   signal (SIGILL, sigfpe_handler);
| #endif
| 
|   z = x / y;
|   nan = y / y;
|   exit (1);
| }
| 
configure:4797: result: no
configure:4810: checking for inttypes.h
configure:4827: /afl/afl-clang-fast -c     conftest.c >&5
Inst main
configure:4827: $? = 0
configure:4834: result: yes
configure:4845: checking for stdint.h
configure:4862: /afl/afl-clang-fast -c     conftest.c >&5
Inst main
configure:4862: $? = 0
configure:4869: result: yes
configure:4880: checking for unsigned long long
configure:4897: /afl/afl-clang-fast -o conftest       conftest.c  >&5
	i
	ull
i32	i
i64	ull
Inst main
configure:4897: $? = 0
configure:4905: result: yes
configure:4933: checking for inttypes.h
configure:4951: /afl/afl-clang-fast -c     conftest.c >&5
Inst main
configure:4951: $? = 0
configure:4959: result: yes
configure:4972: checking whether the inttypes.h PRIxNN macros are broken
configure:4993: /afl/afl-clang-fast -c     conftest.c >&5
Inst main
configure:4993: $? = 0
configure:5001: result: no
configure:5052: checking for ld used by GCC
configure:5115: result: /usr/bin/ld
configure:5122: checking if the linker (/usr/bin/ld) is GNU ld
GNU ld (GNU Binutils for Ubuntu) 2.26.1
configure:5134: result: yes
configure:5140: checking for shared library run path origin
configure:5153: result: done
configure:5574: checking argz.h usability
configure:5574: /afl/afl-clang-fast -c     conftest.c >&5
configure:5574: $? = 0
configure:5574: result: yes
configure:5574: checking argz.h presence
configure:5574: /afl/afl-clang-fast -E  conftest.c
configure:5574: $? = 0
configure:5574: result: yes
configure:5574: checking for argz.h
configure:5574: result: yes
configure:5574: checking limits.h usability
configure:5574: /afl/afl-clang-fast -c     conftest.c >&5
configure:5574: $? = 0
configure:5574: result: yes
configure:5574: checking limits.h presence
configure:5574: /afl/afl-clang-fast -E  conftest.c
configure:5574: $? = 0
configure:5574: result: yes
configure:5574: checking for limits.h
configure:5574: result: yes
configure:5574: checking locale.h usability
configure:5574: /afl/afl-clang-fast -c     conftest.c >&5
configure:5574: $? = 0
configure:5574: result: yes
configure:5574: checking locale.h presence
configure:5574: /afl/afl-clang-fast -E  conftest.c
configure:5574: $? = 0
configure:5574: result: yes
configure:5574: checking for locale.h
configure:5574: result: yes
configure:5574: checking nl_types.h usability
configure:5574: /afl/afl-clang-fast -c     conftest.c >&5
configure:5574: $? = 0
configure:5574: result: yes
configure:5574: checking nl_types.h presence
configure:5574: /afl/afl-clang-fast -E  conftest.c
configure:5574: $? = 0
configure:5574: result: yes
configure:5574: checking for nl_types.h
configure:5574: result: yes
configure:5574: checking malloc.h usability
configure:5574: /afl/afl-clang-fast -c     conftest.c >&5
configure:5574: $? = 0
configure:5574: result: yes
configure:5574: checking malloc.h presence
configure:5574: /afl/afl-clang-fast -E  conftest.c
configure:5574: $? = 0
configure:5574: result: yes
configure:5574: checking for malloc.h
configure:5574: result: yes
configure:5574: checking stddef.h usability
configure:5574: /afl/afl-clang-fast -c     conftest.c >&5
configure:5574: $? = 0
configure:5574: result: yes
configure:5574: checking stddef.h presence
configure:5574: /afl/afl-clang-fast -E  conftest.c
configure:5574: $? = 0
configure:5574: result: yes
configure:5574: checking for stddef.h
configure:5574: result: yes
configure:5574: checking for stdlib.h
configure:5574: result: yes
configure:5574: checking for string.h
configure:5574: result: yes
configure:5574: checking for unistd.h
configure:5574: result: yes
configure:5574: checking for sys/param.h
configure:5574: result: yes
configure:5590: checking for feof_unlocked
configure:5590: /afl/afl-clang-fast -o conftest       conftest.c  >&5
Inst main
configure:5590: $? = 0
configure:5590: result: yes
configure:5590: checking for fgets_unlocked
configure:5590: /afl/afl-clang-fast -o conftest       conftest.c  >&5
Inst main
configure:5590: $? = 0
configure:5590: result: yes
configure:5590: checking for getc_unlocked
configure:5590: /afl/afl-clang-fast -o conftest       conftest.c  >&5
Inst main
configure:5590: $? = 0
configure:5590: result: yes
configure:5590: checking for getcwd
configure:5590: /afl/afl-clang-fast -o conftest       conftest.c  >&5
Inst main
configure:5590: $? = 0
configure:5590: result: yes
configure:5590: checking for getegid
configure:5590: /afl/afl-clang-fast -o conftest       conftest.c  >&5
Inst main
configure:5590: $? = 0
configure:5590: result: yes
configure:5590: checking for geteuid
configure:5590: /afl/afl-clang-fast -o conftest       conftest.c  >&5
Inst main
configure:5590: $? = 0
configure:5590: result: yes
configure:5590: checking for getgid
configure:5590: /afl/afl-clang-fast -o conftest       conftest.c  >&5
Inst main
configure:5590: $? = 0
configure:5590: result: yes
configure:5590: checking for getuid
configure:5590: /afl/afl-clang-fast -o conftest       conftest.c  >&5
Inst main
configure:5590: $? = 0
configure:5590: result: yes
configure:5590: checking for mempcpy
configure:5590: /afl/afl-clang-fast -o conftest       conftest.c  >&5
conftest.c:78:6: warning: incompatible redeclaration of library function 'mempcpy' [-Wincompatible-library-redeclaration]
char mempcpy ();
     ^
conftest.c:78:6: note: 'mempcpy' is a builtin with type 'void *(void *, const void *, unsigned long)'
Inst main
1 warning generated.
configure:5590: $? = 0
configure:5590: result: yes
configure:5590: checking for munmap
configure:5590: /afl/afl-clang-fast -o conftest       conftest.c  >&5
Inst main
configure:5590: $? = 0
configure:5590: result: yes
configure:5590: checking for putenv
configure:5590: /afl/afl-clang-fast -o conftest       conftest.c  >&5
Inst main
configure:5590: $? = 0
configure:5590: result: yes
configure:5590: checking for setenv
configure:5590: /afl/afl-clang-fast -o conftest       conftest.c  >&5
Inst main
configure:5590: $? = 0
configure:5590: result: yes
configure:5590: checking for setlocale
configure:5590: /afl/afl-clang-fast -o conftest       conftest.c  >&5
Inst main
configure:5590: $? = 0
configure:5590: result: yes
configure:5590: checking for stpcpy
configure:5590: /afl/afl-clang-fast -o conftest       conftest.c  >&5
conftest.c:83:6: warning: incompatible redeclaration of library function 'stpcpy' [-Wincompatible-library-redeclaration]
char stpcpy ();
     ^
conftest.c:83:6: note: 'stpcpy' is a builtin with type 'char *(char *, const char *)'
Inst main
1 warning generated.
configure:5590: $? = 0
configure:5590: result: yes
configure:5590: checking for strcasecmp
configure:5590: /afl/afl-clang-fast -o conftest       conftest.c  >&5
conftest.c:84:6: warning: incompatible redeclaration of library function 'strcasecmp' [-Wincompatible-library-redeclaration]
char strcasecmp ();
     ^
conftest.c:84:6: note: 'strcasecmp' is a builtin with type 'int (const char *, const char *)'
Inst main
1 warning generated.
configure:5590: $? = 0
configure:5590: result: yes
configure:5590: checking for strdup
configure:5590: /afl/afl-clang-fast -o conftest       conftest.c  >&5
conftest.c:85:6: warning: incompatible redeclaration of library function 'strdup' [-Wincompatible-library-redeclaration]
char strdup ();
     ^
conftest.c:85:6: note: 'strdup' is a builtin with type 'char *(const char *)'
Inst main
1 warning generated.
configure:5590: $? = 0
configure:5590: result: yes
configure:5590: checking for strtoul
configure:5590: /afl/afl-clang-fast -o conftest       conftest.c  >&5
conftest.c:86:6: warning: incompatible redeclaration of library function 'strtoul' [-Wincompatible-library-redeclaration]
char strtoul ();
     ^
conftest.c:86:6: note: 'strtoul' is a builtin with type 'unsigned long (const char *, char **, int)'
Inst main
1 warning generated.
configure:5590: $? = 0
configure:5590: result: yes
configure:5590: checking for tsearch
configure:5590: /afl/afl-clang-fast -o conftest       conftest.c  >&5
Inst main
configure:5590: $? = 0
configure:5590: result: yes
configure:5590: checking for __argz_count
configure:5590: /afl/afl-clang-fast -o conftest       conftest.c  >&5
Inst main
configure:5590: $? = 0
configure:5590: result: yes
configure:5590: checking for __argz_stringify
configure:5590: /afl/afl-clang-fast -o conftest       conftest.c  >&5
Inst main
configure:5590: $? = 0
configure:5590: result: yes
configure:5590: checking for __argz_next
configure:5590: /afl/afl-clang-fast -o conftest       conftest.c  >&5
Inst main
configure:5590: $? = 0
configure:5590: result: yes
configure:5590: checking for __fsetlocking
configure:5590: /afl/afl-clang-fast -o conftest       conftest.c  >&5
Inst main
configure:5590: $? = 0
configure:5590: result: yes
configure:5605: checking for iconv
configure:5629: /afl/afl-clang-fast -o conftest        conftest.c  >&5
Inst main
configure:5629: $? = 0
configure:5703: result: yes
configure:5746: checking for iconv declaration
configure:5775: /afl/afl-clang-fast -c     conftest.c >&5
Inst main
configure:5775: $? = 0
configure:5786: result: 
         extern size_t iconv (iconv_t cd, char * *inbuf, size_t *inbytesleft, char * *outbuf, size_t *outbytesleft);
configure:5797: checking for nl_langinfo and CODESET
configure:5813: /afl/afl-clang-fast -o conftest       conftest.c  >&5
Inst main
configure:5813: $? = 0
configure:5822: result: yes
configure:5832: checking for LC_MESSAGES
configure:5848: /afl/afl-clang-fast -o conftest       conftest.c  >&5
Inst main
configure:5848: $? = 0
configure:5856: result: yes
configure:5870: checking for bison
configure:5900: result: no
configure:5942: checking whether NLS is requested
configure:5951: result: yes
configure:5967: checking whether included gettext is requested
configure:5977: result: no
configure:5988: checking for GNU gettext in libc
configure:6013: /afl/afl-clang-fast -o conftest       conftest.c  >&5
conftest.c:86:8: warning: cast to smaller integer type 'int' from 'char *' [-Wpointer-to-int-cast]
return (int) gettext ("") + (int) ngettext ("", "", 0) + __GNU_GETTEXT_SYMBOL_EXPRESSION
       ^~~~~~~~~~~~~~~~~~
conftest.c:86:29: warning: cast to smaller integer type 'int' from 'char *' [-Wpointer-to-int-cast]
return (int) gettext ("") + (int) ngettext ("", "", 0) + __GNU_GETTEXT_SYMBOL_EXPRESSION
                            ^~~~~~~~~~~~~~~~~~~~~~~~~~
Inst main
2 warnings generated.
configure:6013: $? = 0
configure:6021: result: yes
configure:6542: checking whether to use NLS
configure:6544: result: yes
configure:6547: checking where the gettext function comes from
configure:6558: result: libc
configure:6672: checking for aclocal
configure:6688: found /usr/bin/aclocal
configure:6699: result: aclocal
configure:6715: checking for autoconf
configure:6731: found /usr/bin/autoconf
configure:6742: result: autoconf
configure:6758: checking for autoheader
configure:6774: found /usr/bin/autoheader
configure:6785: result: autoheader
configure:6998: updating cache ./config.cache
configure:7047: creating ./config.status

## ---------------------- ##
## Running config.status. ##
## ---------------------- ##

This file was extended by config.status, which was
generated by GNU Autoconf 2.69.  Invocation command line was

  CONFIG_FILES    = 
  CONFIG_HEADERS  = 
  CONFIG_LINKS    = 
  CONFIG_COMMANDS = 
  $ ./config.status 

on 465f78cd93c0

config.status:926: creating Makefile
config.status:926: creating config.intl
config.status:926: creating config.h
config.status:1101: config.h is unchanged
config.status:1115: executing default-1 commands

## ---------------- ##
## Cache variables. ##
## ---------------- ##

ac_cv_build=x86_64-pc-linux-gnu
ac_cv_c_compiler_gnu=yes
ac_cv_c_const=yes
ac_cv_c_inline=inline
ac_cv_env_CC_set=set
ac_cv_env_CC_value=/afl/afl-clang-fast
ac_cv_env_CFLAGS_set=set
ac_cv_env_CFLAGS_value='  '
ac_cv_env_CPPFLAGS_set=
ac_cv_env_CPPFLAGS_value=
ac_cv_env_CPP_set=
ac_cv_env_CPP_value=
ac_cv_env_LDFLAGS_set=set
ac_cv_env_LDFLAGS_value=' '
ac_cv_env_LIBS_set=
ac_cv_env_LIBS_value=
ac_cv_env_build_alias_set=set
ac_cv_env_build_alias_value=x86_64-pc-linux-gnu
ac_cv_env_host_alias_set=set
ac_cv_env_host_alias_value=x86_64-pc-linux-gnu
ac_cv_env_target_alias_set=set
ac_cv_env_target_alias_value=x86_64-pc-linux-gnu
ac_cv_func___argz_count=yes
ac_cv_func___argz_next=yes
ac_cv_func___argz_stringify=yes
ac_cv_func___fsetlocking=yes
ac_cv_func_alloca_works=yes
ac_cv_func_feof_unlocked=yes
ac_cv_func_fgets_unlocked=yes
ac_cv_func_getc_unlocked=yes
ac_cv_func_getcwd=yes
ac_cv_func_getegid=yes
ac_cv_func_geteuid=yes
ac_cv_func_getgid=yes
ac_cv_func_getpagesize=yes
ac_cv_func_getuid=yes
ac_cv_func_mempcpy=yes
ac_cv_func_mmap_fixed_mapped=yes
ac_cv_func_munmap=yes
ac_cv_func_putenv=yes
ac_cv_func_setenv=yes
ac_cv_func_setlocale=yes
ac_cv_func_stpcpy=yes
ac_cv_func_strcasecmp=yes
ac_cv_func_strdup=yes
ac_cv_func_strtoul=yes
ac_cv_func_tsearch=yes
ac_cv_gnu_library_2_1=yes
ac_cv_header_argz_h=yes
ac_cv_header_inttypes_h=yes
ac_cv_header_limits_h=yes
ac_cv_header_locale_h=yes
ac_cv_header_malloc_h=yes
ac_cv_header_memory_h=yes
ac_cv_header_minix_config_h=no
ac_cv_header_nl_types_h=yes
ac_cv_header_stdc=yes
ac_cv_header_stddef_h=yes
ac_cv_header_stdint_h=yes
ac_cv_header_stdlib_h=yes
ac_cv_header_string_h=yes
ac_cv_header_strings_h=yes
ac_cv_header_sys_param_h=yes
ac_cv_header_sys_stat_h=yes
ac_cv_header_sys_types_h=yes
ac_cv_header_unistd_h=yes
ac_cv_host=x86_64-pc-linux-gnu
ac_cv_objext=o
ac_cv_path_EGREP='/bin/grep -E'
ac_cv_path_GMSGFMT=:
ac_cv_path_GREP=/bin/grep
ac_cv_path_MSGFMT=:
ac_cv_path_MSGMERGE=:
ac_cv_path_XGETTEXT=:
ac_cv_prog_ACLOCAL=aclocal
ac_cv_prog_AUTOCONF=autoconf
ac_cv_prog_AUTOHEADER=autoheader
ac_cv_prog_CC=/afl/afl-clang-fast
ac_cv_prog_CPP='/afl/afl-clang-fast -E'
ac_cv_prog_RANLIB='ranlib '
ac_cv_prog_cc_c89=
ac_cv_prog_cc_g=yes
ac_cv_prog_make_make_set=yes
ac_cv_safe_to_define___extensions__=yes
ac_cv_search_strerror='none required'
ac_cv_type_off_t=yes
ac_cv_type_size_t=yes
ac_cv_type_unsigned_long_long=yes
ac_cv_working_alloca_h=yes
acl_cv_hardcode_direct=no
acl_cv_hardcode_libdir_flag_spec='${wl}-rpath ${wl}$libdir'
acl_cv_hardcode_libdir_separator=
acl_cv_hardcode_minus_L=no
acl_cv_libext=a
acl_cv_path_LD=/usr/bin/ld
acl_cv_prog_gnu_ld=yes
acl_cv_rpath=done
acl_cv_shlibext=so
acl_cv_wl=-Wl,
am_cv_func_iconv=yes
am_cv_langinfo_codeset=yes
am_cv_lib_iconv=no
am_cv_proto_iconv='extern size_t iconv (iconv_t cd, char * *inbuf, size_t *inbytesleft, char * *outbuf, size_t *outbytesleft);'
am_cv_proto_iconv_arg1=
am_cv_val_LC_MESSAGES=yes
gt_cv_func_gnugettext2_libc=yes
gt_cv_header_inttypes_h=yes
gt_cv_int_divbyzero_sigfpe=no
gt_cv_inttypes_pri_broken=no
jm_ac_cv_header_inttypes_h=yes
jm_ac_cv_header_stdint_h=yes
nls_cv_force_use_gnu_gettext=no
nls_cv_header_intl=
nls_cv_header_libgt=
nls_cv_use_gnu_gettext=no

## ----------------- ##
## Output variables. ##
## ----------------- ##

ACLOCAL='aclocal'
ALLOCA=''
AUTOCONF='autoconf'
AUTOHEADER='autoheader'
BISON3_NO=''
BISON3_YES='#'
BUILD_INCLUDED_LIBINTL='no'
CATOBJEXT='.gmo'
CC='/afl/afl-clang-fast'
CFLAGS='  '
CPP='/afl/afl-clang-fast -E'
CPPFLAGS=''
DATADIRNAME='share'
DEFS='-DHAVE_CONFIG_H'
ECHO_C=''
ECHO_N='-n'
ECHO_T=''
EGREP='/bin/grep -E'
EXEEXT=''
GENCAT='gencat'
GLIBC21='yes'
GMSGFMT=':'
GREP='/bin/grep'
INCINTL=''
INSTALL_DATA='/usr/bin/install -c -m 644'
INSTALL_PROGRAM='/usr/bin/install -c'
INSTALL_SCRIPT='/usr/bin/install -c'
INSTOBJEXT='.mo'
INTLBISON=':'
INTLLIBS=''
INTLOBJS=''
INTL_LIBTOOL_SUFFIX_PREFIX=''
LDFLAGS=' '
LIBICONV=''
LIBINTL=''
LIBINTL_DEP=''
LIBOBJS=''
LIBS=''
LTLIBICONV=''
LTLIBINTL=''
LTLIBOBJS=''
MAINT='#'
MKINSTALLDIRS='$(top_builddir)/./../mkinstalldirs'
MSGFMT=':'
MSGMERGE=':'
OBJEXT='o'
PACKAGE_BUGREPORT=''
PACKAGE_NAME=''
PACKAGE_STRING=''
PACKAGE_TARNAME=''
PACKAGE_URL=''
PACKAGE_VERSION=''
PATH_SEPARATOR=':'
PICFLAG='-fpic'
POSUB='po'
RANLIB='ranlib '
SET_MAKE=''
SHELL='/bin/bash'
USE_INCLUDED_LIBINTL='no'
USE_NLS='yes'
XGETTEXT=':'
ac_ct_CC=''
bindir='${exec_prefix}/bin'
build='x86_64-pc-linux-gnu'
build_alias='x86_64-pc-linux-gnu'
build_cpu='x86_64'
build_os='linux-gnu'
build_vendor='pc'
datadir='${datarootdir}'
datarootdir='${prefix}/share'
docdir='${datarootdir}/doc/${PACKAGE}'
dvidir='${docdir}'
exec_prefix='${prefix}'
host='x86_64-pc-linux-gnu'
host_alias='x86_64-pc-linux-gnu'
host_cpu='x86_64'
host_os='linux-gnu'
host_vendor='pc'
htmldir='${docdir}'
includedir='${prefix}/include'
infodir='${datarootdir}/info'
libdir='${exec_prefix}/lib'
libexecdir='${exec_prefix}/libexec'
localedir='${datarootdir}/locale'
localstatedir='${prefix}/var'
mandir='${datarootdir}/man'
oldincludedir='/usr/include'
pdfdir='${docdir}'
prefix='/usr/local'
program_transform_name='s,y,y,'
psdir='${docdir}'
runstatedir='${localstatedir}/run'
sbindir='${exec_prefix}/sbin'
sharedstatedir='${prefix}/com'
sysconfdir='${prefix}/etc'
target_alias='x86_64-pc-linux-gnu'

## ----------- ##
## confdefs.h. ##
## ----------- ##

/* confdefs.h */
#define PACKAGE_NAME ""
#define PACKAGE_TARNAME ""
#define PACKAGE_VERSION ""
#define PACKAGE_STRING ""
#define PACKAGE_BUGREPORT ""
#define PACKAGE_URL ""
#define STDC_HEADERS 1
#define HAVE_SYS_TYPES_H 1
#define HAVE_SYS_STAT_H 1
#define HAVE_STDLIB_H 1
#define HAVE_STRING_H 1
#define HAVE_MEMORY_H 1
#define HAVE_STRINGS_H 1
#define HAVE_INTTYPES_H 1
#define HAVE_STDINT_H 1
#define HAVE_UNISTD_H 1
#define __EXTENSIONS__ 1
#define _ALL_SOURCE 1
#define _GNU_SOURCE 1
#define _POSIX_PTHREAD_SEMANTICS 1
#define _TANDEM_SOURCE 1
#define HAVE_ALLOCA_H 1
#define HAVE_ALLOCA 1
#define HAVE_STDLIB_H 1
#define HAVE_UNISTD_H 1
#define HAVE_SYS_PARAM_H 1
#define HAVE_GETPAGESIZE 1
#define HAVE_MMAP 1
#define INTDIV0_RAISES_SIGFPE 0
#define HAVE_INTTYPES_H_WITH_UINTMAX 1
#define HAVE_STDINT_H_WITH_UINTMAX 1
#define HAVE_UNSIGNED_LONG_LONG 1
#define HAVE_UINTMAX_T 1
#define HAVE_INTTYPES_H 1
#define HAVE_ARGZ_H 1
#define HAVE_LIMITS_H 1
#define HAVE_LOCALE_H 1
#define HAVE_NL_TYPES_H 1
#define HAVE_MALLOC_H 1
#define HAVE_STDDEF_H 1
#define HAVE_STDLIB_H 1
#define HAVE_STRING_H 1
#define HAVE_UNISTD_H 1
#define HAVE_SYS_PARAM_H 1
#define HAVE_FEOF_UNLOCKED 1
#define HAVE_FGETS_UNLOCKED 1
#define HAVE_GETC_UNLOCKED 1
#define HAVE_GETCWD 1
#define HAVE_GETEGID 1
#define HAVE_GETEUID 1
#define HAVE_GETGID 1
#define HAVE_GETUID 1
#define HAVE_MEMPCPY 1
#define HAVE_MUNMAP 1
#define HAVE_PUTENV 1
#define HAVE_SETENV 1
#define HAVE_SETLOCALE 1
#define HAVE_STPCPY 1
#define HAVE_STRCASECMP 1
#define HAVE_STRDUP 1
#define HAVE_STRTOUL 1
#define HAVE_TSEARCH 1
#define HAVE___ARGZ_COUNT 1
#define HAVE___ARGZ_STRINGIFY 1
#define HAVE___ARGZ_NEXT 1
#define HAVE___FSETLOCKING 1
#define HAVE_ICONV 1
#define ICONV_CONST 
#define HAVE_LANGINFO_CODESET 1
#define HAVE_LC_MESSAGES 1
#define ENABLE_NLS 1
#define HAVE_GETTEXT 1
#define HAVE_DCGETTEXT 1
#define IN_LIBINTL 1
#define IN_LIBRARY 1
#define DEPENDS_ON_LIBICONV 1
#define ENABLE_RELOCATABLE 1
#define NO_XMALLOC 1
#define set_relocation_prefix libintl_set_relocation_prefix
#define relocate libintl_relocate

configure: exit 0
