This file contains any messages produced by compilers while
running configure, to aid debugging if configure makes a mistake.

It was created by etc configure 0, which was
generated by GNU Autoconf 2.69.  Invocation command line was

  $ /src/binutils-2.38/etc/configure --srcdir=.././etc --cache-file=./config.cache --with-gnu-as --with-gnu-ld --disable-shared --program-transform-name=s,y,y, --disable-option-checking --build=x86_64-pc-linux-gnu --host=x86_64-pc-linux-gnu --target=x86_64-pc-linux-gnu

## --------- ##
## Platform. ##
## --------- ##

hostname = 465f78cd93c0
uname -m = x86_64
uname -r = 5.4.0-100-generic
uname -s = Linux
uname -v = #113-Ubuntu SMP Thu Feb 3 18:43:29 UTC 2022

/usr/bin/uname -p = unknown
/bin/uname -X     = unknown

/bin/arch              = unknown
/usr/bin/arch -k       = unknown
/usr/convex/getsysinfo = unknown
/usr/bin/hostinfo      = unknown
/bin/machine           = unknown
/usr/bin/oslevel       = unknown
/bin/universe          = unknown

PATH: /usr/local/sbin
PATH: /usr/local/bin
PATH: /usr/sbin
PATH: /usr/bin
PATH: /sbin
PATH: /bin
PATH: /out
PATH: /root/.go/bin
PATH: /root/go/bin
PATH: /rust/bin
PATH: /usr/lib/jvm/java-15-openjdk-amd64/bin


## ----------- ##
## Core tests. ##
## ----------- ##

configure:1638: creating cache ./config.cache
configure:1716: checking whether to enable maintainer-specific portions of Makefiles
configure:1725: result: no
configure:1783: checking for a BSD-compatible install
configure:1851: result: /usr/bin/install -c
configure:1862: checking whether build environment is sane
configure:1917: result: yes
configure:2068: checking for a thread-safe mkdir -p
configure:2107: result: /bin/mkdir -p
configure:2114: checking for gawk
configure:2141: result: mawk
configure:2152: checking whether make sets $(MAKE)
configure:2174: result: yes
configure:2203: checking whether make supports nested variables
configure:2220: result: yes
configure:2357: checking whether make supports nested variables
configure:2374: result: yes
configure:2453: updating cache ./config.cache
configure:2537: checking that generated files are newer than configure
configure:2543: result: done
configure:2551: creating ./config.status

## ---------------------- ##
## Running config.status. ##
## ---------------------- ##

This file was extended by etc config.status 0, which was
generated by GNU Autoconf 2.69.  Invocation command line was

  CONFIG_FILES    = 
  CONFIG_HEADERS  = 
  CONFIG_LINKS    = 
  CONFIG_COMMANDS = 
  $ ./config.status 

on 465f78cd93c0

config.status:745: creating Makefile

## ---------------- ##
## Cache variables. ##
## ---------------- ##

ac_cv_env_build_alias_set=set
ac_cv_env_build_alias_value=x86_64-pc-linux-gnu
ac_cv_env_host_alias_set=set
ac_cv_env_host_alias_value=x86_64-pc-linux-gnu
ac_cv_env_target_alias_set=set
ac_cv_env_target_alias_value=x86_64-pc-linux-gnu
ac_cv_path_mkdir=/bin/mkdir
ac_cv_prog_AWK=mawk
ac_cv_prog_make_make_set=yes
am_cv_make_support_nested_variables=yes

## ----------------- ##
## Output variables. ##
## ----------------- ##

ACLOCAL='${SHELL} /src/binutils-2.38/missing aclocal-1.15'
AMTAR='$${TAR-tar}'
AM_BACKSLASH='\'
AM_DEFAULT_V='$(AM_DEFAULT_VERBOSITY)'
AM_DEFAULT_VERBOSITY='0'
AM_V='$(V)'
AUTOCONF='${SHELL} /src/binutils-2.38/missing autoconf'
AUTOHEADER='${SHELL} /src/binutils-2.38/missing autoheader'
AUTOMAKE='${SHELL} /src/binutils-2.38/missing automake-1.15'
AWK='mawk'
CYGPATH_W='echo'
DEFS='-DPACKAGE_NAME=\"etc\" -DPACKAGE_TARNAME=\"etc\" -DPACKAGE_VERSION=\"0\" -DPACKAGE_STRING=\"etc\ 0\" -DPACKAGE_BUGREPORT=\"\" -DPACKAGE_URL=\"\" -DPACKAGE=\"etc\" -DVERSION=\"0\"'
ECHO_C=''
ECHO_N='-n'
ECHO_T=''
INSTALL_DATA='/usr/bin/install -c -m 644'
INSTALL_PROGRAM='/usr/bin/install -c'
INSTALL_SCRIPT='/usr/bin/install -c'
INSTALL_STRIP_PROGRAM='$(install_sh) -c -s'
LIBOBJS=''
LIBS=''
LTLIBOBJS=''
MAINT='#'
MAINTAINER_MODE_FALSE=''
MAINTAINER_MODE_TRUE='#'
MAKEINFO='/src/binutils-2.38/missing makeinfo --split-size=5000000'
MKDIR_P='/bin/mkdir -p'
PACKAGE='etc'
PACKAGE_BUGREPORT=''
PACKAGE_NAME='etc'
PACKAGE_STRING='etc 0'
PACKAGE_TARNAME='etc'
PACKAGE_URL=''
PACKAGE_VERSION='0'
PATH_SEPARATOR=':'
SET_MAKE=''
SHELL='/bin/bash'
STRIP=''
VERSION='0'
am__isrc=''
am__leading_dot='.'
am__tar='$${TAR-tar} chof - "$$tardir"'
am__untar='$${TAR-tar} xf -'
bindir='${exec_prefix}/bin'
build_alias='x86_64-pc-linux-gnu'
datadir='${datarootdir}'
datarootdir='${prefix}/share'
docdir='${datarootdir}/doc/${PACKAGE_TARNAME}'
dvidir='${docdir}'
exec_prefix='${prefix}'
host_alias='x86_64-pc-linux-gnu'
htmldir='${docdir}'
includedir='${prefix}/include'
infodir='${datarootdir}/info'
install_sh='${SHELL} /src/binutils-2.38/install-sh'
libdir='${exec_prefix}/lib'
libexecdir='${exec_prefix}/libexec'
localedir='${datarootdir}/locale'
localstatedir='${prefix}/var'
mandir='${datarootdir}/man'
mkdir_p='$(MKDIR_P)'
oldincludedir='/usr/include'
pdfdir='${docdir}'
prefix='/usr/local'
program_transform_name='s,y,y,'
psdir='${docdir}'
sbindir='${exec_prefix}/sbin'
sharedstatedir='${prefix}/com'
sysconfdir='${prefix}/etc'
target_alias='x86_64-pc-linux-gnu'

## ----------- ##
## confdefs.h. ##
## ----------- ##

/* confdefs.h */
#define PACKAGE_NAME "etc"
#define PACKAGE_TARNAME "etc"
#define PACKAGE_VERSION "0"
#define PACKAGE_STRING "etc 0"
#define PACKAGE_BUGREPORT ""
#define PACKAGE_URL ""
#define PACKAGE "etc"
#define VERSION "0"

configure: exit 0
