This file contains any messages produced by compilers while
running configure, to aid debugging if configure makes a mistake.

It was created by ld configure 2.38, which was
generated by GNU Autoconf 2.69.  Invocation command line was

  $ /src/binutils-2.38/ld/configure --srcdir=.././ld --cache-file=./config.cache --with-gnu-as --with-gnu-ld --disable-shared --program-transform-name=s,y,y, --disable-option-checking --build=x86_64-pc-linux-gnu --host=x86_64-pc-linux-gnu --target=x86_64-pc-linux-gnu

## --------- ##
## Platform. ##
## --------- ##

hostname = 465f78cd93c0
uname -m = x86_64
uname -r = 5.4.0-100-generic
uname -s = Linux
uname -v = #113-Ubuntu SMP Thu Feb 3 18:43:29 UTC 2022

/usr/bin/uname -p = unknown
/bin/uname -X     = unknown

/bin/arch              = unknown
/usr/bin/arch -k       = unknown
/usr/convex/getsysinfo = unknown
/usr/bin/hostinfo      = unknown
/bin/machine           = unknown
/usr/bin/oslevel       = unknown
/bin/universe          = unknown

PATH: /usr/local/sbin
PATH: /usr/local/bin
PATH: /usr/sbin
PATH: /usr/bin
PATH: /sbin
PATH: /bin
PATH: /out
PATH: /root/.go/bin
PATH: /root/go/bin
PATH: /rust/bin
PATH: /usr/lib/jvm/java-15-openjdk-amd64/bin


## ----------- ##
## Core tests. ##
## ----------- ##

configure:2609: creating cache ./config.cache
configure:2723: checking build system type
configure:2737: result: x86_64-pc-linux-gnu
configure:2757: checking host system type
configure:2770: result: x86_64-pc-linux-gnu
configure:2790: checking target system type
configure:2803: result: x86_64-pc-linux-gnu
configure:2847: checking for a BSD-compatible install
configure:2915: result: /usr/bin/install -c
configure:2926: checking whether build environment is sane
configure:2981: result: yes
configure:3132: checking for a thread-safe mkdir -p
configure:3171: result: /bin/mkdir -p
configure:3178: checking for gawk
configure:3205: result: mawk
configure:3216: checking whether make sets $(MAKE)
configure:3238: result: yes
configure:3267: checking whether make supports nested variables
configure:3284: result: yes
configure:3421: checking whether make supports nested variables
configure:3438: result: yes
configure:3450: checking whether to enable maintainer-specific portions of Makefiles
configure:3459: result: no
configure:3481: checking for x86_64-pc-linux-gnu-gcc
configure:3508: result: /afl/afl-clang-fast
configure:3777: checking for C compiler version
configure:3786: /afl/afl-clang-fast --version >&5
clang version 12.0.0 (https://github.com/llvm/llvm-project.git 6de4865545da73687dd6d28d153cd345ed5e7918)
Target: x86_64-unknown-linux-gnu
Thread model: posix
InstalledDir: /usr/local/bin
configure:3797: $? = 0
configure:3786: /afl/afl-clang-fast -v >&5
clang version 12.0.0 (https://github.com/llvm/llvm-project.git 6de4865545da73687dd6d28d153cd345ed5e7918)
Target: x86_64-unknown-linux-gnu
Thread model: posix
InstalledDir: /usr/local/bin
Found candidate GCC installation: /usr/lib/gcc/x86_64-linux-gnu/5
Found candidate GCC installation: /usr/lib/gcc/x86_64-linux-gnu/5.4.0
Found candidate GCC installation: /usr/lib/gcc/x86_64-linux-gnu/6
Found candidate GCC installation: /usr/lib/gcc/x86_64-linux-gnu/6.0.0
Found candidate GCC installation: /usr/lib/gcc/x86_64-linux-gnu/9
Selected GCC installation: /usr/lib/gcc/x86_64-linux-gnu/9
... rest of stderr output deleted ...
configure:3797: $? = 1
configure:3786: /afl/afl-clang-fast -V >&5
clang-12: error: unsupported option '-V -ldl'
configure:3797: $? = 1
configure:3786: /afl/afl-clang-fast -qversion >&5
clang-12: error: unknown argument '-qversion'; did you mean '--version'?
configure:3797: $? = 1
configure:3817: checking whether the C compiler works
configure:3839: /afl/afl-clang-fast       conftest.c  >&5
Inst main
configure:3843: $? = 0
configure:3891: result: yes
configure:3894: checking for C compiler default output file name
configure:3896: result: a.out
configure:3902: checking for suffix of executables
configure:3909: /afl/afl-clang-fast -o conftest       conftest.c  >&5
Inst main
configure:3913: $? = 0
configure:3935: result: 
configure:3957: checking whether we are cross compiling
configure:3965: /afl/afl-clang-fast -o conftest       conftest.c  >&5
Inst main
configure:3969: $? = 0
configure:3976: ./conftest
configure:3980: $? = 0
configure:3995: result: no
configure:4000: checking for suffix of object files
configure:4022: /afl/afl-clang-fast -c     conftest.c >&5
Inst main
configure:4026: $? = 0
configure:4047: result: o
configure:4051: checking whether we are using the GNU C compiler
configure:4070: /afl/afl-clang-fast -c     conftest.c >&5
Inst main
configure:4070: $? = 0
configure:4079: result: yes
configure:4088: checking whether /afl/afl-clang-fast accepts -g
configure:4108: /afl/afl-clang-fast -c -g  conftest.c >&5
Inst main
configure:4108: $? = 0
configure: failed program was:
| /* confdefs.h */
| #define PACKAGE_NAME "ld"
| #define PACKAGE_TARNAME "ld"
| #define PACKAGE_VERSION "2.38"
| #define PACKAGE_STRING "ld 2.38"
| #define PACKAGE_BUGREPORT ""
| #define PACKAGE_URL ""
| #define PACKAGE "ld"
| #define VERSION "2.38"
| /* end confdefs.h.  */
| 
| int
| main ()
| {
| 
|   ;
|   return 0;
| }
configure:4123: /afl/afl-clang-fast -c   conftest.c >&5
Inst main
configure:4123: $? = 0
configure: failed program was:
| /* confdefs.h */
| #define PACKAGE_NAME "ld"
| #define PACKAGE_TARNAME "ld"
| #define PACKAGE_VERSION "2.38"
| #define PACKAGE_STRING "ld 2.38"
| #define PACKAGE_BUGREPORT ""
| #define PACKAGE_URL ""
| #define PACKAGE "ld"
| #define VERSION "2.38"
| /* end confdefs.h.  */
| 
| int
| main ()
| {
| 
|   ;
|   return 0;
| }
configure:4139: /afl/afl-clang-fast -c -g  conftest.c >&5
Inst main
configure:4139: $? = 0
configure:4149: result: yes
configure:4166: checking for /afl/afl-clang-fast option to accept ISO C89
configure:4229: /afl/afl-clang-fast  -c     conftest.c >&5
Inst main
configure:4229: $? = 0
configure:4242: result: none needed
configure:4267: checking whether /afl/afl-clang-fast understands -c and -o together
configure:4289: /afl/afl-clang-fast -c conftest.c -o conftest2.o
Inst main
configure:4292: $? = 0
configure:4289: /afl/afl-clang-fast -c conftest.c -o conftest2.o
Inst main
configure:4292: $? = 0
configure:4304: result: yes
configure:4332: checking for style of include used by make
configure:4360: result: GNU
configure:4386: checking dependency style of /afl/afl-clang-fast
configure:4497: result: gcc3
configure:4624: checking for C++ compiler version
configure:4633: clang++ --version >&5
clang version 12.0.0 (https://github.com/llvm/llvm-project.git 6de4865545da73687dd6d28d153cd345ed5e7918)
Target: x86_64-unknown-linux-gnu
Thread model: posix
InstalledDir: /usr/local/bin
configure:4644: $? = 0
configure:4633: clang++ -v >&5
clang version 12.0.0 (https://github.com/llvm/llvm-project.git 6de4865545da73687dd6d28d153cd345ed5e7918)
Target: x86_64-unknown-linux-gnu
Thread model: posix
InstalledDir: /usr/local/bin
Found candidate GCC installation: /usr/lib/gcc/x86_64-linux-gnu/5
Found candidate GCC installation: /usr/lib/gcc/x86_64-linux-gnu/5.4.0
Found candidate GCC installation: /usr/lib/gcc/x86_64-linux-gnu/6
Found candidate GCC installation: /usr/lib/gcc/x86_64-linux-gnu/6.0.0
Found candidate GCC installation: /usr/lib/gcc/x86_64-linux-gnu/9
Selected GCC installation: /usr/lib/gcc/x86_64-linux-gnu/9
... rest of stderr output deleted ...
configure:4644: $? = 0
configure:4633: clang++ -V >&5
clang-12: error: argument to '-V' is missing (expected 1 value)
clang-12: error: no input files
configure:4644: $? = 1
configure:4633: clang++ -qversion >&5
clang-12: error: unknown argument '-qversion'; did you mean '--version'?
clang-12: error: no input files
configure:4644: $? = 1
configure:4648: checking whether we are using the GNU C++ compiler
configure:4667: clang++ -c -O1 -fno-omit-frame-pointer -gline-tables-only -DFUZZING_BUILD_MODE_UNSAFE_FOR_PRODUCTION -stdlib=libc++      conftest.cpp >&5
configure:4667: $? = 0
configure:4676: result: yes
configure:4685: checking whether clang++ accepts -g
configure:4705: clang++ -c -g  conftest.cpp >&5
configure:4705: $? = 0
configure:4746: result: yes
configure:4771: checking dependency style of clang++
configure:4882: result: gcc3
configure:4897: checking for grep that handles long lines and -e
configure:4955: result: /bin/grep
configure:4966: checking how to run the C preprocessor
configure:4997: /afl/afl-clang-fast -E  conftest.c
configure:4997: $? = 0
configure:5011: /afl/afl-clang-fast -E  conftest.c
conftest.c:11:10: fatal error: 'ac_nonexistent.h' file not found
#include <ac_nonexistent.h>
         ^~~~~~~~~~~~~~~~~~
1 error generated.
configure:5011: $? = 1
configure: failed program was:
| /* confdefs.h */
| #define PACKAGE_NAME "ld"
| #define PACKAGE_TARNAME "ld"
| #define PACKAGE_VERSION "2.38"
| #define PACKAGE_STRING "ld 2.38"
| #define PACKAGE_BUGREPORT ""
| #define PACKAGE_URL ""
| #define PACKAGE "ld"
| #define VERSION "2.38"
| /* end confdefs.h.  */
| #include <ac_nonexistent.h>
configure:5036: result: /afl/afl-clang-fast -E
configure:5056: /afl/afl-clang-fast -E  conftest.c
configure:5056: $? = 0
configure:5070: /afl/afl-clang-fast -E  conftest.c
conftest.c:11:10: fatal error: 'ac_nonexistent.h' file not found
#include <ac_nonexistent.h>
         ^~~~~~~~~~~~~~~~~~
1 error generated.
configure:5070: $? = 1
configure: failed program was:
| /* confdefs.h */
| #define PACKAGE_NAME "ld"
| #define PACKAGE_TARNAME "ld"
| #define PACKAGE_VERSION "2.38"
| #define PACKAGE_STRING "ld 2.38"
| #define PACKAGE_BUGREPORT ""
| #define PACKAGE_URL ""
| #define PACKAGE "ld"
| #define VERSION "2.38"
| /* end confdefs.h.  */
| #include <ac_nonexistent.h>
configure:5099: checking for egrep
configure:5161: result: /bin/grep -E
configure:5166: checking for ANSI C header files
configure:5186: /afl/afl-clang-fast -c     conftest.c >&5
Inst main
configure:5186: $? = 0
configure:5259: /afl/afl-clang-fast -o conftest       conftest.c  >&5
Inst main
configure:5259: $? = 0
configure:5259: ./conftest
configure:5259: $? = 0
configure:5270: result: yes
configure:5283: checking for sys/types.h
configure:5283: /afl/afl-clang-fast -c     conftest.c >&5
configure:5283: $? = 0
configure:5283: result: yes
configure:5283: checking for sys/stat.h
configure:5283: /afl/afl-clang-fast -c     conftest.c >&5
configure:5283: $? = 0
configure:5283: result: yes
configure:5283: checking for stdlib.h
configure:5283: /afl/afl-clang-fast -c     conftest.c >&5
configure:5283: $? = 0
configure:5283: result: yes
configure:5283: checking for string.h
configure:5283: /afl/afl-clang-fast -c     conftest.c >&5
configure:5283: $? = 0
configure:5283: result: yes
configure:5283: checking for memory.h
configure:5283: /afl/afl-clang-fast -c     conftest.c >&5
configure:5283: $? = 0
configure:5283: result: yes
configure:5283: checking for strings.h
configure:5283: /afl/afl-clang-fast -c     conftest.c >&5
configure:5283: $? = 0
configure:5283: result: yes
configure:5283: checking for inttypes.h
configure:5283: /afl/afl-clang-fast -c     conftest.c >&5
configure:5283: $? = 0
configure:5283: result: yes
configure:5283: checking for stdint.h
configure:5283: /afl/afl-clang-fast -c     conftest.c >&5
configure:5283: $? = 0
configure:5283: result: yes
configure:5283: checking for unistd.h
configure:5283: /afl/afl-clang-fast -c     conftest.c >&5
configure:5283: $? = 0
configure:5283: result: yes
configure:5296: checking minix/config.h usability
configure:5296: /afl/afl-clang-fast -c     conftest.c >&5
conftest.c:54:10: fatal error: 'minix/config.h' file not found
#include <minix/config.h>
         ^~~~~~~~~~~~~~~~
1 error generated.
configure:5296: $? = 1
configure: failed program was:
| /* confdefs.h */
| #define PACKAGE_NAME "ld"
| #define PACKAGE_TARNAME "ld"
| #define PACKAGE_VERSION "2.38"
| #define PACKAGE_STRING "ld 2.38"
| #define PACKAGE_BUGREPORT ""
| #define PACKAGE_URL ""
| #define PACKAGE "ld"
| #define VERSION "2.38"
| #define STDC_HEADERS 1
| #define HAVE_SYS_TYPES_H 1
| #define HAVE_SYS_STAT_H 1
| #define HAVE_STDLIB_H 1
| #define HAVE_STRING_H 1
| #define HAVE_MEMORY_H 1
| #define HAVE_STRINGS_H 1
| #define HAVE_INTTYPES_H 1
| #define HAVE_STDINT_H 1
| #define HAVE_UNISTD_H 1
| /* end confdefs.h.  */
| #include <stdio.h>
| #ifdef HAVE_SYS_TYPES_H
| # include <sys/types.h>
| #endif
| #ifdef HAVE_SYS_STAT_H
| # include <sys/stat.h>
| #endif
| #ifdef STDC_HEADERS
| # include <stdlib.h>
| # include <stddef.h>
| #else
| # ifdef HAVE_STDLIB_H
| #  include <stdlib.h>
| # endif
| #endif
| #ifdef HAVE_STRING_H
| # if !defined STDC_HEADERS && defined HAVE_MEMORY_H
| #  include <memory.h>
| # endif
| # include <string.h>
| #endif
| #ifdef HAVE_STRINGS_H
| # include <strings.h>
| #endif
| #ifdef HAVE_INTTYPES_H
| # include <inttypes.h>
| #endif
| #ifdef HAVE_STDINT_H
| # include <stdint.h>
| #endif
| #ifdef HAVE_UNISTD_H
| # include <unistd.h>
| #endif
| #include <minix/config.h>
configure:5296: result: no
configure:5296: checking minix/config.h presence
configure:5296: /afl/afl-clang-fast -E  conftest.c
conftest.c:21:10: fatal error: 'minix/config.h' file not found
#include <minix/config.h>
         ^~~~~~~~~~~~~~~~
1 error generated.
configure:5296: $? = 1
configure: failed program was:
| /* confdefs.h */
| #define PACKAGE_NAME "ld"
| #define PACKAGE_TARNAME "ld"
| #define PACKAGE_VERSION "2.38"
| #define PACKAGE_STRING "ld 2.38"
| #define PACKAGE_BUGREPORT ""
| #define PACKAGE_URL ""
| #define PACKAGE "ld"
| #define VERSION "2.38"
| #define STDC_HEADERS 1
| #define HAVE_SYS_TYPES_H 1
| #define HAVE_SYS_STAT_H 1
| #define HAVE_STDLIB_H 1
| #define HAVE_STRING_H 1
| #define HAVE_MEMORY_H 1
| #define HAVE_STRINGS_H 1
| #define HAVE_INTTYPES_H 1
| #define HAVE_STDINT_H 1
| #define HAVE_UNISTD_H 1
| /* end confdefs.h.  */
| #include <minix/config.h>
configure:5296: result: no
configure:5296: checking for minix/config.h
configure:5296: result: no
configure:5317: checking whether it is safe to define __EXTENSIONS__
configure:5335: /afl/afl-clang-fast -c     conftest.c >&5
Inst main
configure:5335: $? = 0
configure:5342: result: yes
configure:5406: checking how to print strings
configure:5433: result: printf
configure:5454: checking for a sed that does not truncate output
configure:5518: result: /bin/sed
configure:5536: checking for fgrep
configure:5598: result: /bin/grep -F
configure:5633: checking for ld used by /afl/afl-clang-fast
configure:5700: result: /usr/bin/ld
configure:5707: checking if the linker (/usr/bin/ld) is GNU ld
configure:5722: result: yes
configure:5734: checking for BSD- or MS-compatible name lister (nm)
configure:5784: result: /usr/bin/nm -B
configure:5914: checking the name lister (/usr/bin/nm -B) interface
configure:5921: /afl/afl-clang-fast -c     conftest.c >&5
configure:5924: /usr/bin/nm -B "conftest.o"
configure:5927: output
0000000000000000 B some_variable
configure:5934: result: BSD nm
configure:5937: checking whether ln -s works
configure:5941: result: yes
configure:5949: checking the maximum length of command line arguments
configure:6074: result: 1572864
configure:6091: checking whether the shell understands some XSI constructs
configure:6101: result: yes
configure:6105: checking whether the shell understands "+="
configure:6111: result: yes
configure:6146: checking for /usr/bin/ld option to reload object files
configure:6153: result: -r
configure:6182: checking for x86_64-pc-linux-gnu-objdump
configure:6209: result: objdump
configure:6281: checking how to recognize dependent libraries
configure:6482: result: pass_all
configure:6515: checking for x86_64-pc-linux-gnu-ar
configure:6542: result: ar 
configure:6610: WARNING: Failed: ar  --plugin /usr/lib/gcc/x86_64-linux-gnu/9/liblto_plugin.so rc
configure:6633: checking for x86_64-pc-linux-gnu-strip
configure:6663: result: no
configure:6673: checking for strip
configure:6689: found /usr/bin/strip
configure:6700: result: strip
configure:6732: checking for x86_64-pc-linux-gnu-ranlib
configure:6759: result: ranlib 
configure:6906: checking command to parse /usr/bin/nm -B output from /afl/afl-clang-fast object
configure:7024: /afl/afl-clang-fast -c     conftest.c >&5
Inst main
configure:7027: $? = 0
configure:7031: /usr/bin/nm -B conftest.o \| sed -n -e 's/^.*[ ]\([ABCDGIRSTW][ABCDGIRSTW]*\)[ ][ ]*\([_A-Za-z][_A-Za-z0-9]*\)$/\1 \2 \2/p' \> conftest.nm
configure:7034: $? = 0
configure:7088: /afl/afl-clang-fast -o conftest       conftest.c conftstm.o >&5
configure:7091: $? = 0
configure:7129: result: ok
configure:7224: /afl/afl-clang-fast -c     conftest.c >&5
configure:7227: $? = 0
configure:7977: checking for dlfcn.h
configure:7977: /afl/afl-clang-fast -c     conftest.c >&5
configure:7977: $? = 0
configure:7977: result: yes
configure:8165: checking for objdir
configure:8180: result: .libs
configure:8451: checking if /afl/afl-clang-fast supports -fno-rtti -fno-exceptions
configure:8469: /afl/afl-clang-fast -c     -fno-rtti -fno-exceptions conftest.c >&5
configure:8473: $? = 0
configure:8486: result: yes
configure:8506: checking for /afl/afl-clang-fast option to produce PIC
configure:8792: result: -fPIC -DPIC
configure:8804: checking if /afl/afl-clang-fast PIC flag -fPIC -DPIC works
configure:8822: /afl/afl-clang-fast -c     -fPIC -DPIC -DPIC conftest.c >&5
configure:8826: $? = 0
configure:8839: result: yes
configure:8863: checking if /afl/afl-clang-fast static flag -static works
configure:8891: result: no
configure:8906: checking if /afl/afl-clang-fast supports -c -o file.o
configure:8927: /afl/afl-clang-fast -c     -o out/conftest2.o conftest.c >&5
configure:8931: $? = 0
configure:8953: result: yes
configure:8961: checking if /afl/afl-clang-fast supports -c -o file.o
configure:9008: result: yes
configure:9041: checking whether the /afl/afl-clang-fast linker (/usr/bin/ld -m elf_x86_64) supports shared libraries
configure:10112: result: yes
configure:10357: checking dynamic linker characteristics
configure:10798: /afl/afl-clang-fast -o conftest       -Wl,-rpath -Wl,/foo conftest.c  >&5
Inst main
configure:10798: $? = 0
configure:11020: result: GNU/Linux ld.so
configure:11127: checking how to hardcode library paths into programs
configure:11152: result: immediate
configure:11692: checking whether stripping libraries is possible
configure:11697: result: yes
configure:11732: checking if libtool supports shared libraries
configure:11734: result: yes
configure:11737: checking whether to build shared libraries
configure:11758: result: no
configure:11761: checking whether to build static libraries
configure:11765: result: yes
configure:11788: checking how to run the C++ preprocessor
configure:11815: clang++ -E  conftest.cpp
configure:11815: $? = 0
configure:11829: clang++ -E  conftest.cpp
conftest.cpp:28:10: fatal error: 'ac_nonexistent.h' file not found
#include <ac_nonexistent.h>
         ^~~~~~~~~~~~~~~~~~
1 error generated.
configure:11829: $? = 1
configure: failed program was:
| /* confdefs.h */
| #define PACKAGE_NAME "ld"
| #define PACKAGE_TARNAME "ld"
| #define PACKAGE_VERSION "2.38"
| #define PACKAGE_STRING "ld 2.38"
| #define PACKAGE_BUGREPORT ""
| #define PACKAGE_URL ""
| #define PACKAGE "ld"
| #define VERSION "2.38"
| #define STDC_HEADERS 1
| #define HAVE_SYS_TYPES_H 1
| #define HAVE_SYS_STAT_H 1
| #define HAVE_STDLIB_H 1
| #define HAVE_STRING_H 1
| #define HAVE_MEMORY_H 1
| #define HAVE_STRINGS_H 1
| #define HAVE_INTTYPES_H 1
| #define HAVE_STDINT_H 1
| #define HAVE_UNISTD_H 1
| #define __EXTENSIONS__ 1
| #define _ALL_SOURCE 1
| #define _GNU_SOURCE 1
| #define _POSIX_PTHREAD_SEMANTICS 1
| #define _TANDEM_SOURCE 1
| #define HAVE_DLFCN_H 1
| #define LT_OBJDIR ".libs/"
| /* end confdefs.h.  */
| #include <ac_nonexistent.h>
configure:11854: result: clang++ -E
configure:11874: clang++ -E  conftest.cpp
configure:11874: $? = 0
configure:11888: clang++ -E  conftest.cpp
conftest.cpp:28:10: fatal error: 'ac_nonexistent.h' file not found
#include <ac_nonexistent.h>
         ^~~~~~~~~~~~~~~~~~
1 error generated.
configure:11888: $? = 1
configure: failed program was:
| /* confdefs.h */
| #define PACKAGE_NAME "ld"
| #define PACKAGE_TARNAME "ld"
| #define PACKAGE_VERSION "2.38"
| #define PACKAGE_STRING "ld 2.38"
| #define PACKAGE_BUGREPORT ""
| #define PACKAGE_URL ""
| #define PACKAGE "ld"
| #define VERSION "2.38"
| #define STDC_HEADERS 1
| #define HAVE_SYS_TYPES_H 1
| #define HAVE_SYS_STAT_H 1
| #define HAVE_STDLIB_H 1
| #define HAVE_STRING_H 1
| #define HAVE_MEMORY_H 1
| #define HAVE_STRINGS_H 1
| #define HAVE_INTTYPES_H 1
| #define HAVE_STDINT_H 1
| #define HAVE_UNISTD_H 1
| #define __EXTENSIONS__ 1
| #define _ALL_SOURCE 1
| #define _GNU_SOURCE 1
| #define _POSIX_PTHREAD_SEMANTICS 1
| #define _TANDEM_SOURCE 1
| #define HAVE_DLFCN_H 1
| #define LT_OBJDIR ".libs/"
| /* end confdefs.h.  */
| #include <ac_nonexistent.h>
configure:12056: checking for ld used by clang++
configure:12123: result: /usr/bin/ld -m elf_x86_64
configure:12130: checking if the linker (/usr/bin/ld -m elf_x86_64) is GNU ld
configure:12145: result: yes
configure:12200: checking whether the clang++ linker (/usr/bin/ld -m elf_x86_64) supports shared libraries
configure:13132: result: yes
configure:13160: clang++ -c -O1 -fno-omit-frame-pointer -gline-tables-only -DFUZZING_BUILD_MODE_UNSAFE_FOR_PRODUCTION -stdlib=libc++      conftest.cpp >&5
configure:13163: $? = 0
configure:13345: checking for clang++ option to produce PIC
configure:13668: result: -fPIC -DPIC
configure:13677: checking if clang++ PIC flag -fPIC -DPIC works
configure:13695: clang++ -c -O1 -fno-omit-frame-pointer -gline-tables-only -DFUZZING_BUILD_MODE_UNSAFE_FOR_PRODUCTION -stdlib=libc++      -fPIC -DPIC -DPIC conftest.cpp >&5
configure:13699: $? = 0
configure:13712: result: yes
configure:13733: checking if clang++ static flag -static works
configure:13761: result: yes
configure:13773: checking if clang++ supports -c -o file.o
configure:13794: clang++ -c -O1 -fno-omit-frame-pointer -gline-tables-only -DFUZZING_BUILD_MODE_UNSAFE_FOR_PRODUCTION -stdlib=libc++      -o out/conftest2.o conftest.cpp >&5
configure:13798: $? = 0
configure:13820: result: yes
configure:13825: checking if clang++ supports -c -o file.o
configure:13872: result: yes
configure:13902: checking whether the clang++ linker (/usr/bin/ld -m elf_x86_64) supports shared libraries
configure:13930: result: yes
configure:14073: checking dynamic linker characteristics
configure:14670: result: GNU/Linux ld.so
configure:14723: checking how to hardcode library paths into programs
configure:14748: result: immediate
configure:14819: checking for dlfcn.h
configure:14819: result: yes
configure:14832: checking for windows.h
configure:14832: /afl/afl-clang-fast -c     conftest.c >&5
conftest.c:63:10: fatal error: 'windows.h' file not found
#include <windows.h>
         ^~~~~~~~~~~
1 error generated.
configure:14832: $? = 1
configure: failed program was:
| /* confdefs.h */
| #define PACKAGE_NAME "ld"
| #define PACKAGE_TARNAME "ld"
| #define PACKAGE_VERSION "2.38"
| #define PACKAGE_STRING "ld 2.38"
| #define PACKAGE_BUGREPORT ""
| #define PACKAGE_URL ""
| #define PACKAGE "ld"
| #define VERSION "2.38"
| #define STDC_HEADERS 1
| #define HAVE_SYS_TYPES_H 1
| #define HAVE_SYS_STAT_H 1
| #define HAVE_STDLIB_H 1
| #define HAVE_STRING_H 1
| #define HAVE_MEMORY_H 1
| #define HAVE_STRINGS_H 1
| #define HAVE_INTTYPES_H 1
| #define HAVE_STDINT_H 1
| #define HAVE_UNISTD_H 1
| #define __EXTENSIONS__ 1
| #define _ALL_SOURCE 1
| #define _GNU_SOURCE 1
| #define _POSIX_PTHREAD_SEMANTICS 1
| #define _TANDEM_SOURCE 1
| #define HAVE_DLFCN_H 1
| #define LT_OBJDIR ".libs/"
| #define HAVE_DLFCN_H 1
| /* end confdefs.h.  */
| #include <stdio.h>
| #ifdef HAVE_SYS_TYPES_H
| # include <sys/types.h>
| #endif
| #ifdef HAVE_SYS_STAT_H
| # include <sys/stat.h>
| #endif
| #ifdef STDC_HEADERS
| # include <stdlib.h>
| # include <stddef.h>
| #else
| # ifdef HAVE_STDLIB_H
| #  include <stdlib.h>
| # endif
| #endif
| #ifdef HAVE_STRING_H
| # if !defined STDC_HEADERS && defined HAVE_MEMORY_H
| #  include <memory.h>
| # endif
| # include <string.h>
| #endif
| #ifdef HAVE_STRINGS_H
| # include <strings.h>
| #endif
| #ifdef HAVE_INTTYPES_H
| # include <inttypes.h>
| #endif
| #ifdef HAVE_STDINT_H
| # include <stdint.h>
| #endif
| #ifdef HAVE_UNISTD_H
| # include <unistd.h>
| #endif
| 
| #include <windows.h>
configure:14832: result: no
configure:14859: checking for library containing dlsym
configure:14890: /afl/afl-clang-fast -o conftest       conftest.c  >&5
Inst main
configure:14890: $? = 0
configure:14907: result: none required
configure:14979: checking for special C compiler options needed for large files
configure:15024: result: no
configure:15030: checking for _FILE_OFFSET_BITS value needed for large files
configure:15055: /afl/afl-clang-fast -c     conftest.c >&5
Inst main
configure:15055: $? = 0
configure:15087: result: no
configure:15226: checking size of void *
configure:15231: /afl/afl-clang-fast -o conftest       conftest.c  >&5
Inst main
configure:15231: $? = 0
configure:15231: ./conftest
configure:15231: $? = 0
configure:15245: result: 8
clang-12: error: no such file or directory: '@CPPFLAGS_FOR_BUILD@'
clang-12: error: no such file or directory: '@CPPFLAGS_FOR_BUILD@'
configure:15662: checking for LC_MESSAGES
configure:15678: /afl/afl-clang-fast -o conftest       conftest.c  >&5
Inst main
configure:15678: $? = 0
configure:15686: result: yes
configure:15724: checking whether NLS is requested
configure:15730: result: yes
configure:15736: checking for catalogs to be installed
configure:15768: result:  bg da de es fi fr ga id it ja pt_BR ru sr sv tr uk vi zh_CN zh_TW bg da de es fi fr ga id it ja pt_BR ru sr sv tr uk vi zh_CN zh_TW
configure:15795: checking whether NLS is requested
configure:15804: result: yes
configure:15842: checking for msgfmt
configure:15876: result: no
configure:15882: checking for gmsgfmt
configure:15913: result: :
configure:15953: checking for xgettext
configure:15987: result: no
configure:16024: checking for msgmerge
configure:16057: result: no
configure:16096: checking for bison
configure:16123: result: /src/binutils-2.38/missing bison -y
configure:16139: checking for flex
configure:16166: result: /src/binutils-2.38/missing flex
configure:16300: checking whether to enable maintainer-specific portions of Makefiles
configure:16309: result: no
configure:16330: checking how to compare bootstrapped objects
configure:16355: result: cmp --ignore-initial=16 $$f1 $$f2
configure:16377: checking fcntl.h usability
configure:16377: /afl/afl-clang-fast -c     conftest.c >&5
configure:16377: $? = 0
configure:16377: result: yes
configure:16377: checking fcntl.h presence
configure:16377: /afl/afl-clang-fast -E  conftest.c
configure:16377: $? = 0
configure:16377: result: yes
configure:16377: checking for fcntl.h
configure:16377: result: yes
configure:16377: checking elf-hints.h usability
configure:16377: /afl/afl-clang-fast -c     conftest.c >&5
conftest.c:69:10: fatal error: 'elf-hints.h' file not found
#include <elf-hints.h>
         ^~~~~~~~~~~~~
1 error generated.
configure:16377: $? = 1
configure: failed program was:
| /* confdefs.h */
| #define PACKAGE_NAME "ld"
| #define PACKAGE_TARNAME "ld"
| #define PACKAGE_VERSION "2.38"
| #define PACKAGE_STRING "ld 2.38"
| #define PACKAGE_BUGREPORT ""
| #define PACKAGE_URL ""
| #define PACKAGE "ld"
| #define VERSION "2.38"
| #define STDC_HEADERS 1
| #define HAVE_SYS_TYPES_H 1
| #define HAVE_SYS_STAT_H 1
| #define HAVE_STDLIB_H 1
| #define HAVE_STRING_H 1
| #define HAVE_MEMORY_H 1
| #define HAVE_STRINGS_H 1
| #define HAVE_INTTYPES_H 1
| #define HAVE_STDINT_H 1
| #define HAVE_UNISTD_H 1
| #define __EXTENSIONS__ 1
| #define _ALL_SOURCE 1
| #define _GNU_SOURCE 1
| #define _POSIX_PTHREAD_SEMANTICS 1
| #define _TANDEM_SOURCE 1
| #define HAVE_DLFCN_H 1
| #define LT_OBJDIR ".libs/"
| #define HAVE_DLFCN_H 1
| #define SIZEOF_VOID_P 8
| #define GOT_HANDLING_DEFAULT GOT_HANDLING_TARGET_DEFAULT
| #define HAVE_INITFINI_ARRAY 1
| #define ENABLE_LIBCTF 1
| #define HAVE_LC_MESSAGES 1
| #define ENABLE_NLS 1
| #define HAVE_FCNTL_H 1
| /* end confdefs.h.  */
| #include <stdio.h>
| #ifdef HAVE_SYS_TYPES_H
| # include <sys/types.h>
| #endif
| #ifdef HAVE_SYS_STAT_H
| # include <sys/stat.h>
| #endif
| #ifdef STDC_HEADERS
| # include <stdlib.h>
| # include <stddef.h>
| #else
| # ifdef HAVE_STDLIB_H
| #  include <stdlib.h>
| # endif
| #endif
| #ifdef HAVE_STRING_H
| # if !defined STDC_HEADERS && defined HAVE_MEMORY_H
| #  include <memory.h>
| # endif
| # include <string.h>
| #endif
| #ifdef HAVE_STRINGS_H
| # include <strings.h>
| #endif
| #ifdef HAVE_INTTYPES_H
| # include <inttypes.h>
| #endif
| #ifdef HAVE_STDINT_H
| # include <stdint.h>
| #endif
| #ifdef HAVE_UNISTD_H
| # include <unistd.h>
| #endif
| #include <elf-hints.h>
configure:16377: result: no
configure:16377: checking elf-hints.h presence
configure:16377: /afl/afl-clang-fast -E  conftest.c
conftest.c:36:10: fatal error: 'elf-hints.h' file not found
#include <elf-hints.h>
         ^~~~~~~~~~~~~
1 error generated.
configure:16377: $? = 1
configure: failed program was:
| /* confdefs.h */
| #define PACKAGE_NAME "ld"
| #define PACKAGE_TARNAME "ld"
| #define PACKAGE_VERSION "2.38"
| #define PACKAGE_STRING "ld 2.38"
| #define PACKAGE_BUGREPORT ""
| #define PACKAGE_URL ""
| #define PACKAGE "ld"
| #define VERSION "2.38"
| #define STDC_HEADERS 1
| #define HAVE_SYS_TYPES_H 1
| #define HAVE_SYS_STAT_H 1
| #define HAVE_STDLIB_H 1
| #define HAVE_STRING_H 1
| #define HAVE_MEMORY_H 1
| #define HAVE_STRINGS_H 1
| #define HAVE_INTTYPES_H 1
| #define HAVE_STDINT_H 1
| #define HAVE_UNISTD_H 1
| #define __EXTENSIONS__ 1
| #define _ALL_SOURCE 1
| #define _GNU_SOURCE 1
| #define _POSIX_PTHREAD_SEMANTICS 1
| #define _TANDEM_SOURCE 1
| #define HAVE_DLFCN_H 1
| #define LT_OBJDIR ".libs/"
| #define HAVE_DLFCN_H 1
| #define SIZEOF_VOID_P 8
| #define GOT_HANDLING_DEFAULT GOT_HANDLING_TARGET_DEFAULT
| #define HAVE_INITFINI_ARRAY 1
| #define ENABLE_LIBCTF 1
| #define HAVE_LC_MESSAGES 1
| #define ENABLE_NLS 1
| #define HAVE_FCNTL_H 1
| /* end confdefs.h.  */
| #include <elf-hints.h>
configure:16377: result: no
configure:16377: checking for elf-hints.h
configure:16377: result: no
configure:16377: checking limits.h usability
configure:16377: /afl/afl-clang-fast -c     conftest.c >&5
configure:16377: $? = 0
configure:16377: result: yes
configure:16377: checking limits.h presence
configure:16377: /afl/afl-clang-fast -E  conftest.c
configure:16377: $? = 0
configure:16377: result: yes
configure:16377: checking for limits.h
configure:16377: result: yes
configure:16377: checking for inttypes.h
configure:16377: result: yes
configure:16377: checking for stdint.h
configure:16377: result: yes
configure:16377: checking sys/file.h usability
configure:16377: /afl/afl-clang-fast -c     conftest.c >&5
configure:16377: $? = 0
configure:16377: result: yes
configure:16377: checking sys/file.h presence
configure:16377: /afl/afl-clang-fast -E  conftest.c
configure:16377: $? = 0
configure:16377: result: yes
configure:16377: checking for sys/file.h
configure:16377: result: yes
configure:16377: checking sys/mman.h usability
configure:16377: /afl/afl-clang-fast -c     conftest.c >&5
configure:16377: $? = 0
configure:16377: result: yes
configure:16377: checking sys/mman.h presence
configure:16377: /afl/afl-clang-fast -E  conftest.c
configure:16377: $? = 0
configure:16377: result: yes
configure:16377: checking for sys/mman.h
configure:16377: result: yes
configure:16377: checking sys/param.h usability
configure:16377: /afl/afl-clang-fast -c     conftest.c >&5
configure:16377: $? = 0
configure:16377: result: yes
configure:16377: checking sys/param.h presence
configure:16377: /afl/afl-clang-fast -E  conftest.c
configure:16377: $? = 0
configure:16377: result: yes
configure:16377: checking for sys/param.h
configure:16377: result: yes
configure:16377: checking for sys/stat.h
configure:16377: result: yes
configure:16377: checking sys/time.h usability
configure:16377: /afl/afl-clang-fast -c     conftest.c >&5
configure:16377: $? = 0
configure:16377: result: yes
configure:16377: checking sys/time.h presence
configure:16377: /afl/afl-clang-fast -E  conftest.c
configure:16377: $? = 0
configure:16377: result: yes
configure:16377: checking for sys/time.h
configure:16377: result: yes
configure:16377: checking for sys/types.h
configure:16377: result: yes
configure:16377: checking for unistd.h
configure:16377: result: yes
configure:16390: checking for close
configure:16390: /afl/afl-clang-fast -o conftest       conftest.c  >&5
Inst main
configure:16390: $? = 0
configure:16390: result: yes
configure:16390: checking for glob
configure:16390: /afl/afl-clang-fast -o conftest       conftest.c  >&5
Inst main
configure:16390: $? = 0
configure:16390: result: yes
configure:16390: checking for lseek
configure:16390: /afl/afl-clang-fast -o conftest       conftest.c  >&5
Inst main
configure:16390: $? = 0
configure:16390: result: yes
configure:16390: checking for mkstemp
configure:16390: /afl/afl-clang-fast -o conftest       conftest.c  >&5
Inst main
configure:16390: $? = 0
configure:16390: result: yes
configure:16390: checking for open
configure:16390: /afl/afl-clang-fast -o conftest       conftest.c  >&5
Inst main
configure:16390: $? = 0
configure:16390: result: yes
configure:16390: checking for realpath
configure:16390: /afl/afl-clang-fast -o conftest       conftest.c  >&5
Inst main
configure:16390: $? = 0
configure:16390: result: yes
configure:16390: checking for sbrk
configure:16390: /afl/afl-clang-fast -o conftest       conftest.c  >&5
Inst main
configure:16390: $? = 0
configure:16390: result: yes
configure:16390: checking for waitpid
configure:16390: /afl/afl-clang-fast -o conftest       conftest.c  >&5
Inst main
configure:16390: $? = 0
configure:16390: result: yes
configure:16408: checking whether asprintf is declared
configure:16408: /afl/afl-clang-fast -c     conftest.c >&5
Inst main
configure:16408: $? = 0
configure:16408: result: yes
configure:16418: checking whether environ is declared
configure:16418: /afl/afl-clang-fast -c     conftest.c >&5
Inst main
configure:16418: $? = 0
configure:16418: result: yes
configure:16428: checking whether sbrk is declared
configure:16428: /afl/afl-clang-fast -c     conftest.c >&5
Inst main
configure:16428: $? = 0
configure:16428: result: yes
configure:16446: checking for stdlib.h
configure:16446: result: yes
configure:16446: checking for unistd.h
configure:16446: result: yes
configure:16446: checking for sys/param.h
configure:16446: result: yes
configure:16466: checking for getpagesize
configure:16466: /afl/afl-clang-fast -o conftest       conftest.c  >&5
Inst main
configure:16466: $? = 0
configure:16466: result: yes
configure:16475: checking for working mmap
configure:16622: /afl/afl-clang-fast -o conftest       conftest.c  >&5
Inst main
configure:16622: $? = 0
configure:16622: ./conftest
configure:16622: $? = 0
configure:16632: result: yes
configure:16642: checking for library containing dlopen
configure:16673: /afl/afl-clang-fast -o conftest       conftest.c  >&5
Inst main
configure:16673: $? = 0
configure:16690: result: none required
configure:16699: checking for a known getopt prototype in unistd.h
configure:16715: /afl/afl-clang-fast -c     conftest.c >&5
Inst main
configure:16715: $? = 0
configure:16723: result: yes
configure:16757: checking whether ANSI C string concatenation works
configure:16773: /afl/afl-clang-fast -c     conftest.c >&5
Inst main
configure:16773: $? = 0
configure:16781: result: yes
configure:17105: updating cache ./config.cache
configure:17149: checking that generated files are newer than configure
configure:17155: result: done
configure:17202: creating ./config.status

## ---------------------- ##
## Running config.status. ##
## ---------------------- ##

This file was extended by ld config.status 2.38, which was
generated by GNU Autoconf 2.69.  Invocation command line was

  CONFIG_FILES    = 
  CONFIG_HEADERS  = 
  CONFIG_LINKS    = 
  CONFIG_COMMANDS = 
  $ ./config.status 

on 465f78cd93c0

config.status:1259: creating Makefile
config.status:1259: creating po/Makefile.in
config.status:1259: creating config.h
config.status:1440: config.h is unchanged
config.status:1488: executing depfiles commands
config.status:1488: executing libtool commands
config.status:1488: executing default-1 commands
config.status:1488: executing default commands

## ---------------- ##
## Cache variables. ##
## ---------------- ##

ac_cv_build=x86_64-pc-linux-gnu
ac_cv_c_compiler_gnu=yes
ac_cv_cxx_compiler_gnu=yes
ac_cv_env_CCC_set=set
ac_cv_env_CCC_value=clang++
ac_cv_env_CC_set=set
ac_cv_env_CC_value=/afl/afl-clang-fast
ac_cv_env_CFLAGS_set=set
ac_cv_env_CFLAGS_value='  '
ac_cv_env_CPPFLAGS_set=
ac_cv_env_CPPFLAGS_value=
ac_cv_env_CPP_set=
ac_cv_env_CPP_value=
ac_cv_env_CXXCPP_set=
ac_cv_env_CXXCPP_value=
ac_cv_env_CXXFLAGS_set=set
ac_cv_env_CXXFLAGS_value='-O1 -fno-omit-frame-pointer -gline-tables-only -DFUZZING_BUILD_MODE_UNSAFE_FOR_PRODUCTION -stdlib=libc++    '
ac_cv_env_CXX_set=set
ac_cv_env_CXX_value=clang++
ac_cv_env_LDFLAGS_set=set
ac_cv_env_LDFLAGS_value=' '
ac_cv_env_LIBS_set=
ac_cv_env_LIBS_value=
ac_cv_env_YACC_set=set
ac_cv_env_YACC_value='/src/binutils-2.38/missing bison -y'
ac_cv_env_YFLAGS_set=
ac_cv_env_YFLAGS_value=
ac_cv_env_build_alias_set=set
ac_cv_env_build_alias_value=x86_64-pc-linux-gnu
ac_cv_env_host_alias_set=set
ac_cv_env_host_alias_value=x86_64-pc-linux-gnu
ac_cv_env_target_alias_set=set
ac_cv_env_target_alias_value=x86_64-pc-linux-gnu
ac_cv_func_close=yes
ac_cv_func_getpagesize=yes
ac_cv_func_glob=yes
ac_cv_func_lseek=yes
ac_cv_func_mkstemp=yes
ac_cv_func_mmap_fixed_mapped=yes
ac_cv_func_open=yes
ac_cv_func_realpath=yes
ac_cv_func_sbrk=yes
ac_cv_func_waitpid=yes
ac_cv_have_decl_asprintf=yes
ac_cv_have_decl_environ=yes
ac_cv_have_decl_sbrk=yes
ac_cv_header_dlfcn_h=yes
ac_cv_header_elf_hints_h=no
ac_cv_header_fcntl_h=yes
ac_cv_header_inttypes_h=yes
ac_cv_header_limits_h=yes
ac_cv_header_memory_h=yes
ac_cv_header_minix_config_h=no
ac_cv_header_stdc=yes
ac_cv_header_stdint_h=yes
ac_cv_header_stdlib_h=yes
ac_cv_header_string_h=yes
ac_cv_header_strings_h=yes
ac_cv_header_sys_file_h=yes
ac_cv_header_sys_mman_h=yes
ac_cv_header_sys_param_h=yes
ac_cv_header_sys_stat_h=yes
ac_cv_header_sys_time_h=yes
ac_cv_header_sys_types_h=yes
ac_cv_header_unistd_h=yes
ac_cv_header_windows_h=no
ac_cv_host=x86_64-pc-linux-gnu
ac_cv_objext=o
ac_cv_path_EGREP='/bin/grep -E'
ac_cv_path_FGREP='/bin/grep -F'
ac_cv_path_GMSGFMT=:
ac_cv_path_GREP=/bin/grep
ac_cv_path_MSGFMT=:
ac_cv_path_MSGMERGE=:
ac_cv_path_SED=/bin/sed
ac_cv_path_XGETTEXT=:
ac_cv_path_mkdir=/bin/mkdir
ac_cv_prog_AR='ar '
ac_cv_prog_AWK=mawk
ac_cv_prog_CC=/afl/afl-clang-fast
ac_cv_prog_CPP='/afl/afl-clang-fast -E'
ac_cv_prog_CXXCPP='clang++ -E'
ac_cv_prog_LEX='/src/binutils-2.38/missing flex'
ac_cv_prog_OBJDUMP=objdump
ac_cv_prog_RANLIB='ranlib '
ac_cv_prog_YACC='/src/binutils-2.38/missing bison -y'
ac_cv_prog_ac_ct_STRIP=strip
ac_cv_prog_cc_c89=
ac_cv_prog_cc_g=yes
ac_cv_prog_cxx_g=yes
ac_cv_prog_make_make_set=yes
ac_cv_safe_to_define___extensions__=yes
ac_cv_search_dlopen='none required'
ac_cv_search_dlsym='none required'
ac_cv_sizeof_void_p=8
ac_cv_sys_file_offset_bits=no
ac_cv_sys_largefile_CC=no
ac_cv_target=x86_64-pc-linux-gnu
am_cv_CC_dependencies_compiler_type=gcc3
am_cv_CXX_dependencies_compiler_type=gcc3
am_cv_make_support_nested_variables=yes
am_cv_prog_cc_c_o=yes
am_cv_val_LC_MESSAGES=yes
gcc_cv_prog_cmp_skip='cmp --ignore-initial=16 $$f1 $$f2'
ld_cv_decl_getopt_unistd_h=yes
ld_cv_string_concatenation=yes
lt_cv_deplibs_check_method=pass_all
lt_cv_file_magic_cmd='$MAGIC_CMD'
lt_cv_file_magic_test_file=
lt_cv_ld_reload_flag=-r
lt_cv_nm_interface='BSD nm'
lt_cv_objdir=.libs
lt_cv_path_LD=/usr/bin/ld
lt_cv_path_LDCXX='/usr/bin/ld -m elf_x86_64'
lt_cv_path_NM='/usr/bin/nm -B'
lt_cv_prog_compiler_c_o=yes
lt_cv_prog_compiler_c_o_CXX=yes
lt_cv_prog_compiler_pic_works=yes
lt_cv_prog_compiler_pic_works_CXX=yes
lt_cv_prog_compiler_rtti_exceptions=yes
lt_cv_prog_compiler_static_works=no
lt_cv_prog_compiler_static_works_CXX=yes
lt_cv_prog_gnu_ld=yes
lt_cv_prog_gnu_ldcxx=yes
lt_cv_shlibpath_overrides_runpath=no
lt_cv_sys_global_symbol_pipe='sed -n -e '\''s/^.*[	 ]\([ABCDGIRSTW][ABCDGIRSTW]*\)[	 ][	 ]*\([_A-Za-z][_A-Za-z0-9]*\)$/\1 \2 \2/p'\'''
lt_cv_sys_global_symbol_to_c_name_address='sed -n -e '\''s/^: \([^ ]*\) $/  {\"\1\", (void *) 0},/p'\'' -e '\''s/^[ABCDGIRSTW]* \([^ ]*\) \([^ ]*\)$/  {"\2", (void *) \&\2},/p'\'''
lt_cv_sys_global_symbol_to_c_name_address_lib_prefix='sed -n -e '\''s/^: \([^ ]*\) $/  {\"\1\", (void *) 0},/p'\'' -e '\''s/^[ABCDGIRSTW]* \([^ ]*\) \(lib[^ ]*\)$/  {"\2", (void *) \&\2},/p'\'' -e '\''s/^[ABCDGIRSTW]* \([^ ]*\) \([^ ]*\)$/  {"lib\2", (void *) \&\2},/p'\'''
lt_cv_sys_global_symbol_to_cdecl='sed -n -e '\''s/^T .* \(.*\)$/extern int \1();/p'\'' -e '\''s/^[ABCDGIRSTW]* .* \(.*\)$/extern char \1;/p'\'''
lt_cv_sys_max_cmd_len=1572864

## ----------------- ##
## Output variables. ##
## ----------------- ##

ACLOCAL='${SHELL} /src/binutils-2.38/missing aclocal-1.15'
AMDEPBACKSLASH='\'
AMDEP_FALSE='#'
AMDEP_TRUE=''
AMTAR='$${TAR-tar}'
AM_BACKSLASH='\'
AM_DEFAULT_V='$(AM_DEFAULT_VERBOSITY)'
AM_DEFAULT_VERBOSITY='0'
AM_V='$(V)'
AR='ar '
AUTOCONF='${SHELL} /src/binutils-2.38/missing autoconf'
AUTOHEADER='${SHELL} /src/binutils-2.38/missing autoheader'
AUTOMAKE='${SHELL} /src/binutils-2.38/missing automake-1.15'
AWK='mawk'
CATALOGS=' bg.gmo da.gmo de.gmo es.gmo fi.gmo fr.gmo ga.gmo id.gmo it.gmo ja.gmo pt_BR.gmo ru.gmo sr.gmo sv.gmo tr.gmo uk.gmo vi.gmo zh_CN.gmo zh_TW.gmo bg.gmo da.gmo de.gmo es.gmo fi.gmo fr.gmo ga.gmo id.gmo it.gmo ja.gmo pt_BR.gmo ru.gmo sr.gmo sv.gmo tr.gmo uk.gmo vi.gmo zh_CN.gmo zh_TW.gmo'
CATOBJEXT='.gmo'
CC='/afl/afl-clang-fast'
CCDEPMODE='depmode=gcc3'
CFLAGS='  '
CPP='/afl/afl-clang-fast -E'
CPPFLAGS=''
CXX='clang++'
CXXCPP='clang++ -E'
CXXDEPMODE='depmode=gcc3'
CXXFLAGS='-O1 -fno-omit-frame-pointer -gline-tables-only -DFUZZING_BUILD_MODE_UNSAFE_FOR_PRODUCTION -stdlib=libc++    '
CYGPATH_W='echo'
DATADIRNAME='share'
DEFS='-DHAVE_CONFIG_H'
DEPDIR='.deps'
DSYMUTIL='@DSYMUTIL@'
DUMPBIN=''
ECHO_C=''
ECHO_N='-n'
ECHO_T=''
EGREP='/bin/grep -E'
EMUL='elf_x86_64'
EMULATION_LIBPATH='elf_x86_64 elf_i386 elf32_x86_64 elf_l1om elf_k1om'
EMULATION_OFILES=' eelf_x86_64.o eelf32_x86_64.o eelf_i386.o eelf_iamcu.o eelf_l1om.o eelf_k1om.o'
EMUL_EXTRA_OFILES=' ldelf.o ldelfgen.o'
ENABLE_BFD_64_BIT_FALSE='#'
ENABLE_BFD_64_BIT_TRUE=''
ENABLE_LIBCTF_FALSE='#'
ENABLE_LIBCTF_TRUE=''
EXEEXT=''
FGREP='/bin/grep -F'
GENCAT='gencat'
GENINSRC_NEVER_FALSE=''
GENINSRC_NEVER_TRUE='#'
GMSGFMT=':'
GREP='/bin/grep'
HDEFINES=''
INCINTL=''
INSTALL_DATA='/usr/bin/install -c -m 644'
INSTALL_PROGRAM='/usr/bin/install -c'
INSTALL_SCRIPT='/usr/bin/install -c'
INSTALL_STRIP_PROGRAM='$(install_sh) -c -s'
INSTOBJEXT='.mo'
LARGEFILE_CPPFLAGS=''
LD='/usr/bin/ld -m elf_x86_64'
LDFLAGS=' '
LEX='/src/binutils-2.38/missing flex'
LEXLIB=''
LEX_OUTPUT_ROOT=''
LIBINTL=''
LIBINTL_DEP=''
LIBOBJS=''
LIBS=''
LIBTOOL='$(SHELL) $(top_builddir)/libtool'
LIB_PATH=''
LIPO=''
LN_S='ln -s'
LTLIBOBJS=''
MAINT='#'
MAINTAINER_MODE_FALSE=''
MAINTAINER_MODE_TRUE='#'
MAKEINFO='/src/binutils-2.38/missing makeinfo --split-size=5000000'
MKDIR_P='/bin/mkdir -p'
MKINSTALLDIRS='$(top_builddir)/./../mkinstalldirs'
MSGFMT=':'
MSGMERGE=':'
NATIVE_LIB_DIRS='/usr/local/lib /lib /usr/lib'
NM='/usr/bin/nm -B'
NMEDIT=''
NO_WERROR=''
OBJDUMP='objdump'
OBJEXT='o'
OTOOL64=''
OTOOL='@OTOOL@'
PACKAGE='ld'
PACKAGE_BUGREPORT=''
PACKAGE_NAME='ld'
PACKAGE_STRING='ld 2.38'
PACKAGE_TARNAME='ld'
PACKAGE_URL=''
PACKAGE_VERSION='2.38'
PATH_SEPARATOR=':'
POSUB='po'
RANLIB='ranlib  --plugin /usr/lib/gcc/x86_64-linux-gnu/9/liblto_plugin.so'
SED='/bin/sed'
SET_MAKE=''
SHELL='/bin/bash'
STRINGIFY='astring.sed'
STRIP='strip'
TARGET_SYSTEM_ROOT=''
TARGET_SYSTEM_ROOT_DEFINE='-DTARGET_SYSTEM_ROOT=\"\"'
TDIRS='
TESTBFDLIB='../bfd/.libs/libbfd.a'
TESTCTFLIB='../libctf/.libs/libctf.a'
USE_NLS='yes'
VERSION='2.38'
WARN_CFLAGS='-W -Wall -Wstrict-prototypes -Wmissing-prototypes -Wshadow'
WARN_CFLAGS_FOR_BUILD='-W -Wall -Wstrict-prototypes -Wmissing-prototypes -Wshadow -Wstack-usage=262144'
WARN_WRITE_STRINGS='-Wwrite-strings'
XGETTEXT=':'
YACC='/src/binutils-2.38/missing bison -y'
YFLAGS=''
ac_ct_CC=''
ac_ct_CXX=''
ac_ct_DUMPBIN=''
am__EXEEXT_FALSE=''
am__EXEEXT_TRUE='#'
am__fastdepCC_FALSE='#'
am__fastdepCC_TRUE=''
am__fastdepCXX_FALSE='#'
am__fastdepCXX_TRUE=''
am__include='include'
am__isrc=''
am__leading_dot='.'
am__nodep='_no'
am__quote=''
am__tar='$${TAR-tar} chof - "$$tardir"'
am__untar='$${TAR-tar} xf -'
bindir='${exec_prefix}/bin'
build='x86_64-pc-linux-gnu'
build_alias='x86_64-pc-linux-gnu'
build_cpu='x86_64'
build_os='linux-gnu'
build_vendor='pc'
datadir='${datarootdir}'
datarootdir='${prefix}/share'
do_compare='cmp --ignore-initial=16 $$f1 $$f2'
docdir='${datarootdir}/doc/${PACKAGE_TARNAME}'
dvidir='${docdir}'
elf_list_options='true'
elf_plt_unwind_list_options='true'
elf_shlib_list_options='true'
enable_initfini_array='yes'
enable_libctf='yes'
exec_prefix='${prefix}'
host='x86_64-pc-linux-gnu'
host_alias='x86_64-pc-linux-gnu'
host_cpu='x86_64'
host_os='linux-gnu'
host_vendor='pc'
htmldir='${docdir}'
includedir='${prefix}/include'
infodir='${datarootdir}/info'
install_as_default='yes'
install_sh='${SHELL} /src/binutils-2.38/install-sh'
installed_linker='ld.bfd'
libdir='${exec_prefix}/lib'
libexecdir='${exec_prefix}/libexec'
localedir='${datarootdir}/locale'
localstatedir='${prefix}/var'
mandir='${datarootdir}/man'
mkdir_p='$(MKDIR_P)'
oldincludedir='/usr/include'
pdfdir='${docdir}'
prefix='/usr/local'
program_transform_name='s,y,y,'
psdir='${docdir}'
sbindir='${exec_prefix}/sbin'
sharedstatedir='${prefix}/com'
sysconfdir='${prefix}/etc'
target='x86_64-pc-linux-gnu'
target_alias='x86_64-pc-linux-gnu'
target_cpu='x86_64'
target_os='linux-gnu'
target_vendor='pc'
tdir_elf32_x86_64=x86_64-pc-linux-gnu
tdir_elf_i386=i386-pc-linux-gnu
tdir_elf_iamcu=x86_64-pc-linux-gnu
tdir_elf_k1om=x86_64-pc-linux-gnu'
tdir_elf_l1om=x86_64-pc-linux-gnu
tdir_elf_x86_64=x86_64-pc-linux-gnu
use_sysroot='no'
zlibdir='-L$(top_builddir)/../zlib'
zlibinc='-I$(top_srcdir)/../zlib'

## ----------- ##
## confdefs.h. ##
## ----------- ##

/* confdefs.h */
#define PACKAGE_NAME "ld"
#define PACKAGE_TARNAME "ld"
#define PACKAGE_VERSION "2.38"
#define PACKAGE_STRING "ld 2.38"
#define PACKAGE_BUGREPORT ""
#define PACKAGE_URL ""
#define PACKAGE "ld"
#define VERSION "2.38"
#define STDC_HEADERS 1
#define HAVE_SYS_TYPES_H 1
#define HAVE_SYS_STAT_H 1
#define HAVE_STDLIB_H 1
#define HAVE_STRING_H 1
#define HAVE_MEMORY_H 1
#define HAVE_STRINGS_H 1
#define HAVE_INTTYPES_H 1
#define HAVE_STDINT_H 1
#define HAVE_UNISTD_H 1
#define __EXTENSIONS__ 1
#define _ALL_SOURCE 1
#define _GNU_SOURCE 1
#define _POSIX_PTHREAD_SEMANTICS 1
#define _TANDEM_SOURCE 1
#define HAVE_DLFCN_H 1
#define LT_OBJDIR ".libs/"
#define HAVE_DLFCN_H 1
#define SIZEOF_VOID_P 8
#define GOT_HANDLING_DEFAULT GOT_HANDLING_TARGET_DEFAULT
#define HAVE_INITFINI_ARRAY 1
#define ENABLE_LIBCTF 1
#define HAVE_LC_MESSAGES 1
#define ENABLE_NLS 1
#define HAVE_FCNTL_H 1
#define HAVE_LIMITS_H 1
#define HAVE_INTTYPES_H 1
#define HAVE_STDINT_H 1
#define HAVE_SYS_FILE_H 1
#define HAVE_SYS_MMAN_H 1
#define HAVE_SYS_PARAM_H 1
#define HAVE_SYS_STAT_H 1
#define HAVE_SYS_TIME_H 1
#define HAVE_SYS_TYPES_H 1
#define HAVE_UNISTD_H 1
#define HAVE_CLOSE 1
#define HAVE_GLOB 1
#define HAVE_LSEEK 1
#define HAVE_MKSTEMP 1
#define HAVE_OPEN 1
#define HAVE_REALPATH 1
#define HAVE_SBRK 1
#define HAVE_WAITPID 1
#define HAVE_DECL_ASPRINTF 1
#define HAVE_DECL_ENVIRON 1
#define HAVE_DECL_SBRK 1
#define HAVE_STDLIB_H 1
#define HAVE_UNISTD_H 1
#define HAVE_SYS_PARAM_H 1
#define HAVE_GETPAGESIZE 1
#define HAVE_MMAP 1
#define HAVE_DECL_GETOPT 1
#define DEFAULT_NEW_DTAGS 0
#define DEFAULT_LD_Z_RELRO 1
#define DEFAULT_LD_TEXTREL_CHECK textrel_check_warning
#define DEFAULT_LD_TEXTREL_CHECK_WARNING 1
#define DEFAULT_LD_Z_SEPARATE_CODE 1
#define SUPPORT_ERROR_HANDLING_SCRIPT 1
#define DEFAULT_EMIT_SYSV_HASH 1
#define DEFAULT_EMIT_GNU_HASH 1

configure: exit 0
