This file contains any messages produced by compilers while
running configure, to aid debugging if configure makes a mistake.

It was created by binutils configure 2.38, which was
generated by GNU Autoconf 2.69.  Invocation command line was

  $ /src/binutils-2.38/binutils/configure --srcdir=.././binutils --cache-file=./config.cache --with-gnu-as --with-gnu-ld --disable-shared --program-transform-name=s,y,y, --disable-option-checking --build=x86_64-pc-linux-gnu --host=x86_64-pc-linux-gnu --target=x86_64-pc-linux-gnu

## --------- ##
## Platform. ##
## --------- ##

hostname = 465f78cd93c0
uname -m = x86_64
uname -r = 5.4.0-100-generic
uname -s = Linux
uname -v = #113-Ubuntu SMP Thu Feb 3 18:43:29 UTC 2022

/usr/bin/uname -p = unknown
/bin/uname -X     = unknown

/bin/arch              = unknown
/usr/bin/arch -k       = unknown
/usr/convex/getsysinfo = unknown
/usr/bin/hostinfo      = unknown
/bin/machine           = unknown
/usr/bin/oslevel       = unknown
/bin/universe          = unknown

PATH: /usr/local/sbin
PATH: /usr/local/bin
PATH: /usr/sbin
PATH: /usr/bin
PATH: /sbin
PATH: /bin
PATH: /out
PATH: /root/.go/bin
PATH: /root/go/bin
PATH: /rust/bin
PATH: /usr/lib/jvm/java-15-openjdk-amd64/bin


## ----------- ##
## Core tests. ##
## ----------- ##

configure:2537: creating cache ./config.cache
configure:2651: checking build system type
configure:2665: result: x86_64-pc-linux-gnu
configure:2685: checking host system type
configure:2698: result: x86_64-pc-linux-gnu
configure:2718: checking target system type
configure:2731: result: x86_64-pc-linux-gnu
configure:2774: checking for a BSD-compatible install
configure:2842: result: /usr/bin/install -c
configure:2853: checking whether build environment is sane
configure:2908: result: yes
configure:3059: checking for a thread-safe mkdir -p
configure:3098: result: /bin/mkdir -p
configure:3105: checking for gawk
configure:3132: result: mawk
configure:3143: checking whether make sets $(MAKE)
configure:3165: result: yes
configure:3194: checking whether make supports nested variables
configure:3211: result: yes
configure:3348: checking whether make supports nested variables
configure:3365: result: yes
configure:3385: checking for x86_64-pc-linux-gnu-gcc
configure:3412: result: /afl/afl-clang-fast
configure:3681: checking for C compiler version
configure:3690: /afl/afl-clang-fast --version >&5
clang version 12.0.0 (https://github.com/llvm/llvm-project.git 6de4865545da73687dd6d28d153cd345ed5e7918)
Target: x86_64-unknown-linux-gnu
Thread model: posix
InstalledDir: /usr/local/bin
configure:3701: $? = 0
configure:3690: /afl/afl-clang-fast -v >&5
clang version 12.0.0 (https://github.com/llvm/llvm-project.git 6de4865545da73687dd6d28d153cd345ed5e7918)
Target: x86_64-unknown-linux-gnu
Thread model: posix
InstalledDir: /usr/local/bin
Found candidate GCC installation: /usr/lib/gcc/x86_64-linux-gnu/5
Found candidate GCC installation: /usr/lib/gcc/x86_64-linux-gnu/5.4.0
Found candidate GCC installation: /usr/lib/gcc/x86_64-linux-gnu/6
Found candidate GCC installation: /usr/lib/gcc/x86_64-linux-gnu/6.0.0
Found candidate GCC installation: /usr/lib/gcc/x86_64-linux-gnu/9
Selected GCC installation: /usr/lib/gcc/x86_64-linux-gnu/9
... rest of stderr output deleted ...
configure:3701: $? = 1
configure:3690: /afl/afl-clang-fast -V >&5
clang-12: error: unsupported option '-V -ldl'
configure:3701: $? = 1
configure:3690: /afl/afl-clang-fast -qversion >&5
clang-12: error: unknown argument '-qversion'; did you mean '--version'?
configure:3701: $? = 1
configure:3721: checking whether the C compiler works
configure:3743: /afl/afl-clang-fast       conftest.c  >&5
Inst main
configure:3747: $? = 0
configure:3795: result: yes
configure:3798: checking for C compiler default output file name
configure:3800: result: a.out
configure:3806: checking for suffix of executables
configure:3813: /afl/afl-clang-fast -o conftest       conftest.c  >&5
Inst main
configure:3817: $? = 0
configure:3839: result: 
configure:3861: checking whether we are cross compiling
configure:3869: /afl/afl-clang-fast -o conftest       conftest.c  >&5
Inst main
configure:3873: $? = 0
configure:3880: ./conftest
configure:3884: $? = 0
configure:3899: result: no
configure:3904: checking for suffix of object files
configure:3926: /afl/afl-clang-fast -c     conftest.c >&5
Inst main
configure:3930: $? = 0
configure:3951: result: o
configure:3955: checking whether we are using the GNU C compiler
configure:3974: /afl/afl-clang-fast -c     conftest.c >&5
Inst main
configure:3974: $? = 0
configure:3983: result: yes
configure:3992: checking whether /afl/afl-clang-fast accepts -g
configure:4012: /afl/afl-clang-fast -c -g  conftest.c >&5
Inst main
configure:4012: $? = 0
configure: failed program was:
| /* confdefs.h */
| #define PACKAGE_NAME "binutils"
| #define PACKAGE_TARNAME "binutils"
| #define PACKAGE_VERSION "2.38"
| #define PACKAGE_STRING "binutils 2.38"
| #define PACKAGE_BUGREPORT ""
| #define PACKAGE_URL ""
| #define PACKAGE "binutils"
| #define VERSION "2.38"
| /* end confdefs.h.  */
| 
| int
| main ()
| {
| 
|   ;
|   return 0;
| }
configure:4027: /afl/afl-clang-fast -c   conftest.c >&5
Inst main
configure:4027: $? = 0
configure: failed program was:
| /* confdefs.h */
| #define PACKAGE_NAME "binutils"
| #define PACKAGE_TARNAME "binutils"
| #define PACKAGE_VERSION "2.38"
| #define PACKAGE_STRING "binutils 2.38"
| #define PACKAGE_BUGREPORT ""
| #define PACKAGE_URL ""
| #define PACKAGE "binutils"
| #define VERSION "2.38"
| /* end confdefs.h.  */
| 
| int
| main ()
| {
| 
|   ;
|   return 0;
| }
configure:4043: /afl/afl-clang-fast -c -g  conftest.c >&5
Inst main
configure:4043: $? = 0
configure:4053: result: yes
configure:4070: checking for /afl/afl-clang-fast option to accept ISO C89
configure:4133: /afl/afl-clang-fast  -c     conftest.c >&5
	argv_var_ptr
i8**	argv
Inst main
configure:4133: $? = 0
configure:4146: result: none needed
configure:4171: checking whether /afl/afl-clang-fast understands -c and -o together
configure:4193: /afl/afl-clang-fast -c conftest.c -o conftest2.o
Inst main
configure:4196: $? = 0
configure:4193: /afl/afl-clang-fast -c conftest.c -o conftest2.o
Inst main
configure:4196: $? = 0
configure:4208: result: yes
configure:4236: checking for style of include used by make
configure:4264: result: GNU
configure:4290: checking dependency style of /afl/afl-clang-fast
configure:4401: result: gcc3
configure:4422: checking how to run the C preprocessor
configure:4453: /afl/afl-clang-fast -E  conftest.c
configure:4453: $? = 0
configure:4467: /afl/afl-clang-fast -E  conftest.c
conftest.c:11:10: fatal error: 'ac_nonexistent.h' file not found
#include <ac_nonexistent.h>
         ^~~~~~~~~~~~~~~~~~
1 error generated.
configure:4467: $? = 1
configure: failed program was:
| /* confdefs.h */
| #define PACKAGE_NAME "binutils"
| #define PACKAGE_TARNAME "binutils"
| #define PACKAGE_VERSION "2.38"
| #define PACKAGE_STRING "binutils 2.38"
| #define PACKAGE_BUGREPORT ""
| #define PACKAGE_URL ""
| #define PACKAGE "binutils"
| #define VERSION "2.38"
| /* end confdefs.h.  */
| #include <ac_nonexistent.h>
configure:4492: result: /afl/afl-clang-fast -E
configure:4512: /afl/afl-clang-fast -E  conftest.c
configure:4512: $? = 0
configure:4526: /afl/afl-clang-fast -E  conftest.c
conftest.c:11:10: fatal error: 'ac_nonexistent.h' file not found
#include <ac_nonexistent.h>
         ^~~~~~~~~~~~~~~~~~
1 error generated.
configure:4526: $? = 1
configure: failed program was:
| /* confdefs.h */
| #define PACKAGE_NAME "binutils"
| #define PACKAGE_TARNAME "binutils"
| #define PACKAGE_VERSION "2.38"
| #define PACKAGE_STRING "binutils 2.38"
| #define PACKAGE_BUGREPORT ""
| #define PACKAGE_URL ""
| #define PACKAGE "binutils"
| #define VERSION "2.38"
| /* end confdefs.h.  */
| #include <ac_nonexistent.h>
configure:4555: checking for grep that handles long lines and -e
configure:4613: result: /bin/grep
configure:4618: checking for egrep
configure:4680: result: /bin/grep -E
configure:4685: checking for ANSI C header files
configure:4705: /afl/afl-clang-fast -c     conftest.c >&5
Inst main
configure:4705: $? = 0
configure:4778: /afl/afl-clang-fast -o conftest       conftest.c  >&5
Inst main
configure:4778: $? = 0
configure:4778: ./conftest
configure:4778: $? = 0
configure:4789: result: yes
configure:4802: checking for sys/types.h
configure:4802: /afl/afl-clang-fast -c     conftest.c >&5
configure:4802: $? = 0
configure:4802: result: yes
configure:4802: checking for sys/stat.h
configure:4802: /afl/afl-clang-fast -c     conftest.c >&5
configure:4802: $? = 0
configure:4802: result: yes
configure:4802: checking for stdlib.h
configure:4802: /afl/afl-clang-fast -c     conftest.c >&5
configure:4802: $? = 0
configure:4802: result: yes
configure:4802: checking for string.h
configure:4802: /afl/afl-clang-fast -c     conftest.c >&5
configure:4802: $? = 0
configure:4802: result: yes
configure:4802: checking for memory.h
configure:4802: /afl/afl-clang-fast -c     conftest.c >&5
configure:4802: $? = 0
configure:4802: result: yes
configure:4802: checking for strings.h
configure:4802: /afl/afl-clang-fast -c     conftest.c >&5
configure:4802: $? = 0
configure:4802: result: yes
configure:4802: checking for inttypes.h
configure:4802: /afl/afl-clang-fast -c     conftest.c >&5
configure:4802: $? = 0
configure:4802: result: yes
configure:4802: checking for stdint.h
configure:4802: /afl/afl-clang-fast -c     conftest.c >&5
configure:4802: $? = 0
configure:4802: result: yes
configure:4802: checking for unistd.h
configure:4802: /afl/afl-clang-fast -c     conftest.c >&5
configure:4802: $? = 0
configure:4802: result: yes
configure:4815: checking minix/config.h usability
configure:4815: /afl/afl-clang-fast -c     conftest.c >&5
conftest.c:54:10: fatal error: 'minix/config.h' file not found
#include <minix/config.h>
         ^~~~~~~~~~~~~~~~
1 error generated.
configure:4815: $? = 1
configure: failed program was:
| /* confdefs.h */
| #define PACKAGE_NAME "binutils"
| #define PACKAGE_TARNAME "binutils"
| #define PACKAGE_VERSION "2.38"
| #define PACKAGE_STRING "binutils 2.38"
| #define PACKAGE_BUGREPORT ""
| #define PACKAGE_URL ""
| #define PACKAGE "binutils"
| #define VERSION "2.38"
| #define STDC_HEADERS 1
| #define HAVE_SYS_TYPES_H 1
| #define HAVE_SYS_STAT_H 1
| #define HAVE_STDLIB_H 1
| #define HAVE_STRING_H 1
| #define HAVE_MEMORY_H 1
| #define HAVE_STRINGS_H 1
| #define HAVE_INTTYPES_H 1
| #define HAVE_STDINT_H 1
| #define HAVE_UNISTD_H 1
| /* end confdefs.h.  */
| #include <stdio.h>
| #ifdef HAVE_SYS_TYPES_H
| # include <sys/types.h>
| #endif
| #ifdef HAVE_SYS_STAT_H
| # include <sys/stat.h>
| #endif
| #ifdef STDC_HEADERS
| # include <stdlib.h>
| # include <stddef.h>
| #else
| # ifdef HAVE_STDLIB_H
| #  include <stdlib.h>
| # endif
| #endif
| #ifdef HAVE_STRING_H
| # if !defined STDC_HEADERS && defined HAVE_MEMORY_H
| #  include <memory.h>
| # endif
| # include <string.h>
| #endif
| #ifdef HAVE_STRINGS_H
| # include <strings.h>
| #endif
| #ifdef HAVE_INTTYPES_H
| # include <inttypes.h>
| #endif
| #ifdef HAVE_STDINT_H
| # include <stdint.h>
| #endif
| #ifdef HAVE_UNISTD_H
| # include <unistd.h>
| #endif
| #include <minix/config.h>
configure:4815: result: no
configure:4815: checking minix/config.h presence
configure:4815: /afl/afl-clang-fast -E  conftest.c
conftest.c:21:10: fatal error: 'minix/config.h' file not found
#include <minix/config.h>
         ^~~~~~~~~~~~~~~~
1 error generated.
configure:4815: $? = 1
configure: failed program was:
| /* confdefs.h */
| #define PACKAGE_NAME "binutils"
| #define PACKAGE_TARNAME "binutils"
| #define PACKAGE_VERSION "2.38"
| #define PACKAGE_STRING "binutils 2.38"
| #define PACKAGE_BUGREPORT ""
| #define PACKAGE_URL ""
| #define PACKAGE "binutils"
| #define VERSION "2.38"
| #define STDC_HEADERS 1
| #define HAVE_SYS_TYPES_H 1
| #define HAVE_SYS_STAT_H 1
| #define HAVE_STDLIB_H 1
| #define HAVE_STRING_H 1
| #define HAVE_MEMORY_H 1
| #define HAVE_STRINGS_H 1
| #define HAVE_INTTYPES_H 1
| #define HAVE_STDINT_H 1
| #define HAVE_UNISTD_H 1
| /* end confdefs.h.  */
| #include <minix/config.h>
configure:4815: result: no
configure:4815: checking for minix/config.h
configure:4815: result: no
configure:4836: checking whether it is safe to define __EXTENSIONS__
configure:4854: /afl/afl-clang-fast -c     conftest.c >&5
Inst main
configure:4854: $? = 0
configure:4861: result: yes
configure:4924: checking how to print strings
configure:4951: result: printf
configure:4972: checking for a sed that does not truncate output
configure:5036: result: /bin/sed
configure:5054: checking for fgrep
configure:5116: result: /bin/grep -F
configure:5151: checking for ld used by /afl/afl-clang-fast
configure:5218: result: /usr/bin/ld
configure:5225: checking if the linker (/usr/bin/ld) is GNU ld
configure:5240: result: yes
configure:5252: checking for BSD- or MS-compatible name lister (nm)
configure:5302: result: /usr/bin/nm -B
configure:5432: checking the name lister (/usr/bin/nm -B) interface
configure:5439: /afl/afl-clang-fast -c     conftest.c >&5
configure:5442: /usr/bin/nm -B "conftest.o"
configure:5445: output
0000000000000000 B some_variable
configure:5452: result: BSD nm
configure:5455: checking whether ln -s works
configure:5459: result: yes
configure:5467: checking the maximum length of command line arguments
configure:5592: result: 1572864
configure:5609: checking whether the shell understands some XSI constructs
configure:5619: result: yes
configure:5623: checking whether the shell understands "+="
configure:5629: result: yes
configure:5664: checking for /usr/bin/ld option to reload object files
configure:5671: result: -r
configure:5700: checking for x86_64-pc-linux-gnu-objdump
configure:5727: result: objdump
configure:5799: checking how to recognize dependent libraries
configure:6000: result: pass_all
configure:6033: checking for x86_64-pc-linux-gnu-ar
configure:6060: result: ar 
configure:6128: WARNING: Failed: ar  --plugin /usr/lib/gcc/x86_64-linux-gnu/9/liblto_plugin.so rc
configure:6151: checking for x86_64-pc-linux-gnu-strip
configure:6181: result: no
configure:6191: checking for strip
configure:6207: found /usr/bin/strip
configure:6218: result: strip
configure:6250: checking for x86_64-pc-linux-gnu-ranlib
configure:6277: result: ranlib 
configure:6424: checking command to parse /usr/bin/nm -B output from /afl/afl-clang-fast object
configure:6542: /afl/afl-clang-fast -c     conftest.c >&5
	nm_test_var_var_ptr
i8	nm_test_var
Inst main
configure:6545: $? = 0
configure:6549: /usr/bin/nm -B conftest.o \| sed -n -e 's/^.*[ ]\([ABCDGIRSTW][ABCDGIRSTW]*\)[ ][ ]*\([_A-Za-z][_A-Za-z0-9]*\)$/\1 \2 \2/p' \> conftest.nm
configure:6552: $? = 0
configure:6606: /afl/afl-clang-fast -o conftest       conftest.c conftstm.o >&5
configure:6609: $? = 0
configure:6647: result: ok
configure:6742: /afl/afl-clang-fast -c     conftest.c >&5
configure:6745: $? = 0
configure:7495: checking for dlfcn.h
configure:7495: /afl/afl-clang-fast -c     conftest.c >&5
configure:7495: $? = 0
configure:7495: result: yes
configure:7682: checking for objdir
configure:7697: result: .libs
configure:7968: checking if /afl/afl-clang-fast supports -fno-rtti -fno-exceptions
configure:7986: /afl/afl-clang-fast -c     -fno-rtti -fno-exceptions conftest.c >&5
configure:7990: $? = 0
configure:8003: result: yes
configure:8023: checking for /afl/afl-clang-fast option to produce PIC
configure:8309: result: -fPIC -DPIC
configure:8321: checking if /afl/afl-clang-fast PIC flag -fPIC -DPIC works
configure:8339: /afl/afl-clang-fast -c     -fPIC -DPIC -DPIC conftest.c >&5
configure:8343: $? = 0
configure:8356: result: yes
configure:8380: checking if /afl/afl-clang-fast static flag -static works
configure:8408: result: no
configure:8423: checking if /afl/afl-clang-fast supports -c -o file.o
configure:8444: /afl/afl-clang-fast -c     -o out/conftest2.o conftest.c >&5
configure:8448: $? = 0
configure:8470: result: yes
configure:8478: checking if /afl/afl-clang-fast supports -c -o file.o
configure:8525: result: yes
configure:8558: checking whether the /afl/afl-clang-fast linker (/usr/bin/ld -m elf_x86_64) supports shared libraries
configure:9629: result: yes
configure:9874: checking dynamic linker characteristics
configure:10315: /afl/afl-clang-fast -o conftest       -Wl,-rpath -Wl,/foo conftest.c  >&5
Inst main
configure:10315: $? = 0
configure:10537: result: GNU/Linux ld.so
configure:10644: checking how to hardcode library paths into programs
configure:10669: result: immediate
configure:11209: checking whether stripping libraries is possible
configure:11214: result: yes
configure:11249: checking if libtool supports shared libraries
configure:11251: result: yes
configure:11254: checking whether to build shared libraries
configure:11275: result: no
configure:11278: checking whether to build static libraries
configure:11282: result: yes
configure:11330: checking for dlfcn.h
configure:11330: result: yes
configure:11343: checking for windows.h
configure:11343: /afl/afl-clang-fast -c     conftest.c >&5
conftest.c:63:10: fatal error: 'windows.h' file not found
#include <windows.h>
         ^~~~~~~~~~~
1 error generated.
configure:11343: $? = 1
configure: failed program was:
| /* confdefs.h */
| #define PACKAGE_NAME "binutils"
| #define PACKAGE_TARNAME "binutils"
| #define PACKAGE_VERSION "2.38"
| #define PACKAGE_STRING "binutils 2.38"
| #define PACKAGE_BUGREPORT ""
| #define PACKAGE_URL ""
| #define PACKAGE "binutils"
| #define VERSION "2.38"
| #define STDC_HEADERS 1
| #define HAVE_SYS_TYPES_H 1
| #define HAVE_SYS_STAT_H 1
| #define HAVE_STDLIB_H 1
| #define HAVE_STRING_H 1
| #define HAVE_MEMORY_H 1
| #define HAVE_STRINGS_H 1
| #define HAVE_INTTYPES_H 1
| #define HAVE_STDINT_H 1
| #define HAVE_UNISTD_H 1
| #define __EXTENSIONS__ 1
| #define _ALL_SOURCE 1
| #define _GNU_SOURCE 1
| #define _POSIX_PTHREAD_SEMANTICS 1
| #define _TANDEM_SOURCE 1
| #define HAVE_DLFCN_H 1
| #define LT_OBJDIR ".libs/"
| #define HAVE_DLFCN_H 1
| /* end confdefs.h.  */
| #include <stdio.h>
| #ifdef HAVE_SYS_TYPES_H
| # include <sys/types.h>
| #endif
| #ifdef HAVE_SYS_STAT_H
| # include <sys/stat.h>
| #endif
| #ifdef STDC_HEADERS
| # include <stdlib.h>
| # include <stddef.h>
| #else
| # ifdef HAVE_STDLIB_H
| #  include <stdlib.h>
| # endif
| #endif
| #ifdef HAVE_STRING_H
| # if !defined STDC_HEADERS && defined HAVE_MEMORY_H
| #  include <memory.h>
| # endif
| # include <string.h>
| #endif
| #ifdef HAVE_STRINGS_H
| # include <strings.h>
| #endif
| #ifdef HAVE_INTTYPES_H
| # include <inttypes.h>
| #endif
| #ifdef HAVE_STDINT_H
| # include <stdint.h>
| #endif
| #ifdef HAVE_UNISTD_H
| # include <unistd.h>
| #endif
| 
| #include <windows.h>
configure:11343: result: no
configure:11370: checking for library containing dlsym
configure:11401: /afl/afl-clang-fast -o conftest       conftest.c  >&5
Inst main
configure:11401: $? = 0
configure:11418: result: none required
configure:11490: checking for special C compiler options needed for large files
configure:11535: result: no
configure:11541: checking for _FILE_OFFSET_BITS value needed for large files
configure:11566: /afl/afl-clang-fast -c     conftest.c >&5
Inst main
configure:11566: $? = 0
configure:11598: result: no
configure:11803: checking for x86_64-pc-linux-gnu-pkg-config
configure:11836: result: no
configure:11846: checking for pkg-config
configure:11879: result: no
configure:11922: checking whether to use debuginfod
configure:11924: result: auto
configure:11930: checking for libdebuginfod >= 0.179
configure:12018: result: no
configure:12023: WARNING: libdebuginfod is missing or unusable; some features may be unavailable.
clang-12: error: no such file or directory: '@CPPFLAGS_FOR_BUILD@'
clang-12: error: no such file or directory: '@CPPFLAGS_FOR_BUILD@'
configure:12237: checking for bison
configure:12264: result: /src/binutils-2.38/missing bison -y
configure:12280: checking for flex
configure:12307: result: /src/binutils-2.38/missing flex
configure:12454: checking whether NLS is requested
configure:12460: result: yes
configure:12466: checking for catalogs to be installed
configure:12498: result:  bg ca da es fi fr hr id it ja pt ro ru rw sk sr sv tr uk vi zh_CN zh_TW bg ca da es fi fr hr id it ja pt ro ru rw sk sr sv tr uk vi zh_CN zh_TW
configure:12525: checking whether NLS is requested
configure:12534: result: yes
configure:12572: checking for msgfmt
configure:12606: result: no
configure:12612: checking for gmsgfmt
configure:12643: result: :
configure:12683: checking for xgettext
configure:12717: result: no
configure:12754: checking for msgmerge
configure:12787: result: no
configure:12821: checking whether to enable maintainer-specific portions of Makefiles
configure:12830: result: no
configure:12875: checking for x86_64-pc-linux-gnu-ranlib
configure:12902: result: ranlib 
configure:13015: checking size of long
configure:13020: /afl/afl-clang-fast -o conftest       conftest.c  >&5
Inst main
configure:13020: $? = 0
configure:13020: ./conftest
configure:13020: $? = 0
configure:13034: result: 8
configure:13048: checking size of long long
configure:13053: /afl/afl-clang-fast -o conftest       conftest.c  >&5
Inst main
configure:13053: $? = 0
configure:13053: ./conftest
configure:13053: $? = 0
configure:13067: result: 8
configure:13087: checking fcntl.h usability
configure:13087: /afl/afl-clang-fast -c     conftest.c >&5
configure:13087: $? = 0
configure:13087: result: yes
configure:13087: checking fcntl.h presence
configure:13087: /afl/afl-clang-fast -E  conftest.c
configure:13087: $? = 0
configure:13087: result: yes
configure:13087: checking for fcntl.h
configure:13087: result: yes
configure:13087: checking for inttypes.h
configure:13087: result: yes
configure:13087: checking for stdint.h
configure:13087: result: yes
configure:13087: checking sys/file.h usability
configure:13087: /afl/afl-clang-fast -c     conftest.c >&5
configure:13087: $? = 0
configure:13087: result: yes
configure:13087: checking sys/file.h presence
configure:13087: /afl/afl-clang-fast -E  conftest.c
configure:13087: $? = 0
configure:13087: result: yes
configure:13087: checking for sys/file.h
configure:13087: result: yes
configure:13087: checking for sys/stat.h
configure:13087: result: yes
configure:13087: checking sys/time.h usability
configure:13087: /afl/afl-clang-fast -c     conftest.c >&5
configure:13087: $? = 0
configure:13087: result: yes
configure:13087: checking sys/time.h presence
configure:13087: /afl/afl-clang-fast -E  conftest.c
configure:13087: $? = 0
configure:13087: result: yes
configure:13087: checking for sys/time.h
configure:13087: result: yes
configure:13087: checking for sys/types.h
configure:13087: result: yes
configure:13087: checking for unistd.h
configure:13087: result: yes
configure:13097: checking for sys/wait.h that is POSIX.1 compatible
configure:13123: /afl/afl-clang-fast -c     conftest.c >&5
Inst main
configure:13123: $? = 0
configure:13130: result: yes
configure:13144: checking for stdlib.h
configure:13144: result: yes
configure:13144: checking for unistd.h
configure:13144: result: yes
configure:13144: checking for sys/param.h
configure:13144: /afl/afl-clang-fast -c     conftest.c >&5
configure:13144: $? = 0
configure:13144: result: yes
configure:13164: checking for getpagesize
configure:13164: /afl/afl-clang-fast -o conftest       conftest.c  >&5
Inst main
configure:13164: $? = 0
configure:13164: result: yes
configure:13173: checking for working mmap
configure:13320: /afl/afl-clang-fast -o conftest       conftest.c  >&5
Inst main
configure:13320: $? = 0
configure:13320: ./conftest
configure:13320: $? = 0
configure:13330: result: yes
configure:13342: checking for getc_unlocked
configure:13342: /afl/afl-clang-fast -o conftest       conftest.c  >&5
Inst main
configure:13342: $? = 0
configure:13342: result: yes
configure:13342: checking for mkdtemp
configure:13342: /afl/afl-clang-fast -o conftest       conftest.c  >&5
Inst main
configure:13342: $? = 0
configure:13342: result: yes
configure:13342: checking for mkstemp
configure:13342: /afl/afl-clang-fast -o conftest       conftest.c  >&5
Inst main
configure:13342: $? = 0
configure:13342: result: yes
configure:13342: checking for sbrk
configure:13342: /afl/afl-clang-fast -o conftest       conftest.c  >&5
Inst main
configure:13342: $? = 0
configure:13342: result: yes
configure:13342: checking for utimensat
configure:13342: /afl/afl-clang-fast -o conftest       conftest.c  >&5
Inst main
configure:13342: $? = 0
configure:13342: result: yes
configure:13342: checking for utimes
configure:13342: /afl/afl-clang-fast -o conftest       conftest.c  >&5
Inst main
configure:13342: $? = 0
configure:13342: result: yes
configure:13352: checking for mbstate_t
configure:13365: /afl/afl-clang-fast -c     conftest.c >&5
Inst main
configure:13365: $? = 0
configure:13371: result: yes
configure:13381: checking for struct stat.st_atim.tv_nsec
configure:13381: /afl/afl-clang-fast -c     conftest.c >&5
	main.ac_aggr
%struct.stat = type { i64, i64, i64, i32, i32, i32, i32, i64, i64, i64, i64, %struct.timespec, %struct.timespec, %struct.timespec, [3 x i64] }	main.ac_aggr
Inst main
configure:13381: $? = 0
configure:13381: result: yes
configure:13390: checking whether struct stat.st_atim is of type struct timespec
configure:13417: /afl/afl-clang-fast -c     conftest.c >&5
Inst main
configure:13417: $? = 0
configure:13424: result: yes
configure:13474: checking for library containing frexp
configure:13505: /afl/afl-clang-fast -o conftest       conftest.c  >&5
conftest.c:68:6: warning: incompatible redeclaration of library function 'frexp' [-Wincompatible-library-redeclaration]
char frexp ();
     ^
conftest.c:68:6: note: 'frexp' is a builtin with type 'double (double, int *)'
Inst main
1 warning generated.
configure:13505: $? = 0
configure:13522: result: none required
configure:13532: checking for LC_MESSAGES
configure:13548: /afl/afl-clang-fast -o conftest       conftest.c  >&5
Inst main
configure:13548: $? = 0
configure:13556: result: yes
configure:13565: checking for a known getopt prototype in unistd.h
configure:13581: /afl/afl-clang-fast -c     conftest.c >&5
Inst main
configure:13581: $? = 0
configure:13589: result: yes
configure:13599: checking for utime.h
configure:13619: /afl/afl-clang-fast -c     conftest.c >&5
Inst main
configure:13619: $? = 0
configure:13627: result: yes
configure:13635: checking whether asprintf is declared
configure:13635: /afl/afl-clang-fast -c     conftest.c >&5
Inst main
configure:13635: $? = 0
configure:13635: result: yes
configure:13645: checking whether environ is declared
configure:13645: /afl/afl-clang-fast -c     conftest.c >&5
Inst main
configure:13645: $? = 0
configure:13645: result: yes
configure:13655: checking whether getc_unlocked is declared
configure:13655: /afl/afl-clang-fast -c     conftest.c >&5
Inst main
configure:13655: $? = 0
configure:13655: result: yes
configure:13665: checking whether sbrk is declared
configure:13665: /afl/afl-clang-fast -c     conftest.c >&5
Inst main
configure:13665: $? = 0
configure:13665: result: yes
configure:13675: checking whether stpcpy is declared
configure:13675: /afl/afl-clang-fast -c     conftest.c >&5
Inst main
configure:13675: $? = 0
configure:13675: result: yes
configure:13685: checking whether strnlen is declared
configure:13685: /afl/afl-clang-fast -c     conftest.c >&5
Inst main
configure:13685: $? = 0
configure:13685: result: yes
configure:13742: checking iconv.h usability
configure:13742: /afl/afl-clang-fast -c     conftest.c >&5
configure:13742: $? = 0
configure:13742: result: yes
configure:13742: checking iconv.h presence
configure:13742: /afl/afl-clang-fast -E  conftest.c
configure:13742: $? = 0
configure:13742: result: yes
configure:13742: checking for iconv.h
configure:13742: result: yes
configure:13788: checking for ld used by GCC
configure:13851: result: /usr/bin/ld -m elf_x86_64
configure:13858: checking if the linker (/usr/bin/ld -m elf_x86_64) is GNU ld
GNU ld (GNU Binutils for Ubuntu) 2.26.1
configure:13870: result: yes
configure:13876: checking for shared library run path origin
configure:13889: result: done
configure:14309: checking for iconv
configure:14333: /afl/afl-clang-fast -o conftest        conftest.c  >&5
Inst main
configure:14333: $? = 0
configure:14407: result: yes
configure:14450: checking for iconv declaration
configure:14479: /afl/afl-clang-fast -c     conftest.c >&5
Inst main
configure:14479: $? = 0
configure:14490: result: 
         extern size_t iconv (iconv_t cd, char * *inbuf, size_t *inbytesleft, char * *outbuf, size_t *outbytesleft);
configure:14808: updating cache ./config.cache
configure:14852: checking that generated files are newer than configure
configure:14858: result: done
configure:14893: creating ./config.status

## ---------------------- ##
## Running config.status. ##
## ---------------------- ##

This file was extended by binutils config.status 2.38, which was
generated by GNU Autoconf 2.69.  Invocation command line was

  CONFIG_FILES    = 
  CONFIG_HEADERS  = 
  CONFIG_LINKS    = 
  CONFIG_COMMANDS = 
  $ ./config.status 

on 465f78cd93c0

config.status:1190: creating Makefile
config.status:1190: creating po/Makefile.in
config.status:1190: creating config.h
config.status:1371: config.h is unchanged
config.status:1419: executing depfiles commands
config.status:1419: executing libtool commands
config.status:1419: executing default-1 commands

## ---------------- ##
## Cache variables. ##
## ---------------- ##

ac_cv_build=x86_64-pc-linux-gnu
ac_cv_c_compiler_gnu=yes
ac_cv_env_CC_set=set
ac_cv_env_CC_value=/afl/afl-clang-fast
ac_cv_env_CFLAGS_set=set
ac_cv_env_CFLAGS_value='  '
ac_cv_env_CPPFLAGS_set=
ac_cv_env_CPPFLAGS_value=
ac_cv_env_CPP_set=
ac_cv_env_CPP_value=
ac_cv_env_DEBUGINFOD_CFLAGS_set=
ac_cv_env_DEBUGINFOD_CFLAGS_value=
ac_cv_env_DEBUGINFOD_LIBS_set=
ac_cv_env_DEBUGINFOD_LIBS_value=
ac_cv_env_LDFLAGS_set=set
ac_cv_env_LDFLAGS_value=' '
ac_cv_env_LIBS_set=
ac_cv_env_LIBS_value=
ac_cv_env_PKG_CONFIG_LIBDIR_set=
ac_cv_env_PKG_CONFIG_LIBDIR_value=
ac_cv_env_PKG_CONFIG_PATH_set=
ac_cv_env_PKG_CONFIG_PATH_value=
ac_cv_env_PKG_CONFIG_set=
ac_cv_env_PKG_CONFIG_value=
ac_cv_env_YACC_set=set
ac_cv_env_YACC_value='/src/binutils-2.38/missing bison -y'
ac_cv_env_YFLAGS_set=
ac_cv_env_YFLAGS_value=
ac_cv_env_build_alias_set=set
ac_cv_env_build_alias_value=x86_64-pc-linux-gnu
ac_cv_env_host_alias_set=set
ac_cv_env_host_alias_value=x86_64-pc-linux-gnu
ac_cv_env_target_alias_set=set
ac_cv_env_target_alias_value=x86_64-pc-linux-gnu
ac_cv_func_getc_unlocked=yes
ac_cv_func_getpagesize=yes
ac_cv_func_mkdtemp=yes
ac_cv_func_mkstemp=yes
ac_cv_func_mmap_fixed_mapped=yes
ac_cv_func_sbrk=yes
ac_cv_func_utimensat=yes
ac_cv_func_utimes=yes
ac_cv_have_decl_asprintf=yes
ac_cv_have_decl_environ=yes
ac_cv_have_decl_getc_unlocked=yes
ac_cv_have_decl_sbrk=yes
ac_cv_have_decl_stpcpy=yes
ac_cv_have_decl_strnlen=yes
ac_cv_header_dlfcn_h=yes
ac_cv_header_fcntl_h=yes
ac_cv_header_iconv_h=yes
ac_cv_header_inttypes_h=yes
ac_cv_header_memory_h=yes
ac_cv_header_minix_config_h=no
ac_cv_header_stdc=yes
ac_cv_header_stdint_h=yes
ac_cv_header_stdlib_h=yes
ac_cv_header_string_h=yes
ac_cv_header_strings_h=yes
ac_cv_header_sys_file_h=yes
ac_cv_header_sys_param_h=yes
ac_cv_header_sys_stat_h=yes
ac_cv_header_sys_time_h=yes
ac_cv_header_sys_types_h=yes
ac_cv_header_sys_wait_h=yes
ac_cv_header_unistd_h=yes
ac_cv_header_windows_h=no
ac_cv_host=x86_64-pc-linux-gnu
ac_cv_member_struct_stat_st_atim_tv_nsec=yes
ac_cv_objext=o
ac_cv_path_EGREP='/bin/grep -E'
ac_cv_path_FGREP='/bin/grep -F'
ac_cv_path_GMSGFMT=:
ac_cv_path_GREP=/bin/grep
ac_cv_path_MSGFMT=:
ac_cv_path_MSGMERGE=:
ac_cv_path_SED=/bin/sed
ac_cv_path_XGETTEXT=:
ac_cv_path_mkdir=/bin/mkdir
ac_cv_prog_AR='ar '
ac_cv_prog_AWK=mawk
ac_cv_prog_CC=/afl/afl-clang-fast
ac_cv_prog_CPP='/afl/afl-clang-fast -E'
ac_cv_prog_LEX='/src/binutils-2.38/missing flex'
ac_cv_prog_OBJDUMP=objdump
ac_cv_prog_RANLIB='ranlib '
ac_cv_prog_YACC='/src/binutils-2.38/missing bison -y'
ac_cv_prog_ac_ct_STRIP=strip
ac_cv_prog_cc_c89=
ac_cv_prog_cc_g=yes
ac_cv_prog_make_make_set=yes
ac_cv_safe_to_define___extensions__=yes
ac_cv_search_dlsym='none required'
ac_cv_search_frexp='none required'
ac_cv_sizeof_long=8
ac_cv_sizeof_long_long=8
ac_cv_sys_file_offset_bits=no
ac_cv_sys_largefile_CC=no
ac_cv_target=x86_64-pc-linux-gnu
ac_cv_typeof_struct_stat_st_atim_is_struct_timespec=yes
acl_cv_hardcode_direct=no
acl_cv_hardcode_libdir_flag_spec='${wl}-rpath ${wl}$libdir'
acl_cv_hardcode_libdir_separator=
acl_cv_hardcode_minus_L=no
acl_cv_libext=a
acl_cv_path_LD='/usr/bin/ld -m elf_x86_64'
acl_cv_prog_gnu_ld=yes
acl_cv_rpath=done
acl_cv_shlibext=so
acl_cv_wl=-Wl,
am_cv_CC_dependencies_compiler_type=gcc3
am_cv_func_iconv=yes
am_cv_lib_iconv=no
am_cv_make_support_nested_variables=yes
am_cv_prog_cc_c_o=yes
am_cv_proto_iconv='extern size_t iconv (iconv_t cd, char * *inbuf, size_t *inbytesleft, char * *outbuf, size_t *outbytesleft);'
am_cv_proto_iconv_arg1=
am_cv_val_LC_MESSAGES=yes
bu_cv_decl_getopt_unistd_h=yes
bu_cv_header_utime_h=yes
lt_cv_deplibs_check_method=pass_all
lt_cv_file_magic_cmd='$MAGIC_CMD'
lt_cv_file_magic_test_file=
lt_cv_ld_reload_flag=-r
lt_cv_nm_interface='BSD nm'
lt_cv_objdir=.libs
lt_cv_path_LD=/usr/bin/ld
lt_cv_path_NM='/usr/bin/nm -B'
lt_cv_prog_compiler_c_o=yes
lt_cv_prog_compiler_pic_works=yes
lt_cv_prog_compiler_rtti_exceptions=yes
lt_cv_prog_compiler_static_works=no
lt_cv_prog_gnu_ld=yes
lt_cv_shlibpath_overrides_runpath=no
lt_cv_sys_global_symbol_pipe='sed -n -e '\''s/^.*[	 ]\([ABCDGIRSTW][ABCDGIRSTW]*\)[	 ][	 ]*\([_A-Za-z][_A-Za-z0-9]*\)$/\1 \2 \2/p'\'''
lt_cv_sys_global_symbol_to_c_name_address='sed -n -e '\''s/^: \([^ ]*\) $/  {\"\1\", (void *) 0},/p'\'' -e '\''s/^[ABCDGIRSTW]* \([^ ]*\) \([^ ]*\)$/  {"\2", (void *) \&\2},/p'\'''
lt_cv_sys_global_symbol_to_c_name_address_lib_prefix='sed -n -e '\''s/^: \([^ ]*\) $/  {\"\1\", (void *) 0},/p'\'' -e '\''s/^[ABCDGIRSTW]* \([^ ]*\) \(lib[^ ]*\)$/  {"\2", (void *) \&\2},/p'\'' -e '\''s/^[ABCDGIRSTW]* \([^ ]*\) \([^ ]*\)$/  {"lib\2", (void *) \&\2},/p'\'''
lt_cv_sys_global_symbol_to_cdecl='sed -n -e '\''s/^T .* \(.*\)$/extern int \1();/p'\'' -e '\''s/^[ABCDGIRSTW]* .* \(.*\)$/extern char \1;/p'\'''
lt_cv_sys_max_cmd_len=1572864

## ----------------- ##
## Output variables. ##
## ----------------- ##

ACLOCAL='${SHELL} /src/binutils-2.38/missing aclocal-1.15'
AMDEPBACKSLASH='\'
AMDEP_FALSE='#'
AMDEP_TRUE=''
AMTAR='$${TAR-tar}'
AM_BACKSLASH='\'
AM_DEFAULT_V='$(AM_DEFAULT_VERBOSITY)'
AM_DEFAULT_VERBOSITY='0'
AM_V='$(V)'
AR='ar '
AUTOCONF='${SHELL} /src/binutils-2.38/missing autoconf'
AUTOHEADER='${SHELL} /src/binutils-2.38/missing autoheader'
AUTOMAKE='${SHELL} /src/binutils-2.38/missing automake-1.15'
AWK='mawk'
BUILD_DLLTOOL=''
BUILD_DLLWRAP=''
BUILD_INSTALL_MISC=''
BUILD_MISC=''
BUILD_SRCONV=''
BUILD_WINDMC=''
BUILD_WINDRES=''
CATALOGS=' bg.gmo ca.gmo da.gmo es.gmo fi.gmo fr.gmo hr.gmo id.gmo it.gmo ja.gmo pt.gmo ro.gmo ru.gmo rw.gmo sk.gmo sr.gmo sv.gmo tr.gmo uk.gmo vi.gmo zh_CN.gmo zh_TW.gmo bg.gmo ca.gmo da.gmo es.gmo fi.gmo fr.gmo hr.gmo id.gmo it.gmo ja.gmo pt.gmo ro.gmo ru.gmo rw.gmo sk.gmo sr.gmo sv.gmo tr.gmo uk.gmo vi.gmo zh_CN.gmo zh_TW.gmo'
CATOBJEXT='.gmo'
CC='/afl/afl-clang-fast'
CCDEPMODE='depmode=gcc3'
CC_FOR_BUILD='/afl/afl-clang-fast'
CFLAGS='  '
CPP='/afl/afl-clang-fast -E'
CPPFLAGS=''
CYGPATH_W='echo'
DATADIRNAME='share'
DEBUGINFOD_CFLAGS=''
DEBUGINFOD_LIBS=''
DEFS='-DHAVE_CONFIG_H'
DEMANGLER_NAME='c++filt'
DEPDIR='.deps'
DLLTOOL_DEFS=' '
DSYMUTIL='@DSYMUTIL@'
DUMPBIN=''
ECHO_C=''
ECHO_N='-n'
ECHO_T=''
EGREP='/bin/grep -E'
EMULATION='vanilla'
EMULATION_VECTOR='bin_vanilla_emulation'
ENABLE_LIBCTF_FALSE='#'
ENABLE_LIBCTF_TRUE=''
EXEEXT=''
EXEEXT_FOR_BUILD='$(EXEEXT)'
FGREP='/bin/grep -F'
GENCAT='gencat'
GENINSRC_NEVER_FALSE=''
GENINSRC_NEVER_TRUE='#'
GMSGFMT=':'
GREP='/bin/grep'
HDEFINES=''
INCINTL=''
INSTALL_DATA='/usr/bin/install -c -m 644'
INSTALL_PROGRAM='/usr/bin/install -c'
INSTALL_SCRIPT='/usr/bin/install -c'
INSTALL_STRIP_PROGRAM='$(install_sh) -c -s'
INSTOBJEXT='.mo'
LARGEFILE_CPPFLAGS=''
LD='/usr/bin/ld -m elf_x86_64'
LDFLAGS=' '
LEX='/src/binutils-2.38/missing flex'
LEXLIB=''
LEX_OUTPUT_ROOT=''
LIBICONV=''
LIBINTL=''
LIBINTL_DEP=''
LIBOBJS=''
LIBS=''
LIBTOOL='$(SHELL) $(top_builddir)/libtool'
LIPO=''
LN_S='ln -s'
LTLIBICONV=''
LTLIBOBJS=''
MAINT='#'
MAINTAINER_MODE_FALSE=''
MAINTAINER_MODE_TRUE='#'
MAKEINFO='/src/binutils-2.38/missing makeinfo --split-size=5000000'
MKDIR_P='/bin/mkdir -p'
MKINSTALLDIRS='$(top_builddir)/./../mkinstalldirs'
MSGFMT=':'
MSGMERGE=':'
NM='/usr/bin/nm -B'
NMEDIT=''
NO_WERROR=''
OBJDUMP='objdump'
OBJDUMP_DEFS=' -DOBJDUMP_PRIVATE_VECTORS=""'
OBJDUMP_PRIVATE_OFILES=''
OBJEXT='o'
OTOOL64=''
OTOOL='@OTOOL@'
PACKAGE='binutils'
PACKAGE_BUGREPORT=''
PACKAGE_NAME='binutils'
PACKAGE_STRING='binutils 2.38'
PACKAGE_TARNAME='binutils'
PACKAGE_URL=''
PACKAGE_VERSION='2.38'
PATH_SEPARATOR=':'
PKG_CONFIG=''
PKG_CONFIG_LIBDIR=''
PKG_CONFIG_PATH=''
POSUB='po'
RANLIB='ranlib '
SED='/bin/sed'
SET_MAKE=''
SHELL='/bin/bash'
STRIP='strip'
USE_NLS='yes'
VERSION='2.38'
WARN_CFLAGS='-W -Wall -Wstrict-prototypes -Wmissing-prototypes -Wshadow'
WARN_CFLAGS_FOR_BUILD='-W -Wall -Wstrict-prototypes -Wmissing-prototypes -Wshadow -Wstack-usage=262144'
WARN_WRITE_STRINGS='-Wwrite-strings'
XGETTEXT=':'
YACC='/src/binutils-2.38/missing bison -y'
YFLAGS=''
ac_ct_CC=''
ac_ct_DUMPBIN=''
am__EXEEXT_FALSE=''
am__EXEEXT_TRUE='#'
am__fastdepCC_FALSE='#'
am__fastdepCC_TRUE=''
am__include='include'
am__isrc=''
am__leading_dot='.'
am__nodep='_no'
am__quote=''
am__tar='$${TAR-tar} chof - "$$tardir"'
am__untar='$${TAR-tar} xf -'
bindir='${exec_prefix}/bin'
build='x86_64-pc-linux-gnu'
build_alias='x86_64-pc-linux-gnu'
build_cpu='x86_64'
build_os='linux-gnu'
build_vendor='pc'
datadir='${datarootdir}'
datarootdir='${prefix}/share'
docdir='${datarootdir}/doc/${PACKAGE_TARNAME}'
dvidir='${docdir}'
exec_prefix='${prefix}'
host='x86_64-pc-linux-gnu'
host_alias='x86_64-pc-linux-gnu'
host_cpu='x86_64'
host_os='linux-gnu'
host_vendor='pc'
htmldir='${docdir}'
includedir='${prefix}/include'
infodir='${datarootdir}/info'
install_sh='${SHELL} /src/binutils-2.38/install-sh'
libdir='${exec_prefix}/lib'
libexecdir='${exec_prefix}/libexec'
localedir='${datarootdir}/locale'
localstatedir='${prefix}/var'
mandir='${datarootdir}/man'
mkdir_p='$(MKDIR_P)'
oldincludedir='/usr/include'
pdfdir='${docdir}'
prefix='/usr/local'
program_transform_name='s,y,y,'
psdir='${docdir}'
sbindir='${exec_prefix}/sbin'
sharedstatedir='${prefix}/com'
sysconfdir='${prefix}/etc'
target='x86_64-pc-linux-gnu'
target_alias='x86_64-pc-linux-gnu'
target_cpu='x86_64'
target_os='linux-gnu'
target_vendor='pc'
zlibdir='-L$(top_builddir)/../zlib'
zlibinc='-I$(top_srcdir)/../zlib'

## ----------- ##
## confdefs.h. ##
## ----------- ##

/* confdefs.h */
#define PACKAGE_NAME "binutils"
#define PACKAGE_TARNAME "binutils"
#define PACKAGE_VERSION "2.38"
#define PACKAGE_STRING "binutils 2.38"
#define PACKAGE_BUGREPORT ""
#define PACKAGE_URL ""
#define PACKAGE "binutils"
#define VERSION "2.38"
#define STDC_HEADERS 1
#define HAVE_SYS_TYPES_H 1
#define HAVE_SYS_STAT_H 1
#define HAVE_STDLIB_H 1
#define HAVE_STRING_H 1
#define HAVE_MEMORY_H 1
#define HAVE_STRINGS_H 1
#define HAVE_INTTYPES_H 1
#define HAVE_STDINT_H 1
#define HAVE_UNISTD_H 1
#define __EXTENSIONS__ 1
#define _ALL_SOURCE 1
#define _GNU_SOURCE 1
#define _POSIX_PTHREAD_SEMANTICS 1
#define _TANDEM_SOURCE 1
#define HAVE_DLFCN_H 1
#define LT_OBJDIR ".libs/"
#define HAVE_DLFCN_H 1
#define DEFAULT_AR_DETERMINISTIC 0
#define DEFAULT_STRINGS_ALL 1
#define DEFAULT_F_FOR_IFUNC_SYMBOLS 0
#define DEFAULT_FOR_FOLLOW_LINKS 1
#define ENABLE_LIBCTF 1
#define ENABLE_NLS 1
#define EXECUTABLE_SUFFIX ""
#define SIZEOF_LONG 8
#define SIZEOF_LONG_LONG 8
#define HAVE_FCNTL_H 1
#define HAVE_INTTYPES_H 1
#define HAVE_STDINT_H 1
#define HAVE_SYS_FILE_H 1
#define HAVE_SYS_STAT_H 1
#define HAVE_SYS_TIME_H 1
#define HAVE_SYS_TYPES_H 1
#define HAVE_UNISTD_H 1
#define HAVE_SYS_WAIT_H 1
#define HAVE_STDLIB_H 1
#define HAVE_UNISTD_H 1
#define HAVE_SYS_PARAM_H 1
#define HAVE_GETPAGESIZE 1
#define HAVE_MMAP 1
#define HAVE_GETC_UNLOCKED 1
#define HAVE_MKDTEMP 1
#define HAVE_MKSTEMP 1
#define HAVE_SBRK 1
#define HAVE_UTIMENSAT 1
#define HAVE_UTIMES 1
#define HAVE_MBSTATE_T 1
#define HAVE_STRUCT_STAT_ST_ATIM_TV_NSEC 1
#define TYPEOF_STRUCT_STAT_ST_ATIM_IS_STRUCT_TIMESPEC 1
#define HAVE_LC_MESSAGES 1
#define HAVE_DECL_GETOPT 1
#define HAVE_GOOD_UTIME_H 1
#define HAVE_DECL_ASPRINTF 1
#define HAVE_DECL_ENVIRON 1
#define HAVE_DECL_GETC_UNLOCKED 1
#define HAVE_DECL_SBRK 1
#define HAVE_DECL_STPCPY 1
#define HAVE_DECL_STRNLEN 1
#define HAVE_ICONV 1
#define ICONV_CONST 
#define TARGET "x86_64-pc-linux-gnu"
#define TARGET_PREPENDS_UNDERSCORE 0

configure: exit 0
