This file contains any messages produced by compilers while
running configure, to aid debugging if configure makes a mistake.

It was created by libctf configure 1.2.0, which was
generated by GNU Autoconf 2.69.  Invocation command line was

  $ /src/binutils-2.38/libctf/configure --srcdir=.././libctf --cache-file=./config.cache --with-gnu-as --with-gnu-ld --disable-shared --program-transform-name=s,y,y, --disable-option-checking --build=x86_64-pc-linux-gnu --host=x86_64-pc-linux-gnu --target=x86_64-pc-linux-gnu

## --------- ##
## Platform. ##
## --------- ##

hostname = 465f78cd93c0
uname -m = x86_64
uname -r = 5.4.0-100-generic
uname -s = Linux
uname -v = #113-Ubuntu SMP Thu Feb 3 18:43:29 UTC 2022

/usr/bin/uname -p = unknown
/bin/uname -X     = unknown

/bin/arch              = unknown
/usr/bin/arch -k       = unknown
/usr/convex/getsysinfo = unknown
/usr/bin/hostinfo      = unknown
/bin/machine           = unknown
/usr/bin/oslevel       = unknown
/bin/universe          = unknown

PATH: /usr/local/sbin
PATH: /usr/local/bin
PATH: /usr/sbin
PATH: /usr/bin
PATH: /sbin
PATH: /bin
PATH: /out
PATH: /root/.go/bin
PATH: /root/go/bin
PATH: /rust/bin
PATH: /usr/lib/jvm/java-15-openjdk-amd64/bin


## ----------- ##
## Core tests. ##
## ----------- ##

configure:2242: creating cache ./config.cache
configure:2359: checking build system type
configure:2373: result: x86_64-pc-linux-gnu
configure:2393: checking host system type
configure:2406: result: x86_64-pc-linux-gnu
configure:2426: checking target system type
configure:2439: result: x86_64-pc-linux-gnu
configure:2476: checking for x86_64-pc-linux-gnu-gcc
configure:2503: result: /afl/afl-clang-fast
configure:2772: checking for C compiler version
configure:2781: /afl/afl-clang-fast --version >&5
clang version 12.0.0 (https://github.com/llvm/llvm-project.git 6de4865545da73687dd6d28d153cd345ed5e7918)
Target: x86_64-unknown-linux-gnu
Thread model: posix
InstalledDir: /usr/local/bin
configure:2792: $? = 0
configure:2781: /afl/afl-clang-fast -v >&5
clang version 12.0.0 (https://github.com/llvm/llvm-project.git 6de4865545da73687dd6d28d153cd345ed5e7918)
Target: x86_64-unknown-linux-gnu
Thread model: posix
InstalledDir: /usr/local/bin
Found candidate GCC installation: /usr/lib/gcc/x86_64-linux-gnu/5
Found candidate GCC installation: /usr/lib/gcc/x86_64-linux-gnu/5.4.0
Found candidate GCC installation: /usr/lib/gcc/x86_64-linux-gnu/6
Found candidate GCC installation: /usr/lib/gcc/x86_64-linux-gnu/6.0.0
Found candidate GCC installation: /usr/lib/gcc/x86_64-linux-gnu/9
Selected GCC installation: /usr/lib/gcc/x86_64-linux-gnu/9
... rest of stderr output deleted ...
configure:2792: $? = 1
configure:2781: /afl/afl-clang-fast -V >&5
clang-12: error: unsupported option '-V -ldl'
configure:2792: $? = 1
configure:2781: /afl/afl-clang-fast -qversion >&5
clang-12: error: unknown argument '-qversion'; did you mean '--version'?
configure:2792: $? = 1
configure:2812: checking whether the C compiler works
configure:2834: /afl/afl-clang-fast       conftest.c  >&5
Inst main
configure:2838: $? = 0
configure:2886: result: yes
configure:2889: checking for C compiler default output file name
configure:2891: result: a.out
configure:2897: checking for suffix of executables
configure:2904: /afl/afl-clang-fast -o conftest       conftest.c  >&5
Inst main
configure:2908: $? = 0
configure:2930: result: 
configure:2952: checking whether we are cross compiling
configure:2960: /afl/afl-clang-fast -o conftest       conftest.c  >&5
Inst main
configure:2964: $? = 0
configure:2971: ./conftest
configure:2975: $? = 0
configure:2990: result: no
configure:2995: checking for suffix of object files
configure:3017: /afl/afl-clang-fast -c     conftest.c >&5
Inst main
configure:3021: $? = 0
configure:3042: result: o
configure:3046: checking whether we are using the GNU C compiler
configure:3065: /afl/afl-clang-fast -c     conftest.c >&5
Inst main
configure:3065: $? = 0
configure:3074: result: yes
configure:3083: checking whether /afl/afl-clang-fast accepts -g
configure:3103: /afl/afl-clang-fast -c -g  conftest.c >&5
Inst main
configure:3103: $? = 0
configure: failed program was:
| /* confdefs.h */
| #define PACKAGE_NAME "libctf"
| #define PACKAGE_TARNAME "libctf"
| #define PACKAGE_VERSION "1.2.0"
| #define PACKAGE_STRING "libctf 1.2.0"
| #define PACKAGE_BUGREPORT ""
| #define PACKAGE_URL ""
| /* end confdefs.h.  */
| 
| int
| main ()
| {
| 
|   ;
|   return 0;
| }
configure:3118: /afl/afl-clang-fast -c   conftest.c >&5
Inst main
configure:3118: $? = 0
configure: failed program was:
| /* confdefs.h */
| #define PACKAGE_NAME "libctf"
| #define PACKAGE_TARNAME "libctf"
| #define PACKAGE_VERSION "1.2.0"
| #define PACKAGE_STRING "libctf 1.2.0"
| #define PACKAGE_BUGREPORT ""
| #define PACKAGE_URL ""
| /* end confdefs.h.  */
| 
| int
| main ()
| {
| 
|   ;
|   return 0;
| }
configure:3134: /afl/afl-clang-fast -c -g  conftest.c >&5
Inst main
configure:3134: $? = 0
configure:3144: result: yes
configure:3161: checking for /afl/afl-clang-fast option to accept ISO C89
configure:3224: /afl/afl-clang-fast  -c     conftest.c >&5
	argv_var_ptr
i8**	argv
Inst main
configure:3224: $? = 0
configure:3237: result: none needed
configure:3262: checking whether /afl/afl-clang-fast understands -c and -o together
configure:3284: /afl/afl-clang-fast -c conftest.c -o conftest2.o
Inst main
configure:3287: $? = 0
configure:3284: /afl/afl-clang-fast -c conftest.c -o conftest2.o
Inst main
configure:3287: $? = 0
configure:3299: result: yes
configure:3322: checking how to run the C preprocessor
configure:3353: /afl/afl-clang-fast -E  conftest.c
configure:3353: $? = 0
configure:3367: /afl/afl-clang-fast -E  conftest.c
conftest.c:9:10: fatal error: 'ac_nonexistent.h' file not found
#include <ac_nonexistent.h>
         ^~~~~~~~~~~~~~~~~~
1 error generated.
configure:3367: $? = 1
configure: failed program was:
| /* confdefs.h */
| #define PACKAGE_NAME "libctf"
| #define PACKAGE_TARNAME "libctf"
| #define PACKAGE_VERSION "1.2.0"
| #define PACKAGE_STRING "libctf 1.2.0"
| #define PACKAGE_BUGREPORT ""
| #define PACKAGE_URL ""
| /* end confdefs.h.  */
| #include <ac_nonexistent.h>
configure:3392: result: /afl/afl-clang-fast -E
configure:3412: /afl/afl-clang-fast -E  conftest.c
configure:3412: $? = 0
configure:3426: /afl/afl-clang-fast -E  conftest.c
conftest.c:9:10: fatal error: 'ac_nonexistent.h' file not found
#include <ac_nonexistent.h>
         ^~~~~~~~~~~~~~~~~~
1 error generated.
configure:3426: $? = 1
configure: failed program was:
| /* confdefs.h */
| #define PACKAGE_NAME "libctf"
| #define PACKAGE_TARNAME "libctf"
| #define PACKAGE_VERSION "1.2.0"
| #define PACKAGE_STRING "libctf 1.2.0"
| #define PACKAGE_BUGREPORT ""
| #define PACKAGE_URL ""
| /* end confdefs.h.  */
| #include <ac_nonexistent.h>
configure:3455: checking for grep that handles long lines and -e
configure:3513: result: /bin/grep
configure:3518: checking for egrep
configure:3580: result: /bin/grep -E
configure:3585: checking for ANSI C header files
configure:3605: /afl/afl-clang-fast -c     conftest.c >&5
Inst main
configure:3605: $? = 0
configure:3678: /afl/afl-clang-fast -o conftest       conftest.c  >&5
Inst main
configure:3678: $? = 0
configure:3678: ./conftest
configure:3678: $? = 0
configure:3689: result: yes
configure:3702: checking for sys/types.h
configure:3702: /afl/afl-clang-fast -c     conftest.c >&5
configure:3702: $? = 0
configure:3702: result: yes
configure:3702: checking for sys/stat.h
configure:3702: /afl/afl-clang-fast -c     conftest.c >&5
configure:3702: $? = 0
configure:3702: result: yes
configure:3702: checking for stdlib.h
configure:3702: /afl/afl-clang-fast -c     conftest.c >&5
configure:3702: $? = 0
configure:3702: result: yes
configure:3702: checking for string.h
configure:3702: /afl/afl-clang-fast -c     conftest.c >&5
configure:3702: $? = 0
configure:3702: result: yes
configure:3702: checking for memory.h
configure:3702: /afl/afl-clang-fast -c     conftest.c >&5
configure:3702: $? = 0
configure:3702: result: yes
configure:3702: checking for strings.h
configure:3702: /afl/afl-clang-fast -c     conftest.c >&5
configure:3702: $? = 0
configure:3702: result: yes
configure:3702: checking for inttypes.h
configure:3702: /afl/afl-clang-fast -c     conftest.c >&5
configure:3702: $? = 0
configure:3702: result: yes
configure:3702: checking for stdint.h
configure:3702: /afl/afl-clang-fast -c     conftest.c >&5
configure:3702: $? = 0
configure:3702: result: yes
configure:3702: checking for unistd.h
configure:3702: /afl/afl-clang-fast -c     conftest.c >&5
configure:3702: $? = 0
configure:3702: result: yes
configure:3715: checking minix/config.h usability
configure:3715: /afl/afl-clang-fast -c     conftest.c >&5
conftest.c:52:10: fatal error: 'minix/config.h' file not found
#include <minix/config.h>
         ^~~~~~~~~~~~~~~~
1 error generated.
configure:3715: $? = 1
configure: failed program was:
| /* confdefs.h */
| #define PACKAGE_NAME "libctf"
| #define PACKAGE_TARNAME "libctf"
| #define PACKAGE_VERSION "1.2.0"
| #define PACKAGE_STRING "libctf 1.2.0"
| #define PACKAGE_BUGREPORT ""
| #define PACKAGE_URL ""
| #define STDC_HEADERS 1
| #define HAVE_SYS_TYPES_H 1
| #define HAVE_SYS_STAT_H 1
| #define HAVE_STDLIB_H 1
| #define HAVE_STRING_H 1
| #define HAVE_MEMORY_H 1
| #define HAVE_STRINGS_H 1
| #define HAVE_INTTYPES_H 1
| #define HAVE_STDINT_H 1
| #define HAVE_UNISTD_H 1
| /* end confdefs.h.  */
| #include <stdio.h>
| #ifdef HAVE_SYS_TYPES_H
| # include <sys/types.h>
| #endif
| #ifdef HAVE_SYS_STAT_H
| # include <sys/stat.h>
| #endif
| #ifdef STDC_HEADERS
| # include <stdlib.h>
| # include <stddef.h>
| #else
| # ifdef HAVE_STDLIB_H
| #  include <stdlib.h>
| # endif
| #endif
| #ifdef HAVE_STRING_H
| # if !defined STDC_HEADERS && defined HAVE_MEMORY_H
| #  include <memory.h>
| # endif
| # include <string.h>
| #endif
| #ifdef HAVE_STRINGS_H
| # include <strings.h>
| #endif
| #ifdef HAVE_INTTYPES_H
| # include <inttypes.h>
| #endif
| #ifdef HAVE_STDINT_H
| # include <stdint.h>
| #endif
| #ifdef HAVE_UNISTD_H
| # include <unistd.h>
| #endif
| #include <minix/config.h>
configure:3715: result: no
configure:3715: checking minix/config.h presence
configure:3715: /afl/afl-clang-fast -E  conftest.c
conftest.c:19:10: fatal error: 'minix/config.h' file not found
#include <minix/config.h>
         ^~~~~~~~~~~~~~~~
1 error generated.
configure:3715: $? = 1
configure: failed program was:
| /* confdefs.h */
| #define PACKAGE_NAME "libctf"
| #define PACKAGE_TARNAME "libctf"
| #define PACKAGE_VERSION "1.2.0"
| #define PACKAGE_STRING "libctf 1.2.0"
| #define PACKAGE_BUGREPORT ""
| #define PACKAGE_URL ""
| #define STDC_HEADERS 1
| #define HAVE_SYS_TYPES_H 1
| #define HAVE_SYS_STAT_H 1
| #define HAVE_STDLIB_H 1
| #define HAVE_STRING_H 1
| #define HAVE_MEMORY_H 1
| #define HAVE_STRINGS_H 1
| #define HAVE_INTTYPES_H 1
| #define HAVE_STDINT_H 1
| #define HAVE_UNISTD_H 1
| /* end confdefs.h.  */
| #include <minix/config.h>
configure:3715: result: no
configure:3715: checking for minix/config.h
configure:3715: result: no
configure:3736: checking whether it is safe to define __EXTENSIONS__
configure:3754: /afl/afl-clang-fast -c     conftest.c >&5
Inst main
configure:3754: $? = 0
configure:3761: result: yes
configure:3791: checking for a BSD-compatible install
configure:3859: result: /usr/bin/install -c
configure:3870: checking whether build environment is sane
configure:3925: result: yes
configure:4073: checking for a thread-safe mkdir -p
configure:4112: result: /bin/mkdir -p
configure:4119: checking for gawk
configure:4146: result: mawk
configure:4157: checking whether make sets $(MAKE)
configure:4179: result: yes
configure:4209: checking for style of include used by make
configure:4237: result: GNU
configure:4271: checking whether make supports nested variables
configure:4288: result: yes
configure:4373: checking dependency style of /afl/afl-clang-fast
configure:4484: result: gcc3
configure:4553: checking whether make supports nested variables
configure:4570: result: yes
configure:4583: checking whether make sets $(MAKE)
configure:4605: result: yes
configure:4622: checking for x86_64-pc-linux-gnu-gcc
configure:4649: result: /afl/afl-clang-fast
configure:4918: checking for C compiler version
configure:4927: /afl/afl-clang-fast --version >&5
clang version 12.0.0 (https://github.com/llvm/llvm-project.git 6de4865545da73687dd6d28d153cd345ed5e7918)
Target: x86_64-unknown-linux-gnu
Thread model: posix
InstalledDir: /usr/local/bin
configure:4938: $? = 0
configure:4927: /afl/afl-clang-fast -v >&5
clang version 12.0.0 (https://github.com/llvm/llvm-project.git 6de4865545da73687dd6d28d153cd345ed5e7918)
Target: x86_64-unknown-linux-gnu
Thread model: posix
InstalledDir: /usr/local/bin
Found candidate GCC installation: /usr/lib/gcc/x86_64-linux-gnu/5
Found candidate GCC installation: /usr/lib/gcc/x86_64-linux-gnu/5.4.0
Found candidate GCC installation: /usr/lib/gcc/x86_64-linux-gnu/6
Found candidate GCC installation: /usr/lib/gcc/x86_64-linux-gnu/6.0.0
Found candidate GCC installation: /usr/lib/gcc/x86_64-linux-gnu/9
Selected GCC installation: /usr/lib/gcc/x86_64-linux-gnu/9
... rest of stderr output deleted ...
configure:4938: $? = 1
configure:4927: /afl/afl-clang-fast -V >&5
clang-12: error: unsupported option '-V -ldl'
configure:4938: $? = 1
configure:4927: /afl/afl-clang-fast -qversion >&5
clang-12: error: unknown argument '-qversion'; did you mean '--version'?
configure:4938: $? = 1
configure:4942: checking whether we are using the GNU C compiler
configure:4970: result: yes
configure:4979: checking whether /afl/afl-clang-fast accepts -g
configure:5040: result: yes
configure:5057: checking for /afl/afl-clang-fast option to accept ISO C89
configure:5133: result: none needed
configure:5158: checking whether /afl/afl-clang-fast understands -c and -o together
configure:5195: result: yes
configure:5215: checking for x86_64-pc-linux-gnu-ranlib
configure:5242: result: ranlib 
configure:5309: checking for x86_64-pc-linux-gnu-ar
configure:5336: result: ar 
configure:5406: checking the archiver (ar ) interface
configure:5422: /afl/afl-clang-fast -c     conftest.c >&5
configure:5422: $? = 0
configure:5424: ar  cru libconftest.a conftest.o >&5
ar: `u' modifier ignored since `D' is the default (see `U')
configure:5427: $? = 0
configure:5455: result: ar
configure:5488: checking whether NLS is requested
configure:5494: result: yes
configure:5500: checking for catalogs to be installed
configure:5532: result: 
configure:5624: checking how to print strings
configure:5651: result: printf
configure:5672: checking for a sed that does not truncate output
configure:5736: result: /bin/sed
configure:5754: checking for fgrep
configure:5816: result: /bin/grep -F
configure:5851: checking for ld used by /afl/afl-clang-fast
configure:5918: result: /usr/bin/ld
configure:5925: checking if the linker (/usr/bin/ld) is GNU ld
configure:5940: result: yes
configure:5952: checking for BSD- or MS-compatible name lister (nm)
configure:6002: result: /usr/bin/nm -B
configure:6132: checking the name lister (/usr/bin/nm -B) interface
configure:6139: /afl/afl-clang-fast -c     conftest.c >&5
configure:6142: /usr/bin/nm -B "conftest.o"
configure:6145: output
0000000000000000 B some_variable
configure:6152: result: BSD nm
configure:6155: checking whether ln -s works
configure:6159: result: yes
configure:6167: checking the maximum length of command line arguments
configure:6292: result: 1572864
configure:6309: checking whether the shell understands some XSI constructs
configure:6319: result: yes
configure:6323: checking whether the shell understands "+="
configure:6329: result: yes
configure:6364: checking for /usr/bin/ld option to reload object files
configure:6371: result: -r
configure:6400: checking for x86_64-pc-linux-gnu-objdump
configure:6427: result: objdump
configure:6499: checking how to recognize dependent libraries
configure:6700: result: pass_all
configure:6733: checking for x86_64-pc-linux-gnu-ar
configure:6760: result: ar 
configure:6828: WARNING: Failed: ar  --plugin /usr/lib/gcc/x86_64-linux-gnu/9/liblto_plugin.so rc
configure:6851: checking for x86_64-pc-linux-gnu-strip
configure:6881: result: no
configure:6891: checking for strip
configure:6907: found /usr/bin/strip
configure:6918: result: strip
configure:6950: checking for x86_64-pc-linux-gnu-ranlib
configure:6977: result: ranlib 
configure:7124: checking command to parse /usr/bin/nm -B output from /afl/afl-clang-fast object
configure:7242: /afl/afl-clang-fast -c     conftest.c >&5
	nm_test_var_var_ptr
i8	nm_test_var
Inst main
configure:7245: $? = 0
configure:7249: /usr/bin/nm -B conftest.o \| sed -n -e 's/^.*[ ]\([ABCDGIRSTW][ABCDGIRSTW]*\)[ ][ ]*\([_A-Za-z][_A-Za-z0-9]*\)$/\1 \2 \2/p' \> conftest.nm
configure:7252: $? = 0
configure:7306: /afl/afl-clang-fast -o conftest       conftest.c conftstm.o >&5
configure:7309: $? = 0
configure:7347: result: ok
configure:7442: /afl/afl-clang-fast -c     conftest.c >&5
configure:7445: $? = 0
configure:8195: checking for dlfcn.h
configure:8195: /afl/afl-clang-fast -c     conftest.c >&5
configure:8195: $? = 0
configure:8195: result: yes
configure:8352: checking for objdir
configure:8367: result: .libs
configure:8638: checking if /afl/afl-clang-fast supports -fno-rtti -fno-exceptions
configure:8656: /afl/afl-clang-fast -c     -fno-rtti -fno-exceptions conftest.c >&5
configure:8660: $? = 0
configure:8673: result: yes
configure:8693: checking for /afl/afl-clang-fast option to produce PIC
configure:8979: result: -fPIC -DPIC
configure:8991: checking if /afl/afl-clang-fast PIC flag -fPIC -DPIC works
configure:9009: /afl/afl-clang-fast -c     -fPIC -DPIC -DPIC conftest.c >&5
configure:9013: $? = 0
configure:9026: result: yes
configure:9050: checking if /afl/afl-clang-fast static flag -static works
configure:9078: result: no
configure:9093: checking if /afl/afl-clang-fast supports -c -o file.o
configure:9114: /afl/afl-clang-fast -c     -o out/conftest2.o conftest.c >&5
configure:9118: $? = 0
configure:9140: result: yes
configure:9148: checking if /afl/afl-clang-fast supports -c -o file.o
configure:9195: result: yes
configure:9228: checking whether the /afl/afl-clang-fast linker (/usr/bin/ld -m elf_x86_64) supports shared libraries
configure:10299: result: yes
configure:10544: checking dynamic linker characteristics
configure:10985: /afl/afl-clang-fast -o conftest       -Wl,-rpath -Wl,/foo conftest.c  >&5
Inst main
configure:10985: $? = 0
configure:11207: result: GNU/Linux ld.so
configure:11314: checking how to hardcode library paths into programs
configure:11339: result: immediate
configure:11879: checking whether stripping libraries is possible
configure:11884: result: yes
configure:11919: checking if libtool supports shared libraries
configure:11921: result: yes
configure:11924: checking whether to build shared libraries
configure:11945: result: no
configure:11948: checking whether to build static libraries
configure:11952: result: yes
configure:11994: checking for special C compiler options needed for large files
configure:12039: result: no
configure:12045: checking for _FILE_OFFSET_BITS value needed for large files
configure:12070: /afl/afl-clang-fast -c     conftest.c >&5
Inst main
configure:12070: $? = 0
configure:12102: result: no
configure:12193: checking for aclocal
configure:12220: result: ${SHELL} /src/binutils-2.38/missing aclocal-1.15
configure:12236: checking for autoconf
configure:12263: result: ${SHELL} /src/binutils-2.38/missing autoconf
configure:12279: checking for autoheader
configure:12306: result: ${SHELL} /src/binutils-2.38/missing autoheader
configure:12340: checking whether /afl/afl-clang-fast supports -W
configure:12357: /afl/afl-clang-fast -c -W  conftest.c >&5
Inst main
configure:12357: $? = 0
configure:12366: result: yes
configure:12340: checking whether /afl/afl-clang-fast supports -Wall
configure:12357: /afl/afl-clang-fast -c -Wall  conftest.c >&5
Inst main
configure:12357: $? = 0
configure:12366: result: yes
configure:12340: checking whether /afl/afl-clang-fast supports -Wnarrowing
configure:12357: /afl/afl-clang-fast -c -Wnarrowing  conftest.c >&5
Inst main
configure:12357: $? = 0
configure:12366: result: yes
configure:12340: checking whether /afl/afl-clang-fast supports -Wwrite-strings
configure:12357: /afl/afl-clang-fast -c -Wwrite-strings  conftest.c >&5
Inst main
configure:12357: $? = 0
configure:12366: result: yes
configure:12340: checking whether /afl/afl-clang-fast supports -Wmissing-format-attribute
configure:12357: /afl/afl-clang-fast -c -Wmissing-format-attribute  conftest.c >&5
Inst main
configure:12357: $? = 0
configure:12366: result: yes
configure:12398: checking whether /afl/afl-clang-fast supports -Wstrict-prototypes
configure:12415: /afl/afl-clang-fast -c -Wstrict-prototypes  conftest.c >&5
Inst main
configure:12415: $? = 0
configure:12424: result: yes
configure:12398: checking whether /afl/afl-clang-fast supports -Wmissing-prototypes
configure:12415: /afl/afl-clang-fast -c -Wmissing-prototypes  conftest.c >&5
Inst main
configure:12415: $? = 0
configure:12424: result: yes
configure:12398: checking whether /afl/afl-clang-fast supports -Wold-style-definition
configure:12415: /afl/afl-clang-fast -c -Wold-style-definition  conftest.c >&5
Inst main
configure:12415: $? = 0
configure:12424: result: yes
configure:12448: checking whether /afl/afl-clang-fast supports -pedantic -Wlong-long
configure:12466: /afl/afl-clang-fast -c -pedantic -Wlong-long  conftest.c >&5
Inst main
configure:12466: $? = 0
configure:12474: result: yes
configure:12518: checking whether to enable maintainer-specific portions of Makefiles
configure:12527: result: no
configure:12555: checking whether to install libbfd
configure:12568: result: yes
configure:12613: checking whether /afl/afl-clang-fast supports -Wall
configure:12639: result: yes
configure:12660: checking for stdlib.h
configure:12660: result: yes
configure:12660: checking for unistd.h
configure:12660: result: yes
configure:12660: checking for sys/param.h
configure:12660: /afl/afl-clang-fast -c     conftest.c >&5
configure:12660: $? = 0
configure:12660: result: yes
configure:12680: checking for getpagesize
configure:12680: /afl/afl-clang-fast -o conftest       conftest.c  >&5
Inst main
configure:12680: $? = 0
configure:12680: result: yes
configure:12689: checking for working mmap
configure:12836: /afl/afl-clang-fast -o conftest       conftest.c  >&5
Inst main
configure:12836: $? = 0
configure:12836: ./conftest
configure:12836: $? = 0
configure:12846: result: yes
configure:12856: checking for library containing dlsym
configure:12887: /afl/afl-clang-fast -o conftest       conftest.c  >&5
Inst main
configure:12887: $? = 0
configure:12904: result: none required
configure:12969: checking for ELF support in BFD
configure:12989: /afl/afl-clang-fast -o conftest -I./../include -I../bfd -I./../bfd     -L../bfd -L../libiberty -L../zlib   conftest.c -lbfd -liberty -lz   >&5
Inst main
configure:12989: $? = 0
configure:12997: result: yes
configure:13009: checking whether byte ordering is bigendian
configure:13024: /afl/afl-clang-fast -c     conftest.c >&5
conftest.c:36:9: error: unknown type name 'not'
               not a universal capable compiler
               ^
conftest.c:36:14: error: expected ';' after top level declarator
               not a universal capable compiler
                    ^
                    ;
2 errors generated.
configure:13024: $? = 1
configure: failed program was:
| /* confdefs.h */
| #define PACKAGE_NAME "libctf"
| #define PACKAGE_TARNAME "libctf"
| #define PACKAGE_VERSION "1.2.0"
| #define PACKAGE_STRING "libctf 1.2.0"
| #define PACKAGE_BUGREPORT ""
| #define PACKAGE_URL ""
| #define STDC_HEADERS 1
| #define HAVE_SYS_TYPES_H 1
| #define HAVE_SYS_STAT_H 1
| #define HAVE_STDLIB_H 1
| #define HAVE_STRING_H 1
| #define HAVE_MEMORY_H 1
| #define HAVE_STRINGS_H 1
| #define HAVE_INTTYPES_H 1
| #define HAVE_STDINT_H 1
| #define HAVE_UNISTD_H 1
| #define __EXTENSIONS__ 1
| #define _ALL_SOURCE 1
| #define _GNU_SOURCE 1
| #define _POSIX_PTHREAD_SEMANTICS 1
| #define _TANDEM_SOURCE 1
| #define PACKAGE "libctf"
| #define VERSION "1.2.0"
| #define ENABLE_NLS 1
| #define HAVE_DLFCN_H 1
| #define LT_OBJDIR ".libs/"
| #define HAVE_STDLIB_H 1
| #define HAVE_UNISTD_H 1
| #define HAVE_SYS_PARAM_H 1
| #define HAVE_GETPAGESIZE 1
| #define HAVE_MMAP 1
| #define HAVE_BFD_ELF 1
| /* end confdefs.h.  */
| #ifndef __APPLE_CC__
| 	       not a universal capable compiler
| 	     #endif
| 	     typedef int dummy;
| 
configure:13069: /afl/afl-clang-fast -c     conftest.c >&5
Inst main
configure:13069: $? = 0
configure:13087: /afl/afl-clang-fast -c     conftest.c >&5
conftest.c:42:4: error: use of undeclared identifier 'not'
                 not big endian
                 ^
1 error generated.
configure:13087: $? = 1
configure: failed program was:
| /* confdefs.h */
| #define PACKAGE_NAME "libctf"
| #define PACKAGE_TARNAME "libctf"
| #define PACKAGE_VERSION "1.2.0"
| #define PACKAGE_STRING "libctf 1.2.0"
| #define PACKAGE_BUGREPORT ""
| #define PACKAGE_URL ""
| #define STDC_HEADERS 1
| #define HAVE_SYS_TYPES_H 1
| #define HAVE_SYS_STAT_H 1
| #define HAVE_STDLIB_H 1
| #define HAVE_STRING_H 1
| #define HAVE_MEMORY_H 1
| #define HAVE_STRINGS_H 1
| #define HAVE_INTTYPES_H 1
| #define HAVE_STDINT_H 1
| #define HAVE_UNISTD_H 1
| #define __EXTENSIONS__ 1
| #define _ALL_SOURCE 1
| #define _GNU_SOURCE 1
| #define _POSIX_PTHREAD_SEMANTICS 1
| #define _TANDEM_SOURCE 1
| #define PACKAGE "libctf"
| #define VERSION "1.2.0"
| #define ENABLE_NLS 1
| #define HAVE_DLFCN_H 1
| #define LT_OBJDIR ".libs/"
| #define HAVE_STDLIB_H 1
| #define HAVE_UNISTD_H 1
| #define HAVE_SYS_PARAM_H 1
| #define HAVE_GETPAGESIZE 1
| #define HAVE_MMAP 1
| #define HAVE_BFD_ELF 1
| /* end confdefs.h.  */
| #include <sys/types.h>
| 		#include <sys/param.h>
| 
| int
| main ()
| {
| #if BYTE_ORDER != BIG_ENDIAN
| 		 not big endian
| 		#endif
| 
|   ;
|   return 0;
| }
configure:13215: result: no
configure:13236: checking byteswap.h usability
configure:13236: /afl/afl-clang-fast -c     conftest.c >&5
configure:13236: $? = 0
configure:13236: result: yes
configure:13236: checking byteswap.h presence
configure:13236: /afl/afl-clang-fast -E  conftest.c
configure:13236: $? = 0
configure:13236: result: yes
configure:13236: checking for byteswap.h
configure:13236: result: yes
configure:13236: checking endian.h usability
configure:13236: /afl/afl-clang-fast -c     conftest.c >&5
configure:13236: $? = 0
configure:13236: result: yes
configure:13236: checking endian.h presence
configure:13236: /afl/afl-clang-fast -E  conftest.c
configure:13236: $? = 0
configure:13236: result: yes
configure:13236: checking for endian.h
configure:13236: result: yes
configure:13248: checking for pread
configure:13248: /afl/afl-clang-fast -o conftest       conftest.c  >&5
Inst main
configure:13248: $? = 0
configure:13248: result: yes
configure:13258: checking whether bswap_16 is declared
configure:13258: /afl/afl-clang-fast -c     conftest.c >&5
Inst main
configure:13258: $? = 0
configure:13258: result: yes
configure:13269: checking whether bswap_32 is declared
configure:13269: /afl/afl-clang-fast -c     conftest.c >&5
Inst main
configure:13269: $? = 0
configure:13269: result: yes
configure:13280: checking whether bswap_64 is declared
configure:13280: /afl/afl-clang-fast -c     conftest.c >&5
Inst main
configure:13280: $? = 0
configure:13280: result: yes
configure:13292: checking whether asprintf is declared
configure:13292: /afl/afl-clang-fast -c     conftest.c >&5
Inst main
configure:13292: $? = 0
configure:13292: result: yes
configure:13302: checking whether vasprintf is declared
configure:13302: /afl/afl-clang-fast -c     conftest.c >&5
Inst main
configure:13302: $? = 0
configure:13302: result: yes
configure:13312: checking whether stpcpy is declared
configure:13312: /afl/afl-clang-fast -c     conftest.c >&5
Inst main
configure:13312: $? = 0
configure:13312: result: yes
configure:13330: checking for qsort_r
configure:13330: /afl/afl-clang-fast -o conftest       conftest.c  >&5
Inst main
configure:13330: $? = 0
configure:13330: result: yes
configure:13343: checking for qsort_r signature
configure:13369: /afl/afl-clang-fast -o conftest       conftest.c  >&5
Inst main
configure:13369: $? = 0
configure:13403: result: GNU
configure:13426: checking for O_CLOEXEC
configure:13446: /afl/afl-clang-fast -o conftest       conftest.c  >&5
Inst main
configure:13446: $? = 0
configure:13454: result: yes
configure:13469: checking for makeinfo
configure:13496: result: /src/binutils-2.38/missing makeinfo --split-size=5000000
configure:13524: WARNING:
*** Makeinfo is too old. Info documentation will not be built.
configure:13574: checking for expect
configure:13607: result: no
configure:13612: checking for Tcl supporting try/catch
configure:13623: result: no
configure:13636: checking for linker versioning flags
configure:13651: /afl/afl-clang-fast -o conftest    -fPIC    -shared -Wl,--version-script=conftest.ver conftest.c  >&5
Inst main
configure:13651: $? = 0
configure:13680: result: -Wl,--version-script='./libctf.ver'
configure:13769: updating cache ./config.cache
configure:13813: checking that generated files are newer than configure
configure:13819: result: done
configure:13867: creating ./config.status

## ---------------------- ##
## Running config.status. ##
## ---------------------- ##

This file was extended by libctf config.status 1.2.0, which was
generated by GNU Autoconf 2.69.  Invocation command line was

  CONFIG_FILES    = 
  CONFIG_HEADERS  = 
  CONFIG_LINKS    = 
  CONFIG_COMMANDS = 
  $ ./config.status 

on 465f78cd93c0

config.status:1138: creating Makefile
config.status:1138: creating config.h
config.status:1319: config.h is unchanged
config.status:1367: executing depfiles commands
config.status:1367: executing libtool commands

## ---------------- ##
## Cache variables. ##
## ---------------- ##

ac_cv_build=x86_64-pc-linux-gnu
ac_cv_c_bigendian=no
ac_cv_c_compiler_gnu=yes
ac_cv_env_CC_set=set
ac_cv_env_CC_value=/afl/afl-clang-fast
ac_cv_env_CFLAGS_set=set
ac_cv_env_CFLAGS_value='  '
ac_cv_env_CPPFLAGS_set=
ac_cv_env_CPPFLAGS_value=
ac_cv_env_CPP_set=
ac_cv_env_CPP_value=
ac_cv_env_LDFLAGS_set=set
ac_cv_env_LDFLAGS_value=' '
ac_cv_env_LIBS_set=
ac_cv_env_LIBS_value=
ac_cv_env_build_alias_set=set
ac_cv_env_build_alias_value=x86_64-pc-linux-gnu
ac_cv_env_host_alias_set=set
ac_cv_env_host_alias_value=x86_64-pc-linux-gnu
ac_cv_env_target_alias_set=set
ac_cv_env_target_alias_value=x86_64-pc-linux-gnu
ac_cv_func_getpagesize=yes
ac_cv_func_mmap_fixed_mapped=yes
ac_cv_func_pread=yes
ac_cv_func_qsort_r=yes
ac_cv_have_decl_asprintf=yes
ac_cv_have_decl_bswap_16=yes
ac_cv_have_decl_bswap_32=yes
ac_cv_have_decl_bswap_64=yes
ac_cv_have_decl_stpcpy=yes
ac_cv_have_decl_vasprintf=yes
ac_cv_header_byteswap_h=yes
ac_cv_header_dlfcn_h=yes
ac_cv_header_endian_h=yes
ac_cv_header_inttypes_h=yes
ac_cv_header_memory_h=yes
ac_cv_header_minix_config_h=no
ac_cv_header_stdc=yes
ac_cv_header_stdint_h=yes
ac_cv_header_stdlib_h=yes
ac_cv_header_string_h=yes
ac_cv_header_strings_h=yes
ac_cv_header_sys_param_h=yes
ac_cv_header_sys_stat_h=yes
ac_cv_header_sys_types_h=yes
ac_cv_header_unistd_h=yes
ac_cv_host=x86_64-pc-linux-gnu
ac_cv_libctf_bfd_elf=yes
ac_cv_libctf_macro_O_CLOEXEC=yes
ac_cv_libctf_qsort_r_signature=GNU
ac_cv_libctf_tcl_try=no
ac_cv_libctf_version_script='-Wl,--version-script='\''./libctf.ver'\'''
ac_cv_objext=o
ac_cv_path_EGREP='/bin/grep -E'
ac_cv_path_FGREP='/bin/grep -F'
ac_cv_path_GREP=/bin/grep
ac_cv_path_SED=/bin/sed
ac_cv_path_mkdir=/bin/mkdir
ac_cv_prog_ACLOCAL='${SHELL} /src/binutils-2.38/missing aclocal-1.15'
ac_cv_prog_AR='ar '
ac_cv_prog_AUTOCONF='${SHELL} /src/binutils-2.38/missing autoconf'
ac_cv_prog_AUTOHEADER='${SHELL} /src/binutils-2.38/missing autoheader'
ac_cv_prog_AWK=mawk
ac_cv_prog_CC=/afl/afl-clang-fast
ac_cv_prog_CPP='/afl/afl-clang-fast -E'
ac_cv_prog_MAKEINFO='/src/binutils-2.38/missing makeinfo --split-size=5000000'
ac_cv_prog_OBJDUMP=objdump
ac_cv_prog_RANLIB='ranlib '
ac_cv_prog_ac_ct_STRIP=strip
ac_cv_prog_cc_c89=
ac_cv_prog_cc_g=yes
ac_cv_prog_make_make_set=yes
ac_cv_safe_to_define___extensions__=yes
ac_cv_search_dlsym='none required'
ac_cv_sys_file_offset_bits=no
ac_cv_sys_largefile_CC=no
ac_cv_target=x86_64-pc-linux-gnu
acx_cv_prog_cc_pedantic__Wlong_long=yes
acx_cv_prog_cc_warning__W=yes
acx_cv_prog_cc_warning__Wall=yes
acx_cv_prog_cc_warning__Wmissing_format_attribute=yes
acx_cv_prog_cc_warning__Wmissing_prototypes=yes
acx_cv_prog_cc_warning__Wnarrowing=yes
acx_cv_prog_cc_warning__Wold_style_definition=yes
acx_cv_prog_cc_warning__Wstrict_prototypes=yes
acx_cv_prog_cc_warning__Wwrite_strings=yes
am_cv_CC_dependencies_compiler_type=gcc3
am_cv_ar_interface=ar
am_cv_make_support_nested_variables=yes
am_cv_prog_cc_c_o=yes
lt_cv_deplibs_check_method=pass_all
lt_cv_file_magic_cmd='$MAGIC_CMD'
lt_cv_file_magic_test_file=
lt_cv_ld_reload_flag=-r
lt_cv_nm_interface='BSD nm'
lt_cv_objdir=.libs
lt_cv_path_LD=/usr/bin/ld
lt_cv_path_NM='/usr/bin/nm -B'
lt_cv_prog_compiler_c_o=yes
lt_cv_prog_compiler_pic_works=yes
lt_cv_prog_compiler_rtti_exceptions=yes
lt_cv_prog_compiler_static_works=no
lt_cv_prog_gnu_ld=yes
lt_cv_shlibpath_overrides_runpath=no
lt_cv_sys_global_symbol_pipe='sed -n -e '\''s/^.*[	 ]\([ABCDGIRSTW][ABCDGIRSTW]*\)[	 ][	 ]*\([_A-Za-z][_A-Za-z0-9]*\)$/\1 \2 \2/p'\'''
lt_cv_sys_global_symbol_to_c_name_address='sed -n -e '\''s/^: \([^ ]*\) $/  {\"\1\", (void *) 0},/p'\'' -e '\''s/^[ABCDGIRSTW]* \([^ ]*\) \([^ ]*\)$/  {"\2", (void *) \&\2},/p'\'''
lt_cv_sys_global_symbol_to_c_name_address_lib_prefix='sed -n -e '\''s/^: \([^ ]*\) $/  {\"\1\", (void *) 0},/p'\'' -e '\''s/^[ABCDGIRSTW]* \([^ ]*\) \(lib[^ ]*\)$/  {"\2", (void *) \&\2},/p'\'' -e '\''s/^[ABCDGIRSTW]* \([^ ]*\) \([^ ]*\)$/  {"lib\2", (void *) \&\2},/p'\'''
lt_cv_sys_global_symbol_to_cdecl='sed -n -e '\''s/^T .* \(.*\)$/extern int \1();/p'\'' -e '\''s/^[ABCDGIRSTW]* .* \(.*\)$/extern char \1;/p'\'''
lt_cv_sys_max_cmd_len=1572864

## ----------------- ##
## Output variables. ##
## ----------------- ##

ACLOCAL='${SHELL} /src/binutils-2.38/missing aclocal-1.15'
AMDEPBACKSLASH='\'
AMDEP_FALSE='#'
AMDEP_TRUE=''
AMTAR='$${TAR-tar}'
AM_BACKSLASH='\'
AM_DEFAULT_V='$(AM_DEFAULT_VERBOSITY)'
AM_DEFAULT_VERBOSITY='0'
AM_V='$(V)'
AR='ar '
AUTOCONF='${SHELL} /src/binutils-2.38/missing autoconf'
AUTOHEADER='${SHELL} /src/binutils-2.38/missing autoheader'
AUTOMAKE='${SHELL} /src/binutils-2.38/missing automake-1.15'
AWK='mawk'
BUILD_INFO_FALSE=''
BUILD_INFO_TRUE='#'
CATALOGS=''
CATOBJEXT='.gmo'
CC='/afl/afl-clang-fast'
CCDEPMODE='depmode=gcc3'
CFLAGS='  '
CPP='/afl/afl-clang-fast -E'
CPPFLAGS=''
CTF_LIBADD='-L/src/binutils-2.38/libctf/../libiberty -liberty '
CYGPATH_W='echo'
DATADIRNAME='share'
DEFS='-DHAVE_CONFIG_H'
DEPDIR='.deps'
DSYMUTIL='@DSYMUTIL@'
DUMPBIN=''
ECHO_C=''
ECHO_N='-n'
ECHO_T=''
EGREP='/bin/grep -E'
ENABLE_LIBCTF_HASH_DEBUGGING_FALSE=''
ENABLE_LIBCTF_HASH_DEBUGGING_TRUE='#'
EXEEXT=''
EXPECT=''
FGREP='/bin/grep -F'
GENCAT='gencat'
GMSGFMT=':'
GREP='/bin/grep'
INCINTL=''
INSTALL_DATA='/usr/bin/install -c -m 644'
INSTALL_LIBBFD_FALSE='#'
INSTALL_LIBBFD_TRUE=''
INSTALL_PROGRAM='/usr/bin/install -c'
INSTALL_SCRIPT='/usr/bin/install -c'
INSTALL_STRIP_PROGRAM='$(install_sh) -c -s'
INSTOBJEXT='.mo'
LD='/usr/bin/ld -m elf_x86_64'
LDFLAGS=' '
LIBINTL=''
LIBINTL_DEP=''
LIBOBJS=''
LIBS=''
LIBTOOL='$(SHELL) $(top_builddir)/libtool'
LIPO=''
LN_S='ln -s'
LTLIBOBJS=''
MAINT='#'
MAINTAINER_MODE_FALSE=''
MAINTAINER_MODE_TRUE='#'
MAKEINFO='/src/binutils-2.38/missing makeinfo --split-size=5000000'
MKDIR_P='/bin/mkdir -p'
NEED_CTF_QSORT_R_FALSE=''
NEED_CTF_QSORT_R_TRUE='#'
NM='/usr/bin/nm -B'
NMEDIT=''
OBJDUMP='objdump'
OBJEXT='o'
OTOOL64=''
OTOOL='@OTOOL@'
PACKAGE='libctf'
PACKAGE_BUGREPORT=''
PACKAGE_NAME='libctf'
PACKAGE_STRING='libctf 1.2.0'
PACKAGE_TARNAME='libctf'
PACKAGE_URL=''
PACKAGE_VERSION='1.2.0'
PATH_SEPARATOR=':'
POSUB='po'
RANLIB='ranlib  --plugin /usr/lib/gcc/x86_64-linux-gnu/9/liblto_plugin.so'
SED='/bin/sed'
SET_MAKE=''
SHARED_LDFLAGS=''
SHELL='/bin/bash'
STRIP='strip'
TCL_TRY_FALSE=''
TCL_TRY_TRUE='#'
USE_NLS='yes'
VERSION='1.2.0'
VERSION_FLAGS='-Wl,--version-script='\''./libctf.ver'\'''
VERSION_FLAGS_NOBFD='-Wl,--version-script='\''./libctf.ver'\'''
WARN_PEDANTIC='-pedantic -Wno-long-long'
WERROR=''
XGETTEXT=':'
ac_ct_AR=''
ac_ct_CC=''
ac_ct_DUMPBIN=''
ac_libctf_warn_cflags='-Wall'
am__EXEEXT_FALSE=''
am__EXEEXT_TRUE='#'
am__fastdepCC_FALSE='#'
am__fastdepCC_TRUE=''
am__include='include'
am__isrc=''
am__leading_dot='.'
am__nodep='_no'
am__quote=''
am__tar='$${TAR-tar} chof - "$$tardir"'
am__untar='$${TAR-tar} xf -'
bfdincludedir='$(includedir)'
bfdlibdir='$(libdir)'
bindir='${exec_prefix}/bin'
build='x86_64-pc-linux-gnu'
build_alias='x86_64-pc-linux-gnu'
build_cpu='x86_64'
build_os='linux-gnu'
build_vendor='pc'
c_warn='-Wstrict-prototypes -Wmissing-prototypes -Wold-style-definition'
datadir='${datarootdir}'
datarootdir='${prefix}/share'
docdir='${datarootdir}/doc/${PACKAGE_TARNAME}'
dvidir='${docdir}'
exec_prefix='${prefix}'
host='x86_64-pc-linux-gnu'
host_alias='x86_64-pc-linux-gnu'
host_cpu='x86_64'
host_noncanonical='x86_64-pc-linux-gnu'
host_os='linux-gnu'
host_vendor='pc'
htmldir='${docdir}'
includedir='${prefix}/include'
infodir='${datarootdir}/info'
install_sh='${SHELL} /src/binutils-2.38/install-sh'
libdir='${exec_prefix}/lib'
libexecdir='${exec_prefix}/libexec'
localedir='${datarootdir}/locale'
localstatedir='${prefix}/var'
mandir='${datarootdir}/man'
mkdir_p='$(MKDIR_P)'
oldincludedir='/usr/include'
pdfdir='${docdir}'
prefix='/usr/local'
program_transform_name='s,y,y,'
psdir='${docdir}'
runstatedir='${localstatedir}/run'
sbindir='${exec_prefix}/sbin'
sharedstatedir='${prefix}/com'
sysconfdir='${prefix}/etc'
target='x86_64-pc-linux-gnu'
target_alias='x86_64-pc-linux-gnu'
target_cpu='x86_64'
target_noncanonical='x86_64-pc-linux-gnu'
target_os='linux-gnu'
target_vendor='pc'
warn='-W -Wall -Wno-narrowing -Wwrite-strings -Wmissing-format-attribute'
zlibdir='-L$(top_builddir)/../zlib'
zlibinc='-I$(top_srcdir)/../zlib'

## ----------- ##
## confdefs.h. ##
## ----------- ##

/* confdefs.h */
#define PACKAGE_NAME "libctf"
#define PACKAGE_TARNAME "libctf"
#define PACKAGE_VERSION "1.2.0"
#define PACKAGE_STRING "libctf 1.2.0"
#define PACKAGE_BUGREPORT ""
#define PACKAGE_URL ""
#define STDC_HEADERS 1
#define HAVE_SYS_TYPES_H 1
#define HAVE_SYS_STAT_H 1
#define HAVE_STDLIB_H 1
#define HAVE_STRING_H 1
#define HAVE_MEMORY_H 1
#define HAVE_STRINGS_H 1
#define HAVE_INTTYPES_H 1
#define HAVE_STDINT_H 1
#define HAVE_UNISTD_H 1
#define __EXTENSIONS__ 1
#define _ALL_SOURCE 1
#define _GNU_SOURCE 1
#define _POSIX_PTHREAD_SEMANTICS 1
#define _TANDEM_SOURCE 1
#define PACKAGE "libctf"
#define VERSION "1.2.0"
#define ENABLE_NLS 1
#define HAVE_DLFCN_H 1
#define LT_OBJDIR ".libs/"
#define HAVE_STDLIB_H 1
#define HAVE_UNISTD_H 1
#define HAVE_SYS_PARAM_H 1
#define HAVE_GETPAGESIZE 1
#define HAVE_MMAP 1
#define HAVE_BFD_ELF 1
#define HAVE_BYTESWAP_H 1
#define HAVE_ENDIAN_H 1
#define HAVE_PREAD 1
#define HAVE_DECL_BSWAP_16 1
#define HAVE_DECL_BSWAP_32 1
#define HAVE_DECL_BSWAP_64 1
#define HAVE_DECL_ASPRINTF 1
#define HAVE_DECL_VASPRINTF 1
#define HAVE_DECL_STPCPY 1
#define HAVE_QSORT_R 1
#define HAVE_QSORT_R_ARG_LAST 1
#define HAVE_O_CLOEXEC 1

configure: exit 0
