This file contains any messages produced by compilers while
running configure, to aid debugging if configure makes a mistake.

It was created by gas configure 2.38, which was
generated by GNU Autoconf 2.69.  Invocation command line was

  $ /src/binutils-2.38/gas/configure --srcdir=.././gas --cache-file=./config.cache --with-gnu-as --with-gnu-ld --disable-shared --program-transform-name=s,y,y, --disable-option-checking --build=x86_64-pc-linux-gnu --host=x86_64-pc-linux-gnu --target=x86_64-pc-linux-gnu

## --------- ##
## Platform. ##
## --------- ##

hostname = 465f78cd93c0
uname -m = x86_64
uname -r = 5.4.0-100-generic
uname -s = Linux
uname -v = #113-Ubuntu SMP Thu Feb 3 18:43:29 UTC 2022

/usr/bin/uname -p = unknown
/bin/uname -X     = unknown

/bin/arch              = unknown
/usr/bin/arch -k       = unknown
/usr/convex/getsysinfo = unknown
/usr/bin/hostinfo      = unknown
/bin/machine           = unknown
/usr/bin/oslevel       = unknown
/bin/universe          = unknown

PATH: /usr/local/sbin
PATH: /usr/local/bin
PATH: /usr/sbin
PATH: /usr/bin
PATH: /sbin
PATH: /bin
PATH: /out
PATH: /root/.go/bin
PATH: /root/go/bin
PATH: /rust/bin
PATH: /usr/lib/jvm/java-15-openjdk-amd64/bin


## ----------- ##
## Core tests. ##
## ----------- ##

configure:2265: creating cache ./config.cache
configure:2376: checking build system type
configure:2390: result: x86_64-pc-linux-gnu
configure:2410: checking host system type
configure:2423: result: x86_64-pc-linux-gnu
configure:2443: checking target system type
configure:2456: result: x86_64-pc-linux-gnu
configure:2499: checking for a BSD-compatible install
configure:2567: result: /usr/bin/install -c
configure:2578: checking whether build environment is sane
configure:2633: result: yes
configure:2784: checking for a thread-safe mkdir -p
configure:2823: result: /bin/mkdir -p
configure:2830: checking for gawk
configure:2857: result: mawk
configure:2868: checking whether make sets $(MAKE)
configure:2890: result: yes
configure:2919: checking whether make supports nested variables
configure:2936: result: yes
configure:3073: checking whether make supports nested variables
configure:3090: result: yes
configure:3110: checking for x86_64-pc-linux-gnu-gcc
configure:3137: result: /afl/afl-clang-fast
configure:3406: checking for C compiler version
configure:3415: /afl/afl-clang-fast --version >&5
clang version 12.0.0 (https://github.com/llvm/llvm-project.git 6de4865545da73687dd6d28d153cd345ed5e7918)
Target: x86_64-unknown-linux-gnu
Thread model: posix
InstalledDir: /usr/local/bin
configure:3426: $? = 0
configure:3415: /afl/afl-clang-fast -v >&5
clang version 12.0.0 (https://github.com/llvm/llvm-project.git 6de4865545da73687dd6d28d153cd345ed5e7918)
Target: x86_64-unknown-linux-gnu
Thread model: posix
InstalledDir: /usr/local/bin
Found candidate GCC installation: /usr/lib/gcc/x86_64-linux-gnu/5
Found candidate GCC installation: /usr/lib/gcc/x86_64-linux-gnu/5.4.0
Found candidate GCC installation: /usr/lib/gcc/x86_64-linux-gnu/6
Found candidate GCC installation: /usr/lib/gcc/x86_64-linux-gnu/6.0.0
Found candidate GCC installation: /usr/lib/gcc/x86_64-linux-gnu/9
Selected GCC installation: /usr/lib/gcc/x86_64-linux-gnu/9
... rest of stderr output deleted ...
configure:3426: $? = 1
configure:3415: /afl/afl-clang-fast -V >&5
clang-12: error: unsupported option '-V -ldl'
configure:3426: $? = 1
configure:3415: /afl/afl-clang-fast -qversion >&5
clang-12: error: unknown argument '-qversion'; did you mean '--version'?
configure:3426: $? = 1
configure:3446: checking whether the C compiler works
configure:3468: /afl/afl-clang-fast       conftest.c  >&5
Inst main
configure:3472: $? = 0
configure:3520: result: yes
configure:3523: checking for C compiler default output file name
configure:3525: result: a.out
configure:3531: checking for suffix of executables
configure:3538: /afl/afl-clang-fast -o conftest       conftest.c  >&5
Inst main
configure:3542: $? = 0
configure:3564: result: 
configure:3586: checking whether we are cross compiling
configure:3594: /afl/afl-clang-fast -o conftest       conftest.c  >&5
Inst main
configure:3598: $? = 0
configure:3605: ./conftest
configure:3609: $? = 0
configure:3624: result: no
configure:3629: checking for suffix of object files
configure:3651: /afl/afl-clang-fast -c     conftest.c >&5
Inst main
configure:3655: $? = 0
configure:3676: result: o
configure:3680: checking whether we are using the GNU C compiler
configure:3699: /afl/afl-clang-fast -c     conftest.c >&5
Inst main
configure:3699: $? = 0
configure:3708: result: yes
configure:3717: checking whether /afl/afl-clang-fast accepts -g
configure:3737: /afl/afl-clang-fast -c -g  conftest.c >&5
Inst main
configure:3737: $? = 0
configure: failed program was:
| /* confdefs.h */
| #define PACKAGE_NAME "gas"
| #define PACKAGE_TARNAME "gas"
| #define PACKAGE_VERSION "2.38"
| #define PACKAGE_STRING "gas 2.38"
| #define PACKAGE_BUGREPORT ""
| #define PACKAGE_URL ""
| #define PACKAGE "gas"
| #define VERSION "2.38"
| /* end confdefs.h.  */
| 
| int
| main ()
| {
| 
|   ;
|   return 0;
| }
configure:3752: /afl/afl-clang-fast -c   conftest.c >&5
Inst main
configure:3752: $? = 0
configure: failed program was:
| /* confdefs.h */
| #define PACKAGE_NAME "gas"
| #define PACKAGE_TARNAME "gas"
| #define PACKAGE_VERSION "2.38"
| #define PACKAGE_STRING "gas 2.38"
| #define PACKAGE_BUGREPORT ""
| #define PACKAGE_URL ""
| #define PACKAGE "gas"
| #define VERSION "2.38"
| /* end confdefs.h.  */
| 
| int
| main ()
| {
| 
|   ;
|   return 0;
| }
configure:3768: /afl/afl-clang-fast -c -g  conftest.c >&5
Inst main
configure:3768: $? = 0
configure:3778: result: yes
configure:3795: checking for /afl/afl-clang-fast option to accept ISO C89
configure:3858: /afl/afl-clang-fast  -c     conftest.c >&5
	argv_var_ptr
i8**	argv
Inst main
configure:3858: $? = 0
configure:3871: result: none needed
configure:3896: checking whether /afl/afl-clang-fast understands -c and -o together
configure:3918: /afl/afl-clang-fast -c conftest.c -o conftest2.o
Inst main
configure:3921: $? = 0
configure:3918: /afl/afl-clang-fast -c conftest.c -o conftest2.o
Inst main
configure:3921: $? = 0
configure:3933: result: yes
configure:3961: checking for style of include used by make
configure:3989: result: GNU
configure:4015: checking dependency style of /afl/afl-clang-fast
configure:4126: result: gcc3
configure:4147: checking how to run the C preprocessor
configure:4178: /afl/afl-clang-fast -E  conftest.c
configure:4178: $? = 0
configure:4192: /afl/afl-clang-fast -E  conftest.c
conftest.c:11:10: fatal error: 'ac_nonexistent.h' file not found
#include <ac_nonexistent.h>
         ^~~~~~~~~~~~~~~~~~
1 error generated.
configure:4192: $? = 1
configure: failed program was:
| /* confdefs.h */
| #define PACKAGE_NAME "gas"
| #define PACKAGE_TARNAME "gas"
| #define PACKAGE_VERSION "2.38"
| #define PACKAGE_STRING "gas 2.38"
| #define PACKAGE_BUGREPORT ""
| #define PACKAGE_URL ""
| #define PACKAGE "gas"
| #define VERSION "2.38"
| /* end confdefs.h.  */
| #include <ac_nonexistent.h>
configure:4217: result: /afl/afl-clang-fast -E
configure:4237: /afl/afl-clang-fast -E  conftest.c
configure:4237: $? = 0
configure:4251: /afl/afl-clang-fast -E  conftest.c
conftest.c:11:10: fatal error: 'ac_nonexistent.h' file not found
#include <ac_nonexistent.h>
         ^~~~~~~~~~~~~~~~~~
1 error generated.
configure:4251: $? = 1
configure: failed program was:
| /* confdefs.h */
| #define PACKAGE_NAME "gas"
| #define PACKAGE_TARNAME "gas"
| #define PACKAGE_VERSION "2.38"
| #define PACKAGE_STRING "gas 2.38"
| #define PACKAGE_BUGREPORT ""
| #define PACKAGE_URL ""
| #define PACKAGE "gas"
| #define VERSION "2.38"
| /* end confdefs.h.  */
| #include <ac_nonexistent.h>
configure:4280: checking for grep that handles long lines and -e
configure:4338: result: /bin/grep
configure:4343: checking for egrep
configure:4405: result: /bin/grep -E
configure:4410: checking for ANSI C header files
configure:4430: /afl/afl-clang-fast -c     conftest.c >&5
Inst main
configure:4430: $? = 0
configure:4503: /afl/afl-clang-fast -o conftest       conftest.c  >&5
Inst main
configure:4503: $? = 0
configure:4503: ./conftest
configure:4503: $? = 0
configure:4514: result: yes
configure:4527: checking for sys/types.h
configure:4527: /afl/afl-clang-fast -c     conftest.c >&5
configure:4527: $? = 0
configure:4527: result: yes
configure:4527: checking for sys/stat.h
configure:4527: /afl/afl-clang-fast -c     conftest.c >&5
configure:4527: $? = 0
configure:4527: result: yes
configure:4527: checking for stdlib.h
configure:4527: /afl/afl-clang-fast -c     conftest.c >&5
configure:4527: $? = 0
configure:4527: result: yes
configure:4527: checking for string.h
configure:4527: /afl/afl-clang-fast -c     conftest.c >&5
configure:4527: $? = 0
configure:4527: result: yes
configure:4527: checking for memory.h
configure:4527: /afl/afl-clang-fast -c     conftest.c >&5
configure:4527: $? = 0
configure:4527: result: yes
configure:4527: checking for strings.h
configure:4527: /afl/afl-clang-fast -c     conftest.c >&5
configure:4527: $? = 0
configure:4527: result: yes
configure:4527: checking for inttypes.h
configure:4527: /afl/afl-clang-fast -c     conftest.c >&5
configure:4527: $? = 0
configure:4527: result: yes
configure:4527: checking for stdint.h
configure:4527: /afl/afl-clang-fast -c     conftest.c >&5
configure:4527: $? = 0
configure:4527: result: yes
configure:4527: checking for unistd.h
configure:4527: /afl/afl-clang-fast -c     conftest.c >&5
configure:4527: $? = 0
configure:4527: result: yes
configure:4540: checking minix/config.h usability
configure:4540: /afl/afl-clang-fast -c     conftest.c >&5
conftest.c:54:10: fatal error: 'minix/config.h' file not found
#include <minix/config.h>
         ^~~~~~~~~~~~~~~~
1 error generated.
configure:4540: $? = 1
configure: failed program was:
| /* confdefs.h */
| #define PACKAGE_NAME "gas"
| #define PACKAGE_TARNAME "gas"
| #define PACKAGE_VERSION "2.38"
| #define PACKAGE_STRING "gas 2.38"
| #define PACKAGE_BUGREPORT ""
| #define PACKAGE_URL ""
| #define PACKAGE "gas"
| #define VERSION "2.38"
| #define STDC_HEADERS 1
| #define HAVE_SYS_TYPES_H 1
| #define HAVE_SYS_STAT_H 1
| #define HAVE_STDLIB_H 1
| #define HAVE_STRING_H 1
| #define HAVE_MEMORY_H 1
| #define HAVE_STRINGS_H 1
| #define HAVE_INTTYPES_H 1
| #define HAVE_STDINT_H 1
| #define HAVE_UNISTD_H 1
| /* end confdefs.h.  */
| #include <stdio.h>
| #ifdef HAVE_SYS_TYPES_H
| # include <sys/types.h>
| #endif
| #ifdef HAVE_SYS_STAT_H
| # include <sys/stat.h>
| #endif
| #ifdef STDC_HEADERS
| # include <stdlib.h>
| # include <stddef.h>
| #else
| # ifdef HAVE_STDLIB_H
| #  include <stdlib.h>
| # endif
| #endif
| #ifdef HAVE_STRING_H
| # if !defined STDC_HEADERS && defined HAVE_MEMORY_H
| #  include <memory.h>
| # endif
| # include <string.h>
| #endif
| #ifdef HAVE_STRINGS_H
| # include <strings.h>
| #endif
| #ifdef HAVE_INTTYPES_H
| # include <inttypes.h>
| #endif
| #ifdef HAVE_STDINT_H
| # include <stdint.h>
| #endif
| #ifdef HAVE_UNISTD_H
| # include <unistd.h>
| #endif
| #include <minix/config.h>
configure:4540: result: no
configure:4540: checking minix/config.h presence
configure:4540: /afl/afl-clang-fast -E  conftest.c
conftest.c:21:10: fatal error: 'minix/config.h' file not found
#include <minix/config.h>
         ^~~~~~~~~~~~~~~~
1 error generated.
configure:4540: $? = 1
configure: failed program was:
| /* confdefs.h */
| #define PACKAGE_NAME "gas"
| #define PACKAGE_TARNAME "gas"
| #define PACKAGE_VERSION "2.38"
| #define PACKAGE_STRING "gas 2.38"
| #define PACKAGE_BUGREPORT ""
| #define PACKAGE_URL ""
| #define PACKAGE "gas"
| #define VERSION "2.38"
| #define STDC_HEADERS 1
| #define HAVE_SYS_TYPES_H 1
| #define HAVE_SYS_STAT_H 1
| #define HAVE_STDLIB_H 1
| #define HAVE_STRING_H 1
| #define HAVE_MEMORY_H 1
| #define HAVE_STRINGS_H 1
| #define HAVE_INTTYPES_H 1
| #define HAVE_STDINT_H 1
| #define HAVE_UNISTD_H 1
| /* end confdefs.h.  */
| #include <minix/config.h>
configure:4540: result: no
configure:4540: checking for minix/config.h
configure:4540: result: no
configure:4561: checking whether it is safe to define __EXTENSIONS__
configure:4579: /afl/afl-clang-fast -c     conftest.c >&5
Inst main
configure:4579: $? = 0
configure:4586: result: yes
configure:4649: checking how to print strings
configure:4676: result: printf
configure:4697: checking for a sed that does not truncate output
configure:4761: result: /bin/sed
configure:4779: checking for fgrep
configure:4841: result: /bin/grep -F
configure:4876: checking for ld used by /afl/afl-clang-fast
configure:4943: result: /usr/bin/ld
configure:4950: checking if the linker (/usr/bin/ld) is GNU ld
configure:4965: result: yes
configure:4977: checking for BSD- or MS-compatible name lister (nm)
configure:5027: result: /usr/bin/nm -B
configure:5157: checking the name lister (/usr/bin/nm -B) interface
configure:5164: /afl/afl-clang-fast -c     conftest.c >&5
configure:5167: /usr/bin/nm -B "conftest.o"
configure:5170: output
0000000000000000 B some_variable
configure:5177: result: BSD nm
configure:5180: checking whether ln -s works
configure:5184: result: yes
configure:5192: checking the maximum length of command line arguments
configure:5317: result: 1572864
configure:5334: checking whether the shell understands some XSI constructs
configure:5344: result: yes
configure:5348: checking whether the shell understands "+="
configure:5354: result: yes
configure:5389: checking for /usr/bin/ld option to reload object files
configure:5396: result: -r
configure:5425: checking for x86_64-pc-linux-gnu-objdump
configure:5452: result: objdump
configure:5524: checking how to recognize dependent libraries
configure:5725: result: pass_all
configure:5758: checking for x86_64-pc-linux-gnu-ar
configure:5785: result: ar 
configure:5853: WARNING: Failed: ar  --plugin /usr/lib/gcc/x86_64-linux-gnu/9/liblto_plugin.so rc
configure:5876: checking for x86_64-pc-linux-gnu-strip
configure:5906: result: no
configure:5916: checking for strip
configure:5932: found /usr/bin/strip
configure:5943: result: strip
configure:5975: checking for x86_64-pc-linux-gnu-ranlib
configure:6002: result: ranlib 
configure:6149: checking command to parse /usr/bin/nm -B output from /afl/afl-clang-fast object
configure:6267: /afl/afl-clang-fast -c     conftest.c >&5
	nm_test_var_var_ptr
i8	nm_test_var
Inst main
configure:6270: $? = 0
configure:6274: /usr/bin/nm -B conftest.o \| sed -n -e 's/^.*[ ]\([ABCDGIRSTW][ABCDGIRSTW]*\)[ ][ ]*\([_A-Za-z][_A-Za-z0-9]*\)$/\1 \2 \2/p' \> conftest.nm
configure:6277: $? = 0
configure:6331: /afl/afl-clang-fast -o conftest       conftest.c conftstm.o >&5
configure:6334: $? = 0
configure:6372: result: ok
configure:6467: /afl/afl-clang-fast -c     conftest.c >&5
configure:6470: $? = 0
configure:7220: checking for dlfcn.h
configure:7220: /afl/afl-clang-fast -c     conftest.c >&5
configure:7220: $? = 0
configure:7220: result: yes
configure:7407: checking for objdir
configure:7422: result: .libs
configure:7693: checking if /afl/afl-clang-fast supports -fno-rtti -fno-exceptions
configure:7711: /afl/afl-clang-fast -c     -fno-rtti -fno-exceptions conftest.c >&5
configure:7715: $? = 0
configure:7728: result: yes
configure:7748: checking for /afl/afl-clang-fast option to produce PIC
configure:8034: result: -fPIC -DPIC
configure:8046: checking if /afl/afl-clang-fast PIC flag -fPIC -DPIC works
configure:8064: /afl/afl-clang-fast -c     -fPIC -DPIC -DPIC conftest.c >&5
configure:8068: $? = 0
configure:8081: result: yes
configure:8105: checking if /afl/afl-clang-fast static flag -static works
configure:8133: result: no
configure:8148: checking if /afl/afl-clang-fast supports -c -o file.o
configure:8169: /afl/afl-clang-fast -c     -o out/conftest2.o conftest.c >&5
configure:8173: $? = 0
configure:8195: result: yes
configure:8203: checking if /afl/afl-clang-fast supports -c -o file.o
configure:8250: result: yes
configure:8283: checking whether the /afl/afl-clang-fast linker (/usr/bin/ld -m elf_x86_64) supports shared libraries
configure:9354: result: yes
configure:9599: checking dynamic linker characteristics
configure:10040: /afl/afl-clang-fast -o conftest       -Wl,-rpath -Wl,/foo conftest.c  >&5
Inst main
configure:10040: $? = 0
configure:10262: result: GNU/Linux ld.so
configure:10369: checking how to hardcode library paths into programs
configure:10394: result: immediate
configure:10934: checking whether stripping libraries is possible
configure:10939: result: yes
configure:10974: checking if libtool supports shared libraries
configure:10976: result: yes
configure:10979: checking whether to build shared libraries
configure:11000: result: no
configure:11003: checking whether to build static libraries
configure:11007: result: yes
configure:11055: checking for dlfcn.h
configure:11055: result: yes
configure:11068: checking for windows.h
configure:11068: /afl/afl-clang-fast -c     conftest.c >&5
conftest.c:63:10: fatal error: 'windows.h' file not found
#include <windows.h>
         ^~~~~~~~~~~
1 error generated.
configure:11068: $? = 1
configure: failed program was:
| /* confdefs.h */
| #define PACKAGE_NAME "gas"
| #define PACKAGE_TARNAME "gas"
| #define PACKAGE_VERSION "2.38"
| #define PACKAGE_STRING "gas 2.38"
| #define PACKAGE_BUGREPORT ""
| #define PACKAGE_URL ""
| #define PACKAGE "gas"
| #define VERSION "2.38"
| #define STDC_HEADERS 1
| #define HAVE_SYS_TYPES_H 1
| #define HAVE_SYS_STAT_H 1
| #define HAVE_STDLIB_H 1
| #define HAVE_STRING_H 1
| #define HAVE_MEMORY_H 1
| #define HAVE_STRINGS_H 1
| #define HAVE_INTTYPES_H 1
| #define HAVE_STDINT_H 1
| #define HAVE_UNISTD_H 1
| #define __EXTENSIONS__ 1
| #define _ALL_SOURCE 1
| #define _GNU_SOURCE 1
| #define _POSIX_PTHREAD_SEMANTICS 1
| #define _TANDEM_SOURCE 1
| #define HAVE_DLFCN_H 1
| #define LT_OBJDIR ".libs/"
| #define HAVE_DLFCN_H 1
| /* end confdefs.h.  */
| #include <stdio.h>
| #ifdef HAVE_SYS_TYPES_H
| # include <sys/types.h>
| #endif
| #ifdef HAVE_SYS_STAT_H
| # include <sys/stat.h>
| #endif
| #ifdef STDC_HEADERS
| # include <stdlib.h>
| # include <stddef.h>
| #else
| # ifdef HAVE_STDLIB_H
| #  include <stdlib.h>
| # endif
| #endif
| #ifdef HAVE_STRING_H
| # if !defined STDC_HEADERS && defined HAVE_MEMORY_H
| #  include <memory.h>
| # endif
| # include <string.h>
| #endif
| #ifdef HAVE_STRINGS_H
| # include <strings.h>
| #endif
| #ifdef HAVE_INTTYPES_H
| # include <inttypes.h>
| #endif
| #ifdef HAVE_STDINT_H
| # include <stdint.h>
| #endif
| #ifdef HAVE_UNISTD_H
| # include <unistd.h>
| #endif
| 
| #include <windows.h>
configure:11068: result: no
configure:11095: checking for library containing dlsym
configure:11126: /afl/afl-clang-fast -o conftest       conftest.c  >&5
Inst main
configure:11126: $? = 0
configure:11143: result: none required
configure:11215: checking for special C compiler options needed for large files
configure:11260: result: no
configure:11266: checking for _FILE_OFFSET_BITS value needed for large files
configure:11291: /afl/afl-clang-fast -c     conftest.c >&5
Inst main
configure:11291: $? = 0
configure:11323: result: no
configure:11409: checking how to compare bootstrapped objects
configure:11434: result: cmp --ignore-initial=16 $$f1 $$f2
clang-12: error: no such file or directory: '@CPPFLAGS_FOR_BUILD@'
clang-12: error: no such file or directory: '@CPPFLAGS_FOR_BUILD@'
configure:11739: checking whether byte ordering is bigendian
configure:11754: /afl/afl-clang-fast -c     conftest.c >&5
conftest.c:30:9: error: unknown type name 'not'
               not a universal capable compiler
               ^
conftest.c:30:14: error: expected ';' after top level declarator
               not a universal capable compiler
                    ^
                    ;
2 errors generated.
configure:11754: $? = 1
configure: failed program was:
| /* confdefs.h */
| #define PACKAGE_NAME "gas"
| #define PACKAGE_TARNAME "gas"
| #define PACKAGE_VERSION "2.38"
| #define PACKAGE_STRING "gas 2.38"
| #define PACKAGE_BUGREPORT ""
| #define PACKAGE_URL ""
| #define PACKAGE "gas"
| #define VERSION "2.38"
| #define STDC_HEADERS 1
| #define HAVE_SYS_TYPES_H 1
| #define HAVE_SYS_STAT_H 1
| #define HAVE_STDLIB_H 1
| #define HAVE_STRING_H 1
| #define HAVE_MEMORY_H 1
| #define HAVE_STRINGS_H 1
| #define HAVE_INTTYPES_H 1
| #define HAVE_STDINT_H 1
| #define HAVE_UNISTD_H 1
| #define __EXTENSIONS__ 1
| #define _ALL_SOURCE 1
| #define _GNU_SOURCE 1
| #define _POSIX_PTHREAD_SEMANTICS 1
| #define _TANDEM_SOURCE 1
| #define HAVE_DLFCN_H 1
| #define LT_OBJDIR ".libs/"
| #define HAVE_DLFCN_H 1
| /* end confdefs.h.  */
| #ifndef __APPLE_CC__
| 	       not a universal capable compiler
| 	     #endif
| 	     typedef int dummy;
| 
configure:11799: /afl/afl-clang-fast -c     conftest.c >&5
Inst main
configure:11799: $? = 0
configure:11817: /afl/afl-clang-fast -c     conftest.c >&5
conftest.c:36:4: error: use of undeclared identifier 'not'
                 not big endian
                 ^
1 error generated.
configure:11817: $? = 1
configure: failed program was:
| /* confdefs.h */
| #define PACKAGE_NAME "gas"
| #define PACKAGE_TARNAME "gas"
| #define PACKAGE_VERSION "2.38"
| #define PACKAGE_STRING "gas 2.38"
| #define PACKAGE_BUGREPORT ""
| #define PACKAGE_URL ""
| #define PACKAGE "gas"
| #define VERSION "2.38"
| #define STDC_HEADERS 1
| #define HAVE_SYS_TYPES_H 1
| #define HAVE_SYS_STAT_H 1
| #define HAVE_STDLIB_H 1
| #define HAVE_STRING_H 1
| #define HAVE_MEMORY_H 1
| #define HAVE_STRINGS_H 1
| #define HAVE_INTTYPES_H 1
| #define HAVE_STDINT_H 1
| #define HAVE_UNISTD_H 1
| #define __EXTENSIONS__ 1
| #define _ALL_SOURCE 1
| #define _GNU_SOURCE 1
| #define _POSIX_PTHREAD_SEMANTICS 1
| #define _TANDEM_SOURCE 1
| #define HAVE_DLFCN_H 1
| #define LT_OBJDIR ".libs/"
| #define HAVE_DLFCN_H 1
| /* end confdefs.h.  */
| #include <sys/types.h>
| 		#include <sys/param.h>
| 
| int
| main ()
| {
| #if BYTE_ORDER != BIG_ENDIAN
| 		 not big endian
| 		#endif
| 
|   ;
|   return 0;
| }
configure:11945: result: no
configure:12894: checking for bison
configure:12921: result: /src/binutils-2.38/missing bison -y
configure:12937: checking for flex
configure:12964: result: /src/binutils-2.38/missing flex
configure:13111: checking whether NLS is requested
configure:13117: result: yes
configure:13123: checking for catalogs to be installed
configure:13155: result:  es fi fr id ja ru rw sv tr uk zh_CN es fi fr id ja ru rw sv tr uk zh_CN
configure:13182: checking whether NLS is requested
configure:13191: result: yes
configure:13229: checking for msgfmt
configure:13263: result: no
configure:13269: checking for gmsgfmt
configure:13300: result: :
configure:13340: checking for xgettext
configure:13374: result: no
configure:13411: checking for msgmerge
configure:13444: result: no
configure:13478: checking whether to enable maintainer-specific portions of Makefiles
configure:13487: result: no
configure:13513: checking for memory.h
configure:13513: result: yes
configure:13513: checking for sys/stat.h
configure:13513: result: yes
configure:13513: checking for sys/types.h
configure:13513: result: yes
configure:13513: checking for unistd.h
configure:13513: result: yes
configure:13526: checking whether compiling a cross-assembler
configure:13536: result: no
configure:13541: checking for strsignal
configure:13541: /afl/afl-clang-fast -o conftest       conftest.c  >&5
Inst main
configure:13541: $? = 0
configure:13541: result: yes
configure:13552: checking for LC_MESSAGES
configure:13568: /afl/afl-clang-fast -o conftest       conftest.c  >&5
Inst main
configure:13568: $? = 0
configure:13576: result: yes
configure:13727: checking for working assert macro
configure:13752: /afl/afl-clang-fast -o conftest       conftest.c  >&5
conftest.c:60:10: warning: implicitly declaring library function 'strcmp' with type 'int (const char *, const char *)' [-Wimplicit-function-declaration]
assert (!strcmp(s, "foo bar baz quux"));
         ^
conftest.c:60:10: note: include the header <string.h> or explicitly provide a declaration for 'strcmp'
	main.c
	main.b
	main.d
	main.s
	main.a
i32	main.c
i32	main.b
i32	main.d
i8*	main.s
i32	main.a
Inst main
1 warning generated.
configure:13752: $? = 0
configure:13760: result: yes
configure:13781: checking for a known getopt prototype in unistd.h
configure:13797: /afl/afl-clang-fast -c     conftest.c >&5
Inst main
configure:13797: $? = 0
configure:13805: result: yes
configure:13814: checking whether declaration is required for environ
configure:13834: /afl/afl-clang-fast -o conftest       conftest.c  >&5
Inst main
configure:13834: $? = 0
configure:13842: result: no
configure:13851: checking whether declaration is required for ffs
configure:13871: /afl/afl-clang-fast -o conftest       conftest.c  >&5
Inst main
configure:13871: $? = 0
configure:13879: result: no
configure:13888: checking whether asprintf is declared
configure:13888: /afl/afl-clang-fast -c     conftest.c >&5
Inst main
configure:13888: $? = 0
configure:13888: result: yes
configure:13898: checking whether mempcpy is declared
configure:13898: /afl/afl-clang-fast -c     conftest.c >&5
Inst main
configure:13898: $? = 0
configure:13898: result: yes
configure:13908: checking whether stpcpy is declared
configure:13908: /afl/afl-clang-fast -c     conftest.c >&5
Inst main
configure:13908: $? = 0
configure:13908: result: yes
configure:13988: checking for struct stat.st_mtim.tv_sec in sys/stat.h
configure:14006: /afl/afl-clang-fast -c     conftest.c >&5
Inst main
configure:14006: $? = 0
configure:14020: result: yes
configure:14023: checking for struct stat.st_mtim.tv_nsec in sys/stat.h
configure:14041: /afl/afl-clang-fast -c     conftest.c >&5
Inst main
configure:14041: $? = 0
configure:14055: result: yes
configure:14138: updating cache ./config.cache
configure:14182: checking that generated files are newer than configure
configure:14188: result: done
configure:14220: creating ./config.status

## ---------------------- ##
## Running config.status. ##
## ---------------------- ##

This file was extended by gas config.status 2.38, which was
generated by GNU Autoconf 2.69.  Invocation command line was

  CONFIG_FILES    = 
  CONFIG_HEADERS  = 
  CONFIG_LINKS    = 
  CONFIG_COMMANDS = 
  $ ./config.status 

on 465f78cd93c0

config.status:1165: creating .gdbinit
config.status:1165: creating Makefile
config.status:1165: creating po/Makefile.in
config.status:1165: creating config.h
config.status:1346: config.h is unchanged
config.status:1394: executing depfiles commands
config.status:1394: executing libtool commands
config.status:1394: executing default-1 commands
config.status:1394: executing default commands

## ---------------- ##
## Cache variables. ##
## ---------------- ##

ac_cv_build=x86_64-pc-linux-gnu
ac_cv_c_bigendian=no
ac_cv_c_compiler_gnu=yes
ac_cv_env_CC_set=set
ac_cv_env_CC_value=/afl/afl-clang-fast
ac_cv_env_CFLAGS_set=set
ac_cv_env_CFLAGS_value='  '
ac_cv_env_CPPFLAGS_set=
ac_cv_env_CPPFLAGS_value=
ac_cv_env_CPP_set=
ac_cv_env_CPP_value=
ac_cv_env_LDFLAGS_set=set
ac_cv_env_LDFLAGS_value=' '
ac_cv_env_LIBS_set=
ac_cv_env_LIBS_value=
ac_cv_env_YACC_set=set
ac_cv_env_YACC_value='/src/binutils-2.38/missing bison -y'
ac_cv_env_YFLAGS_set=
ac_cv_env_YFLAGS_value=
ac_cv_env_build_alias_set=set
ac_cv_env_build_alias_value=x86_64-pc-linux-gnu
ac_cv_env_host_alias_set=set
ac_cv_env_host_alias_value=x86_64-pc-linux-gnu
ac_cv_env_target_alias_set=set
ac_cv_env_target_alias_value=x86_64-pc-linux-gnu
ac_cv_func_strsignal=yes
ac_cv_have_decl_asprintf=yes
ac_cv_have_decl_mempcpy=yes
ac_cv_have_decl_stpcpy=yes
ac_cv_header_dlfcn_h=yes
ac_cv_header_inttypes_h=yes
ac_cv_header_memory_h=yes
ac_cv_header_minix_config_h=no
ac_cv_header_stdc=yes
ac_cv_header_stdint_h=yes
ac_cv_header_stdlib_h=yes
ac_cv_header_string_h=yes
ac_cv_header_strings_h=yes
ac_cv_header_sys_stat_h=yes
ac_cv_header_sys_types_h=yes
ac_cv_header_unistd_h=yes
ac_cv_header_windows_h=no
ac_cv_host=x86_64-pc-linux-gnu
ac_cv_objext=o
ac_cv_path_EGREP='/bin/grep -E'
ac_cv_path_FGREP='/bin/grep -F'
ac_cv_path_GMSGFMT=:
ac_cv_path_GREP=/bin/grep
ac_cv_path_MSGFMT=:
ac_cv_path_MSGMERGE=:
ac_cv_path_SED=/bin/sed
ac_cv_path_XGETTEXT=:
ac_cv_path_mkdir=/bin/mkdir
ac_cv_prog_AR='ar '
ac_cv_prog_AWK=mawk
ac_cv_prog_CC=/afl/afl-clang-fast
ac_cv_prog_CPP='/afl/afl-clang-fast -E'
ac_cv_prog_LEX='/src/binutils-2.38/missing flex'
ac_cv_prog_OBJDUMP=objdump
ac_cv_prog_RANLIB='ranlib '
ac_cv_prog_YACC='/src/binutils-2.38/missing bison -y'
ac_cv_prog_ac_ct_STRIP=strip
ac_cv_prog_cc_c89=
ac_cv_prog_cc_g=yes
ac_cv_prog_make_make_set=yes
ac_cv_safe_to_define___extensions__=yes
ac_cv_search_dlsym='none required'
ac_cv_sys_file_offset_bits=no
ac_cv_sys_largefile_CC=no
ac_cv_target=x86_64-pc-linux-gnu
am_cv_CC_dependencies_compiler_type=gcc3
am_cv_make_support_nested_variables=yes
am_cv_prog_cc_c_o=yes
am_cv_val_LC_MESSAGES=yes
gas_cv_assert_ok=yes
gas_cv_decl_getopt_unistd_h=yes
gas_cv_decl_needed_environ=no
gas_cv_decl_needed_ffs=no
gas_cv_have_sys_stat_type_member_st_mtim_tv_nsec=yes
gas_cv_have_sys_stat_type_member_st_mtim_tv_sec=yes
gcc_cv_prog_cmp_skip='cmp --ignore-initial=16 $$f1 $$f2'
lt_cv_deplibs_check_method=pass_all
lt_cv_file_magic_cmd='$MAGIC_CMD'
lt_cv_file_magic_test_file=
lt_cv_ld_reload_flag=-r
lt_cv_nm_interface='BSD nm'
lt_cv_objdir=.libs
lt_cv_path_LD=/usr/bin/ld
lt_cv_path_NM='/usr/bin/nm -B'
lt_cv_prog_compiler_c_o=yes
lt_cv_prog_compiler_pic_works=yes
lt_cv_prog_compiler_rtti_exceptions=yes
lt_cv_prog_compiler_static_works=no
lt_cv_prog_gnu_ld=yes
lt_cv_shlibpath_overrides_runpath=no
lt_cv_sys_global_symbol_pipe='sed -n -e '\''s/^.*[	 ]\([ABCDGIRSTW][ABCDGIRSTW]*\)[	 ][	 ]*\([_A-Za-z][_A-Za-z0-9]*\)$/\1 \2 \2/p'\'''
lt_cv_sys_global_symbol_to_c_name_address='sed -n -e '\''s/^: \([^ ]*\) $/  {\"\1\", (void *) 0},/p'\'' -e '\''s/^[ABCDGIRSTW]* \([^ ]*\) \([^ ]*\)$/  {"\2", (void *) \&\2},/p'\'''
lt_cv_sys_global_symbol_to_c_name_address_lib_prefix='sed -n -e '\''s/^: \([^ ]*\) $/  {\"\1\", (void *) 0},/p'\'' -e '\''s/^[ABCDGIRSTW]* \([^ ]*\) \(lib[^ ]*\)$/  {"\2", (void *) \&\2},/p'\'' -e '\''s/^[ABCDGIRSTW]* \([^ ]*\) \([^ ]*\)$/  {"lib\2", (void *) \&\2},/p'\'''
lt_cv_sys_global_symbol_to_cdecl='sed -n -e '\''s/^T .* \(.*\)$/extern int \1();/p'\'' -e '\''s/^[ABCDGIRSTW]* .* \(.*\)$/extern char \1;/p'\'''
lt_cv_sys_max_cmd_len=1572864

## ----------------- ##
## Output variables. ##
## ----------------- ##

ACLOCAL='${SHELL} /src/binutils-2.38/missing aclocal-1.15'
AMDEPBACKSLASH='\'
AMDEP_FALSE='#'
AMDEP_TRUE=''
AMTAR='$${TAR-tar}'
AM_BACKSLASH='\'
AM_DEFAULT_V='$(AM_DEFAULT_VERBOSITY)'
AM_DEFAULT_VERBOSITY='0'
AM_V='$(V)'
AR='ar '
AUTOCONF='${SHELL} /src/binutils-2.38/missing autoconf'
AUTOHEADER='${SHELL} /src/binutils-2.38/missing autoheader'
AUTOMAKE='${SHELL} /src/binutils-2.38/missing automake-1.15'
AWK='mawk'
CATALOGS=' es.gmo fi.gmo fr.gmo id.gmo ja.gmo ru.gmo rw.gmo sv.gmo tr.gmo uk.gmo zh_CN.gmo es.gmo fi.gmo fr.gmo id.gmo ja.gmo ru.gmo rw.gmo sv.gmo tr.gmo uk.gmo zh_CN.gmo'
CATOBJEXT='.gmo'
CC='/afl/afl-clang-fast'
CCDEPMODE='depmode=gcc3'
CFLAGS='  '
CPP='/afl/afl-clang-fast -E'
CPPFLAGS=''
CYGPATH_W='echo'
DATADIRNAME='share'
DEFS='-DHAVE_CONFIG_H'
DEPDIR='.deps'
DSYMUTIL='@DSYMUTIL@'
DUMPBIN=''
ECHO_C=''
ECHO_N='-n'
ECHO_T=''
EGREP='/bin/grep -E'
EXEEXT=''
FGREP='/bin/grep -F'
GDBINIT='.gdbinit'
GENCAT='gencat'
GENINSRC_NEVER_FALSE=''
GENINSRC_NEVER_TRUE='#'
GMSGFMT=':'
GREP='/bin/grep'
INCINTL=''
INSTALL_DATA='/usr/bin/install -c -m 644'
INSTALL_PROGRAM='/usr/bin/install -c'
INSTALL_SCRIPT='/usr/bin/install -c'
INSTALL_STRIP_PROGRAM='$(install_sh) -c -s'
INSTOBJEXT='.mo'
LARGEFILE_CPPFLAGS=''
LD='/usr/bin/ld -m elf_x86_64'
LDFLAGS=' '
LEX='/src/binutils-2.38/missing flex'
LEXLIB=''
LEX_OUTPUT_ROOT=''
LIBINTL=''
LIBINTL_DEP=''
LIBM=''
LIBOBJS=''
LIBS=''
LIBTOOL='$(SHELL) $(top_builddir)/libtool'
LIPO=''
LN_S='ln -s'
LTLIBOBJS=''
MAINT='#'
MAINTAINER_MODE_FALSE=''
MAINTAINER_MODE_TRUE='#'
MAKEINFO='/src/binutils-2.38/missing makeinfo --split-size=5000000'
MKDIR_P='/bin/mkdir -p'
MKINSTALLDIRS='$(top_builddir)/../mkinstalldirs'
MSGFMT=':'
MSGMERGE=':'
NM='/usr/bin/nm -B'
NMEDIT=''
NO_WERROR=''
OBJDUMP='objdump'
OBJEXT='o'
OPCODES_LIB='../opcodes/libopcodes.la'
OTOOL64=''
OTOOL='@OTOOL@'
PACKAGE='gas'
PACKAGE_BUGREPORT=''
PACKAGE_NAME='gas'
PACKAGE_STRING='gas 2.38'
PACKAGE_TARNAME='gas'
PACKAGE_URL=''
PACKAGE_VERSION='2.38'
PATH_SEPARATOR=':'
POSUB='po'
RANLIB='ranlib  --plugin /usr/lib/gcc/x86_64-linux-gnu/9/liblto_plugin.so'
SED='/bin/sed'
SET_MAKE=''
SHELL='/bin/bash'
STRIP='strip'
USE_NLS='yes'
VERSION='2.38'
WARN_CFLAGS='-W -Wall -Wstrict-prototypes -Wmissing-prototypes -Wshadow'
WARN_CFLAGS_FOR_BUILD='-W -Wall -Wstrict-prototypes -Wmissing-prototypes -Wshadow -Wstack-usage=262144'
WARN_WRITE_STRINGS='-Wwrite-strings'
XGETTEXT=':'
YACC='/src/binutils-2.38/missing bison -y'
YFLAGS=''
ac_ct_CC=''
ac_ct_DUMPBIN=''
am__EXEEXT_FALSE=''
am__EXEEXT_TRUE='#'
am__fastdepCC_FALSE='#'
am__fastdepCC_TRUE=''
am__include='include'
am__isrc=''
am__leading_dot='.'
am__nodep='_no'
am__quote=''
am__tar='$${TAR-tar} chof - "$$tardir"'
am__untar='$${TAR-tar} xf -'
atof='ieee'
bindir='${exec_prefix}/bin'
build='x86_64-pc-linux-gnu'
build_alias='x86_64-pc-linux-gnu'
build_cpu='x86_64'
build_os='linux-gnu'
build_vendor='pc'
cgen_cpu_prefix=''
datadir='${datarootdir}'
datarootdir='${prefix}/share'
do_compare='cmp --ignore-initial=16 $$f1 $$f2'
docdir='${datarootdir}/doc/${PACKAGE_TARNAME}'
dvidir='${docdir}'
exec_prefix='${prefix}'
extra_objects=''
host='x86_64-pc-linux-gnu'
host_alias='x86_64-pc-linux-gnu'
host_cpu='x86_64'
host_os='linux-gnu'
host_vendor='pc'
htmldir='${docdir}'
includedir='${prefix}/include'
infodir='${datarootdir}/info'
install_sh='${SHELL} /src/binutils-2.38/install-sh'
install_tooldir='install-exec-tooldir'
libdir='${exec_prefix}/lib'
libexecdir='${exec_prefix}/libexec'
localedir='${datarootdir}/locale'
localstatedir='${prefix}/var'
mandir='${datarootdir}/man'
mkdir_p='$(MKDIR_P)'
obj_format='elf'
oldincludedir='/usr/include'
pdfdir='${docdir}'
prefix='/usr/local'
program_transform_name='s,y,y,'
psdir='${docdir}'
sbindir='${exec_prefix}/sbin'
sharedstatedir='${prefix}/com'
sysconfdir='${prefix}/etc'
target='x86_64-pc-linux-gnu'
target_alias='x86_64-pc-linux-gnu'
target_cpu='x86_64'
target_cpu_type='i386'
target_os='linux-gnu'
target_vendor='pc'
te_file='linux'
zlibdir='-L$(top_builddir)/../zlib'
zlibinc='-I$(top_srcdir)/../zlib'

## ----------- ##
## confdefs.h. ##
## ----------- ##

/* confdefs.h */
#define PACKAGE_NAME "gas"
#define PACKAGE_TARNAME "gas"
#define PACKAGE_VERSION "2.38"
#define PACKAGE_STRING "gas 2.38"
#define PACKAGE_BUGREPORT ""
#define PACKAGE_URL ""
#define PACKAGE "gas"
#define VERSION "2.38"
#define STDC_HEADERS 1
#define HAVE_SYS_TYPES_H 1
#define HAVE_SYS_STAT_H 1
#define HAVE_STDLIB_H 1
#define HAVE_STRING_H 1
#define HAVE_MEMORY_H 1
#define HAVE_STRINGS_H 1
#define HAVE_INTTYPES_H 1
#define HAVE_STDINT_H 1
#define HAVE_UNISTD_H 1
#define __EXTENSIONS__ 1
#define _ALL_SOURCE 1
#define _GNU_SOURCE 1
#define _POSIX_PTHREAD_SEMANTICS 1
#define _TANDEM_SOURCE 1
#define HAVE_DLFCN_H 1
#define LT_OBJDIR ".libs/"
#define HAVE_DLFCN_H 1
#define DEFAULT_ARCH "x86_64"
#define DEFAULT_GENERATE_X86_RELAX_RELOCATIONS 1
#define DEFAULT_GENERATE_ELF_STT_COMMON 0
#define DEFAULT_GENERATE_BUILD_NOTES 0
#define DEFAULT_X86_USED_NOTE 1
#define DEFAULT_RISCV_ATTR 1
#define DEFAULT_MIPS_FIX_LOONGSON3_LLSC 0
#define DEFAULT_FLAG_COMPRESS_DEBUG 1
#define EMULATIONS  &i386elf,
#define DEFAULT_EMULATION "i386elf"
#define TARGET_ALIAS "x86_64-pc-linux-gnu"
#define TARGET_CANONICAL "x86_64-pc-linux-gnu"
#define TARGET_CPU "x86_64"
#define TARGET_VENDOR "pc"
#define TARGET_OS "linux-gnu"
#define ENABLE_NLS 1
#define HAVE_MEMORY_H 1
#define HAVE_SYS_STAT_H 1
#define HAVE_SYS_TYPES_H 1
#define HAVE_UNISTD_H 1
#define HAVE_STRSIGNAL 1
#define HAVE_LC_MESSAGES 1
#define HAVE_DECL_GETOPT 1
#define HAVE_DECL_ASPRINTF 1
#define HAVE_DECL_MEMPCPY 1
#define HAVE_DECL_STPCPY 1
#define HAVE_ST_MTIM_TV_SEC 1
#define HAVE_ST_MTIM_TV_NSEC 1

configure: exit 0
