This file contains any messages produced by compilers while
running configure, to aid debugging if configure makes a mistake.

It was created by zlib configure 1.1.4, which was
generated by GNU Autoconf 2.69.  Invocation command line was

  $ /src/binutils-2.38/zlib/configure --srcdir=.././zlib --cache-file=./config.cache --with-gnu-as --with-gnu-ld --disable-shared --program-transform-name=s,y,y, --disable-option-checking --build=x86_64-pc-linux-gnu --host=x86_64-pc-linux-gnu --target=x86_64-pc-linux-gnu

## --------- ##
## Platform. ##
## --------- ##

hostname = 465f78cd93c0
uname -m = x86_64
uname -r = 5.4.0-100-generic
uname -s = Linux
uname -v = #113-Ubuntu SMP Thu Feb 3 18:43:29 UTC 2022

/usr/bin/uname -p = unknown
/bin/uname -X     = unknown

/bin/arch              = unknown
/usr/bin/arch -k       = unknown
/usr/convex/getsysinfo = unknown
/usr/bin/hostinfo      = unknown
/bin/machine           = unknown
/usr/bin/oslevel       = unknown
/bin/universe          = unknown

PATH: /usr/local/sbin
PATH: /usr/local/bin
PATH: /usr/sbin
PATH: /usr/bin
PATH: /sbin
PATH: /bin
PATH: /out
PATH: /root/.go/bin
PATH: /root/go/bin
PATH: /rust/bin
PATH: /usr/lib/jvm/java-15-openjdk-amd64/bin


## ----------- ##
## Core tests. ##
## ----------- ##

configure:2151: creating cache ./config.cache
configure:2305: checking build system type
configure:2319: result: x86_64-pc-linux-gnu
configure:2339: checking host system type
configure:2352: result: x86_64-pc-linux-gnu
configure:2372: checking target system type
configure:2385: result: x86_64-pc-linux-gnu
configure:2433: checking for a BSD-compatible install
configure:2501: result: /usr/bin/install -c
configure:2512: checking whether build environment is sane
configure:2567: result: yes
configure:2718: checking for a thread-safe mkdir -p
configure:2757: result: /bin/mkdir -p
configure:2764: checking for gawk
configure:2791: result: mawk
configure:2802: checking whether make sets $(MAKE)
configure:2824: result: yes
configure:2853: checking whether make supports nested variables
configure:2870: result: yes
configure:3007: checking whether make supports nested variables
configure:3024: result: yes
configure:3037: checking whether to enable maintainer-specific portions of Makefiles
configure:3046: result: no
configure:3117: checking for x86_64-pc-linux-gnu-gcc
configure:3144: result: /afl/afl-clang-fast
configure:3413: checking for C compiler version
configure:3422: /afl/afl-clang-fast --version >&5
clang version 12.0.0 (https://github.com/llvm/llvm-project.git 6de4865545da73687dd6d28d153cd345ed5e7918)
Target: x86_64-unknown-linux-gnu
Thread model: posix
InstalledDir: /usr/local/bin
configure:3433: $? = 0
configure:3422: /afl/afl-clang-fast -v >&5
clang version 12.0.0 (https://github.com/llvm/llvm-project.git 6de4865545da73687dd6d28d153cd345ed5e7918)
Target: x86_64-unknown-linux-gnu
Thread model: posix
InstalledDir: /usr/local/bin
Found candidate GCC installation: /usr/lib/gcc/x86_64-linux-gnu/5
Found candidate GCC installation: /usr/lib/gcc/x86_64-linux-gnu/5.4.0
Found candidate GCC installation: /usr/lib/gcc/x86_64-linux-gnu/6
Found candidate GCC installation: /usr/lib/gcc/x86_64-linux-gnu/6.0.0
Found candidate GCC installation: /usr/lib/gcc/x86_64-linux-gnu/9
Selected GCC installation: /usr/lib/gcc/x86_64-linux-gnu/9
... rest of stderr output deleted ...
configure:3433: $? = 1
configure:3422: /afl/afl-clang-fast -V >&5
clang-12: error: unsupported option '-V -ldl'
configure:3433: $? = 1
configure:3422: /afl/afl-clang-fast -qversion >&5
clang-12: error: unknown argument '-qversion'; did you mean '--version'?
configure:3433: $? = 1
configure:3449: /afl/afl-clang-fast -o conftest       conftest.c  >&5
Inst main
configure:3452: $? = 0
configure:3481: checking whether the C compiler works
configure:3503: /afl/afl-clang-fast       conftest.c  >&5
Inst main
configure:3507: $? = 0
configure:3555: result: yes
configure:3558: checking for C compiler default output file name
configure:3560: result: a.out
configure:3566: checking for suffix of executables
configure:3573: /afl/afl-clang-fast -o conftest       conftest.c  >&5
Inst main
configure:3577: $? = 0
configure:3599: result: 
configure:3621: checking whether we are cross compiling
configure:3629: /afl/afl-clang-fast -o conftest       conftest.c  >&5
Inst main
configure:3633: $? = 0
configure:3640: ./conftest
configure:3644: $? = 0
configure:3659: result: no
configure:3665: checking for suffix of object files
configure:3687: /afl/afl-clang-fast -c     conftest.c >&5
Inst main
configure:3691: $? = 0
configure:3712: result: o
configure:3716: checking whether we are using the GNU C compiler
configure:3735: /afl/afl-clang-fast -c     conftest.c >&5
Inst main
configure:3735: $? = 0
configure:3744: result: yes
configure:3753: checking whether /afl/afl-clang-fast accepts -g
configure:3773: /afl/afl-clang-fast -c -g  conftest.c >&5
Inst main
configure:3773: $? = 0
configure: failed program was:
| /* confdefs.h */
| #define PACKAGE_NAME "zlib"
| #define PACKAGE_TARNAME "zlib"
| #define PACKAGE_VERSION "1.1.4"
| #define PACKAGE_STRING "zlib 1.1.4"
| #define PACKAGE_BUGREPORT ""
| #define PACKAGE_URL ""
| #define PACKAGE "zlib"
| #define VERSION "1.1.4"
| /* end confdefs.h.  */
| 
| int
| main ()
| {
| 
|   ;
|   return 0;
| }
configure:3788: /afl/afl-clang-fast -c   conftest.c >&5
Inst main
configure:3788: $? = 0
configure: failed program was:
| /* confdefs.h */
| #define PACKAGE_NAME "zlib"
| #define PACKAGE_TARNAME "zlib"
| #define PACKAGE_VERSION "1.1.4"
| #define PACKAGE_STRING "zlib 1.1.4"
| #define PACKAGE_BUGREPORT ""
| #define PACKAGE_URL ""
| #define PACKAGE "zlib"
| #define VERSION "1.1.4"
| /* end confdefs.h.  */
| 
| int
| main ()
| {
| 
|   ;
|   return 0;
| }
configure:3804: /afl/afl-clang-fast -c -g  conftest.c >&5
Inst main
configure:3804: $? = 0
configure:3814: result: yes
configure:3831: checking for /afl/afl-clang-fast option to accept ISO C89
configure:3894: /afl/afl-clang-fast  -c     conftest.c >&5
	argv_var_ptr
i8**	argv
Inst main
configure:3894: $? = 0
configure:3907: result: none needed
configure:3932: checking whether /afl/afl-clang-fast understands -c and -o together
configure:3954: /afl/afl-clang-fast -c conftest.c -o conftest2.o
Inst main
configure:3957: $? = 0
configure:3954: /afl/afl-clang-fast -c conftest.c -o conftest2.o
Inst main
configure:3957: $? = 0
configure:3969: result: yes
configure:3997: checking for style of include used by make
configure:4025: result: GNU
configure:4051: checking dependency style of /afl/afl-clang-fast
configure:4162: result: gcc3
configure:4227: checking how to print strings
configure:4254: result: printf
configure:4275: checking for a sed that does not truncate output
configure:4339: result: /bin/sed
configure:4357: checking for grep that handles long lines and -e
configure:4415: result: /bin/grep
configure:4420: checking for egrep
configure:4482: result: /bin/grep -E
configure:4487: checking for fgrep
configure:4549: result: /bin/grep -F
configure:4584: checking for ld used by /afl/afl-clang-fast
configure:4651: result: /usr/bin/ld
configure:4658: checking if the linker (/usr/bin/ld) is GNU ld
configure:4673: result: yes
configure:4685: checking for BSD- or MS-compatible name lister (nm)
configure:4735: result: /usr/bin/nm -B
configure:4865: checking the name lister (/usr/bin/nm -B) interface
configure:4872: /afl/afl-clang-fast -c     conftest.c >&5
configure:4875: /usr/bin/nm -B "conftest.o"
configure:4878: output
0000000000000000 B some_variable
configure:4885: result: BSD nm
configure:4888: checking whether ln -s works
configure:4892: result: yes
configure:4900: checking the maximum length of command line arguments
configure:5025: result: 1572864
configure:5042: checking whether the shell understands some XSI constructs
configure:5052: result: yes
configure:5056: checking whether the shell understands "+="
configure:5062: result: yes
configure:5097: checking for /usr/bin/ld option to reload object files
configure:5104: result: -r
configure:5133: checking for x86_64-pc-linux-gnu-objdump
configure:5160: result: objdump
configure:5232: checking how to recognize dependent libraries
configure:5433: result: pass_all
configure:5466: checking for x86_64-pc-linux-gnu-ar
configure:5493: result: ar 
configure:5561: WARNING: Failed: ar  --plugin /usr/lib/gcc/x86_64-linux-gnu/9/liblto_plugin.so rc
configure:5584: checking for x86_64-pc-linux-gnu-strip
configure:5614: result: no
configure:5624: checking for strip
configure:5640: found /usr/bin/strip
configure:5651: result: strip
configure:5683: checking for x86_64-pc-linux-gnu-ranlib
configure:5710: result: ranlib 
configure:5857: checking command to parse /usr/bin/nm -B output from /afl/afl-clang-fast object
configure:5975: /afl/afl-clang-fast -c     conftest.c >&5
	nm_test_var_var_ptr
i8	nm_test_var
Inst main
configure:5978: $? = 0
configure:5982: /usr/bin/nm -B conftest.o \| sed -n -e 's/^.*[ ]\([ABCDGIRSTW][ABCDGIRSTW]*\)[ ][ ]*\([_A-Za-z][_A-Za-z0-9]*\)$/\1 \2 \2/p' \> conftest.nm
configure:5985: $? = 0
configure:6039: /afl/afl-clang-fast -o conftest       conftest.c conftstm.o >&5
configure:6042: $? = 0
configure:6080: result: ok
configure:6176: /afl/afl-clang-fast -c     conftest.c >&5
configure:6179: $? = 0
configure:6938: checking how to run the C preprocessor
configure:6969: /afl/afl-clang-fast -E  conftest.c
configure:6969: $? = 0
configure:6983: /afl/afl-clang-fast -E  conftest.c
conftest.c:11:10: fatal error: 'ac_nonexistent.h' file not found
#include <ac_nonexistent.h>
         ^~~~~~~~~~~~~~~~~~
1 error generated.
configure:6983: $? = 1
configure: failed program was:
| /* confdefs.h */
| #define PACKAGE_NAME "zlib"
| #define PACKAGE_TARNAME "zlib"
| #define PACKAGE_VERSION "1.1.4"
| #define PACKAGE_STRING "zlib 1.1.4"
| #define PACKAGE_BUGREPORT ""
| #define PACKAGE_URL ""
| #define PACKAGE "zlib"
| #define VERSION "1.1.4"
| /* end confdefs.h.  */
| #include <ac_nonexistent.h>
configure:7008: result: /afl/afl-clang-fast -E
configure:7028: /afl/afl-clang-fast -E  conftest.c
configure:7028: $? = 0
configure:7042: /afl/afl-clang-fast -E  conftest.c
conftest.c:11:10: fatal error: 'ac_nonexistent.h' file not found
#include <ac_nonexistent.h>
         ^~~~~~~~~~~~~~~~~~
1 error generated.
configure:7042: $? = 1
configure: failed program was:
| /* confdefs.h */
| #define PACKAGE_NAME "zlib"
| #define PACKAGE_TARNAME "zlib"
| #define PACKAGE_VERSION "1.1.4"
| #define PACKAGE_STRING "zlib 1.1.4"
| #define PACKAGE_BUGREPORT ""
| #define PACKAGE_URL ""
| #define PACKAGE "zlib"
| #define VERSION "1.1.4"
| /* end confdefs.h.  */
| #include <ac_nonexistent.h>
configure:7071: checking for ANSI C header files
configure:7091: /afl/afl-clang-fast -c     conftest.c >&5
Inst main
configure:7091: $? = 0
configure:7164: /afl/afl-clang-fast -o conftest       conftest.c  >&5
Inst main
configure:7164: $? = 0
configure:7164: ./conftest
configure:7164: $? = 0
configure:7175: result: yes
configure:7188: checking for sys/types.h
configure:7188: /afl/afl-clang-fast -c     conftest.c >&5
configure:7188: $? = 0
configure:7188: result: yes
configure:7188: checking for sys/stat.h
configure:7188: /afl/afl-clang-fast -c     conftest.c >&5
configure:7188: $? = 0
configure:7188: result: yes
configure:7188: checking for stdlib.h
configure:7188: /afl/afl-clang-fast -c     conftest.c >&5
configure:7188: $? = 0
configure:7188: result: yes
configure:7188: checking for string.h
configure:7188: /afl/afl-clang-fast -c     conftest.c >&5
configure:7188: $? = 0
configure:7188: result: yes
configure:7188: checking for memory.h
configure:7188: /afl/afl-clang-fast -c     conftest.c >&5
configure:7188: $? = 0
configure:7188: result: yes
configure:7188: checking for strings.h
configure:7188: /afl/afl-clang-fast -c     conftest.c >&5
configure:7188: $? = 0
configure:7188: result: yes
configure:7188: checking for inttypes.h
configure:7188: /afl/afl-clang-fast -c     conftest.c >&5
configure:7188: $? = 0
configure:7188: result: yes
configure:7188: checking for stdint.h
configure:7188: /afl/afl-clang-fast -c     conftest.c >&5
configure:7188: $? = 0
configure:7188: result: yes
configure:7188: checking for unistd.h
configure:7188: /afl/afl-clang-fast -c     conftest.c >&5
configure:7188: $? = 0
configure:7188: result: yes
configure:7202: checking for dlfcn.h
configure:7202: /afl/afl-clang-fast -c     conftest.c >&5
configure:7202: $? = 0
configure:7202: result: yes
configure:7389: checking for objdir
configure:7404: result: .libs
configure:7675: checking if /afl/afl-clang-fast supports -fno-rtti -fno-exceptions
configure:7693: /afl/afl-clang-fast -c     -fno-rtti -fno-exceptions conftest.c >&5
configure:7697: $? = 0
configure:7710: result: yes
configure:7730: checking for /afl/afl-clang-fast option to produce PIC
configure:8016: result: -fPIC -DPIC
configure:8028: checking if /afl/afl-clang-fast PIC flag -fPIC -DPIC works
configure:8046: /afl/afl-clang-fast -c     -fPIC -DPIC -DPIC conftest.c >&5
configure:8050: $? = 0
configure:8063: result: yes
configure:8087: checking if /afl/afl-clang-fast static flag -static works
configure:8115: result: no
configure:8130: checking if /afl/afl-clang-fast supports -c -o file.o
configure:8151: /afl/afl-clang-fast -c     -o out/conftest2.o conftest.c >&5
configure:8155: $? = 0
configure:8177: result: yes
configure:8185: checking if /afl/afl-clang-fast supports -c -o file.o
configure:8232: result: yes
configure:8265: checking whether the /afl/afl-clang-fast linker (/usr/bin/ld -m elf_x86_64) supports shared libraries
configure:9345: result: yes
configure:9590: checking dynamic linker characteristics
configure:10034: /afl/afl-clang-fast -o conftest       -Wl,-rpath -Wl,/foo conftest.c  >&5
Inst main
configure:10034: $? = 0
configure:10256: result: GNU/Linux ld.so
configure:10363: checking how to hardcode library paths into programs
configure:10388: result: immediate
configure:10943: checking whether stripping libraries is possible
configure:10948: result: yes
configure:10983: checking if libtool supports shared libraries
configure:10985: result: yes
configure:10988: checking whether to build shared libraries
configure:11009: result: no
configure:11012: checking whether to build static libraries
configure:11016: result: yes
configure:11059: checking how to run the C preprocessor
configure:11129: result: /afl/afl-clang-fast -E
configure:11149: /afl/afl-clang-fast -E  conftest.c
configure:11149: $? = 0
configure:11163: /afl/afl-clang-fast -E  conftest.c
conftest.c:23:10: fatal error: 'ac_nonexistent.h' file not found
#include <ac_nonexistent.h>
         ^~~~~~~~~~~~~~~~~~
1 error generated.
configure:11163: $? = 1
configure: failed program was:
| /* confdefs.h */
| #define PACKAGE_NAME "zlib"
| #define PACKAGE_TARNAME "zlib"
| #define PACKAGE_VERSION "1.1.4"
| #define PACKAGE_STRING "zlib 1.1.4"
| #define PACKAGE_BUGREPORT ""
| #define PACKAGE_URL ""
| #define PACKAGE "zlib"
| #define VERSION "1.1.4"
| #define STDC_HEADERS 1
| #define HAVE_SYS_TYPES_H 1
| #define HAVE_SYS_STAT_H 1
| #define HAVE_STDLIB_H 1
| #define HAVE_STRING_H 1
| #define HAVE_MEMORY_H 1
| #define HAVE_STRINGS_H 1
| #define HAVE_INTTYPES_H 1
| #define HAVE_STDINT_H 1
| #define HAVE_UNISTD_H 1
| #define HAVE_DLFCN_H 1
| #define LT_OBJDIR ".libs/"
| /* end confdefs.h.  */
| #include <ac_nonexistent.h>
configure:11219: checking for stdlib.h
configure:11219: result: yes
configure:11219: checking for unistd.h
configure:11219: result: yes
configure:11219: checking for sys/param.h
configure:11219: /afl/afl-clang-fast -c     conftest.c >&5
configure:11219: $? = 0
configure:11219: result: yes
configure:11239: checking for getpagesize
configure:11239: /afl/afl-clang-fast -o conftest       conftest.c  >&5
Inst main
configure:11239: $? = 0
configure:11239: result: yes
configure:11248: checking for working mmap
configure:11395: /afl/afl-clang-fast -o conftest       conftest.c  >&5
Inst main
configure:11395: $? = 0
configure:11395: ./conftest
configure:11395: $? = 0
configure:11405: result: yes
configure:11418: checking for memcpy
configure:11418: /afl/afl-clang-fast -o conftest       conftest.c  >&5
conftest.c:51:6: warning: incompatible redeclaration of library function 'memcpy' [-Wincompatible-library-redeclaration]
char memcpy ();
     ^
conftest.c:51:6: note: 'memcpy' is a builtin with type 'void *(void *, const void *, unsigned long)'
Inst main
1 warning generated.
configure:11418: $? = 0
configure:11418: result: yes
configure:11418: checking for strerror
configure:11418: /afl/afl-clang-fast -o conftest       conftest.c  >&5
conftest.c:52:6: warning: incompatible redeclaration of library function 'strerror' [-Wincompatible-library-redeclaration]
char strerror ();
     ^
conftest.c:52:6: note: 'strerror' is a builtin with type 'char *(int)'
Inst main
1 warning generated.
configure:11418: $? = 0
configure:11418: result: yes
configure:11483: checking for unistd.h
configure:11483: result: yes
configure:11605: updating cache ./config.cache
configure:11685: checking that generated files are newer than configure
configure:11691: result: done
configure:11722: creating ./config.status

## ---------------------- ##
## Running config.status. ##
## ---------------------- ##

This file was extended by zlib config.status 1.1.4, which was
generated by GNU Autoconf 2.69.  Invocation command line was

  CONFIG_FILES    = 
  CONFIG_HEADERS  = 
  CONFIG_LINKS    = 
  CONFIG_COMMANDS = 
  $ ./config.status 

on 465f78cd93c0

config.status:1021: creating Makefile
config.status:1193: executing depfiles commands
config.status:1193: executing libtool commands

## ---------------- ##
## Cache variables. ##
## ---------------- ##

ac_cv_build=x86_64-pc-linux-gnu
ac_cv_c_compiler_gnu=yes
ac_cv_env_CPPFLAGS_set=
ac_cv_env_CPPFLAGS_value=
ac_cv_env_CPP_set=
ac_cv_env_CPP_value=
ac_cv_env_build_alias_set=set
ac_cv_env_build_alias_value=x86_64-pc-linux-gnu
ac_cv_env_host_alias_set=set
ac_cv_env_host_alias_value=x86_64-pc-linux-gnu
ac_cv_env_target_alias_set=set
ac_cv_env_target_alias_value=x86_64-pc-linux-gnu
ac_cv_func_getpagesize=yes
ac_cv_func_memcpy=yes
ac_cv_func_mmap_fixed_mapped=yes
ac_cv_func_strerror=yes
ac_cv_header_dlfcn_h=yes
ac_cv_header_inttypes_h=yes
ac_cv_header_memory_h=yes
ac_cv_header_stdc=yes
ac_cv_header_stdint_h=yes
ac_cv_header_stdlib_h=yes
ac_cv_header_string_h=yes
ac_cv_header_strings_h=yes
ac_cv_header_sys_param_h=yes
ac_cv_header_sys_stat_h=yes
ac_cv_header_sys_types_h=yes
ac_cv_header_unistd_h=yes
ac_cv_host=x86_64-pc-linux-gnu
ac_cv_objext=o
ac_cv_path_EGREP='/bin/grep -E'
ac_cv_path_FGREP='/bin/grep -F'
ac_cv_path_GREP=/bin/grep
ac_cv_path_SED=/bin/sed
ac_cv_path_mkdir=/bin/mkdir
ac_cv_prog_AR='ar '
ac_cv_prog_AWK=mawk
ac_cv_prog_CC=/afl/afl-clang-fast
ac_cv_prog_CPP='/afl/afl-clang-fast -E'
ac_cv_prog_OBJDUMP=objdump
ac_cv_prog_RANLIB='ranlib '
ac_cv_prog_ac_ct_STRIP=strip
ac_cv_prog_cc_c89=
ac_cv_prog_cc_g=yes
ac_cv_prog_make_make_set=yes
ac_cv_target=x86_64-pc-linux-gnu
am_cv_CC_dependencies_compiler_type=gcc3
am_cv_make_support_nested_variables=yes
am_cv_prog_cc_c_o=yes
lt_cv_deplibs_check_method=pass_all
lt_cv_file_magic_cmd='$MAGIC_CMD'
lt_cv_file_magic_test_file=
lt_cv_ld_reload_flag=-r
lt_cv_nm_interface='BSD nm'
lt_cv_objdir=.libs
lt_cv_path_LD=/usr/bin/ld
lt_cv_path_NM='/usr/bin/nm -B'
lt_cv_prog_compiler_c_o=yes
lt_cv_prog_compiler_pic_works=yes
lt_cv_prog_compiler_rtti_exceptions=yes
lt_cv_prog_compiler_static_works=no
lt_cv_prog_gnu_ld=yes
lt_cv_shlibpath_overrides_runpath=no
lt_cv_sys_global_symbol_pipe='sed -n -e '\''s/^.*[	 ]\([ABCDGIRSTW][ABCDGIRSTW]*\)[	 ][	 ]*\([_A-Za-z][_A-Za-z0-9]*\)$/\1 \2 \2/p'\'''
lt_cv_sys_global_symbol_to_c_name_address='sed -n -e '\''s/^: \([^ ]*\) $/  {\"\1\", (void *) 0},/p'\'' -e '\''s/^[ABCDGIRSTW]* \([^ ]*\) \([^ ]*\)$/  {"\2", (void *) \&\2},/p'\'''
lt_cv_sys_global_symbol_to_c_name_address_lib_prefix='sed -n -e '\''s/^: \([^ ]*\) $/  {\"\1\", (void *) 0},/p'\'' -e '\''s/^[ABCDGIRSTW]* \([^ ]*\) \(lib[^ ]*\)$/  {"\2", (void *) \&\2},/p'\'' -e '\''s/^[ABCDGIRSTW]* \([^ ]*\) \([^ ]*\)$/  {"lib\2", (void *) \&\2},/p'\'''
lt_cv_sys_global_symbol_to_cdecl='sed -n -e '\''s/^T .* \(.*\)$/extern int \1();/p'\'' -e '\''s/^[ABCDGIRSTW]* .* \(.*\)$/extern char \1;/p'\'''
lt_cv_sys_max_cmd_len=1572864

## ----------------- ##
## Output variables. ##
## ----------------- ##

ACLOCAL='${SHELL} /src/binutils-2.38/missing aclocal-1.15'
AMDEPBACKSLASH='\'
AMDEP_FALSE='#'
AMDEP_TRUE=''
AMTAR='$${TAR-tar}'
AM_BACKSLASH='\'
AM_DEFAULT_V='$(AM_DEFAULT_VERBOSITY)'
AM_DEFAULT_VERBOSITY='0'
AM_V='$(V)'
AR='ar '
AUTOCONF='${SHELL} /src/binutils-2.38/missing autoconf'
AUTOHEADER='${SHELL} /src/binutils-2.38/missing autoheader'
AUTOMAKE='${SHELL} /src/binutils-2.38/missing automake-1.15'
AWK='mawk'
CC='/afl/afl-clang-fast'
CCDEPMODE='depmode=gcc3'
CFLAGS='  '
COMPPATH='.'
CPP='/afl/afl-clang-fast -E'
CPPFLAGS=''
CYGPATH_W='echo'
DEFS='-DPACKAGE_NAME=\"zlib\" -DPACKAGE_TARNAME=\"zlib\" -DPACKAGE_VERSION=\"1.1.4\" -DPACKAGE_STRING=\"zlib\ 1.1.4\" -DPACKAGE_BUGREPORT=\"\" -DPACKAGE_URL=\"\" -DPACKAGE=\"zlib\" -DVERSION=\"1.1.4\" -DSTDC_HEADERS=1 -DHAVE_SYS_TYPES_H=1 -DHAVE_SYS_STAT_H=1 -DHAVE_STDLIB_H=1 -DHAVE_STRING_H=1 -DHAVE_MEMORY_H=1 -DHAVE_STRINGS_H=1 -DHAVE_INTTYPES_H=1 -DHAVE_STDINT_H=1 -DHAVE_UNISTD_H=1 -DHAVE_DLFCN_H=1 -DLT_OBJDIR=\".libs/\" -DHAVE_STDLIB_H=1 -DHAVE_UNISTD_H=1 -DHAVE_SYS_PARAM_H=1 -DHAVE_GETPAGESIZE=1 -DHAVE_MMAP=1 -DHAVE_MEMCPY=1 -DHAVE_STRERROR=1 -DHAVE_UNISTD_H=1'
DEPDIR='.deps'
DSYMUTIL='@DSYMUTIL@'
DUMPBIN=''
ECHO_C=''
ECHO_N='-n'
ECHO_T=''
EGREP='/bin/grep -E'
EXEEXT=''
FGREP='/bin/grep -F'
GREP='/bin/grep'
INSTALL_DATA='/usr/bin/install -c -m 644'
INSTALL_PROGRAM='/usr/bin/install -c'
INSTALL_SCRIPT='/usr/bin/install -c'
INSTALL_STRIP_PROGRAM='$(install_sh) -c -s'
LD='/usr/bin/ld -m elf_x86_64'
LDFLAGS=' '
LIBOBJS=''
LIBS=''
LIBTOOL='$(SHELL) $(top_builddir)/libtool'
LIPO=''
LN_S='ln -s'
LTLIBOBJS=''
MAINT='#'
MAINTAINER_MODE_FALSE=''
MAINTAINER_MODE_TRUE='#'
MAKEINFO='/src/binutils-2.38/missing makeinfo --split-size=5000000'
MKDIR_P='/bin/mkdir -p'
NM='/usr/bin/nm -B'
NMEDIT=''
OBJDUMP='objdump'
OBJEXT='o'
OTOOL64=''
OTOOL='@OTOOL@'
PACKAGE='zlib'
PACKAGE_BUGREPORT=''
PACKAGE_NAME='zlib'
PACKAGE_STRING='zlib 1.1.4'
PACKAGE_TARNAME='zlib'
PACKAGE_URL=''
PACKAGE_VERSION='1.1.4'
PATH_SEPARATOR=':'
PICFLAG=''
RANLIB='ranlib  --plugin /usr/lib/gcc/x86_64-linux-gnu/9/liblto_plugin.so'
SED='/bin/sed'
SET_MAKE=''
SHELL='/bin/bash'
STRIP='strip'
TARGET_LIBRARY_FALSE=''
TARGET_LIBRARY_TRUE='#'
VERSION='1.1.4'
ac_ct_CC=''
ac_ct_DUMPBIN=''
am__EXEEXT_FALSE=''
am__EXEEXT_TRUE='#'
am__fastdepCC_FALSE='#'
am__fastdepCC_TRUE=''
am__include='include'
am__isrc=''
am__leading_dot='.'
am__nodep='_no'
am__quote=''
am__tar='$${TAR-tar} chof - "$$tardir"'
am__untar='$${TAR-tar} xf -'
bindir='${exec_prefix}/bin'
build='x86_64-pc-linux-gnu'
build_alias='x86_64-pc-linux-gnu'
build_cpu='x86_64'
build_os='linux-gnu'
build_vendor='pc'
datadir='${datarootdir}'
datarootdir='${prefix}/share'
docdir='${datarootdir}/doc/${PACKAGE_TARNAME}'
dvidir='${docdir}'
exec_prefix='${prefix}'
host='x86_64-pc-linux-gnu'
host_alias='x86_64-pc-linux-gnu'
host_cpu='x86_64'
host_os='linux-gnu'
host_vendor='pc'
htmldir='${docdir}'
includedir='${prefix}/include'
infodir='${datarootdir}/info'
install_sh='${SHELL} /src/binutils-2.38/install-sh'
libdir='${exec_prefix}/lib'
libexecdir='${exec_prefix}/libexec'
localedir='${datarootdir}/locale'
localstatedir='${prefix}/var'
mandir='${datarootdir}/man'
mkdir_p='$(MKDIR_P)'
mkinstalldirs='/src/binutils-2.38/mkinstalldirs'
multi_basedir=''
oldincludedir='/usr/include'
pdfdir='${docdir}'
prefix='/usr/local'
program_transform_name='s,y,y,'
psdir='${docdir}'
sbindir='${exec_prefix}/sbin'
sharedstatedir='${prefix}/com'
sysconfdir='${prefix}/etc'
target='x86_64-pc-linux-gnu'
target_alias='x86_64-pc-linux-gnu'
target_all='libzgcj.la'
target_cpu='x86_64'
target_os='linux-gnu'
target_vendor='pc'
toolexecdir='$(libdir)/gcc-lib/$(target_alias)'
toolexeclibdir='$(libdir)'

## ----------- ##
## confdefs.h. ##
## ----------- ##

/* confdefs.h */
#define PACKAGE_NAME "zlib"
#define PACKAGE_TARNAME "zlib"
#define PACKAGE_VERSION "1.1.4"
#define PACKAGE_STRING "zlib 1.1.4"
#define PACKAGE_BUGREPORT ""
#define PACKAGE_URL ""
#define PACKAGE "zlib"
#define VERSION "1.1.4"
#define STDC_HEADERS 1
#define HAVE_SYS_TYPES_H 1
#define HAVE_SYS_STAT_H 1
#define HAVE_STDLIB_H 1
#define HAVE_STRING_H 1
#define HAVE_MEMORY_H 1
#define HAVE_STRINGS_H 1
#define HAVE_INTTYPES_H 1
#define HAVE_STDINT_H 1
#define HAVE_UNISTD_H 1
#define HAVE_DLFCN_H 1
#define LT_OBJDIR ".libs/"
#define HAVE_STDLIB_H 1
#define HAVE_UNISTD_H 1
#define HAVE_SYS_PARAM_H 1
#define HAVE_GETPAGESIZE 1
#define HAVE_MMAP 1
#define HAVE_MEMCPY 1
#define HAVE_STRERROR 1
#define HAVE_UNISTD_H 1

configure: exit 0
